[2025-02-22T06:09:10.991+0000] {processor.py:186} INFO - Started process (PID=63) to work on /opt/airflow/dags/hello_airflow.py
[2025-02-22T06:09:11.181+0000] {processor.py:914} INFO - Processing file /opt/airflow/dags/hello_airflow.py for tasks to queue
[2025-02-22T06:09:11.388+0000] {logging_mixin.py:190} INFO - [2025-02-22T06:09:11.388+0000] {dagbag.py:588} INFO - Filling up the DagBag from /opt/airflow/dags/hello_airflow.py
[2025-02-22T06:09:14.206+0000] {processor.py:925} INFO - DAG(s) 'hello_airflow' retrieved from /opt/airflow/dags/hello_airflow.py
[2025-02-22T06:09:14.422+0000] {logging_mixin.py:190} INFO - [2025-02-22T06:09:14.422+0000] {dag.py:3239} INFO - Sync 1 DAGs
[2025-02-22T06:09:14.730+0000] {logging_mixin.py:190} INFO - [2025-02-22T06:09:14.729+0000] {dag.py:4180} INFO - Setting next_dagrun for hello_airflow to 2025-02-20 10:00:00+00:00, run_after=2025-02-21 10:00:00+00:00
[2025-02-22T06:09:15.180+0000] {processor.py:208} INFO - Processing /opt/airflow/dags/hello_airflow.py took 4.307 seconds
[2025-02-22T06:09:46.024+0000] {processor.py:186} INFO - Started process (PID=64) to work on /opt/airflow/dags/hello_airflow.py
[2025-02-22T06:09:46.030+0000] {processor.py:914} INFO - Processing file /opt/airflow/dags/hello_airflow.py for tasks to queue
[2025-02-22T06:09:46.040+0000] {logging_mixin.py:190} INFO - [2025-02-22T06:09:46.039+0000] {dagbag.py:588} INFO - Filling up the DagBag from /opt/airflow/dags/hello_airflow.py
[2025-02-22T06:09:46.137+0000] {processor.py:925} INFO - DAG(s) 'hello_airflow' retrieved from /opt/airflow/dags/hello_airflow.py
[2025-02-22T06:09:46.279+0000] {logging_mixin.py:190} INFO - [2025-02-22T06:09:46.269+0000] {dag.py:3239} INFO - Sync 1 DAGs
[2025-02-22T06:09:46.444+0000] {logging_mixin.py:190} INFO - [2025-02-22T06:09:46.443+0000] {dag.py:4180} INFO - Setting next_dagrun for hello_airflow to 2025-02-20 10:00:00+00:00, run_after=2025-02-21 10:00:00+00:00
[2025-02-22T06:09:46.605+0000] {processor.py:208} INFO - Processing /opt/airflow/dags/hello_airflow.py took 0.616 seconds
[2025-02-22T06:10:08.164+0000] {processor.py:186} INFO - Started process (PID=65) to work on /opt/airflow/dags/hello_airflow.py
[2025-02-22T06:10:08.166+0000] {processor.py:914} INFO - Processing file /opt/airflow/dags/hello_airflow.py for tasks to queue
[2025-02-22T06:10:08.181+0000] {logging_mixin.py:190} INFO - [2025-02-22T06:10:08.180+0000] {dagbag.py:588} INFO - Filling up the DagBag from /opt/airflow/dags/hello_airflow.py
[2025-02-22T06:10:08.281+0000] {processor.py:925} INFO - DAG(s) 'hello_airflow' retrieved from /opt/airflow/dags/hello_airflow.py
[2025-02-22T06:10:08.412+0000] {logging_mixin.py:190} INFO - [2025-02-22T06:10:08.412+0000] {dag.py:3239} INFO - Sync 1 DAGs
[2025-02-22T06:10:08.586+0000] {logging_mixin.py:190} INFO - [2025-02-22T06:10:08.585+0000] {dag.py:4180} INFO - Setting next_dagrun for hello_airflow to 2025-02-20 10:00:00+00:00, run_after=2025-02-21 10:00:00+00:00
[2025-02-22T06:10:08.753+0000] {processor.py:208} INFO - Processing /opt/airflow/dags/hello_airflow.py took 0.615 seconds
[2025-02-22T06:10:39.724+0000] {processor.py:186} INFO - Started process (PID=66) to work on /opt/airflow/dags/hello_airflow.py
[2025-02-22T06:10:39.728+0000] {processor.py:914} INFO - Processing file /opt/airflow/dags/hello_airflow.py for tasks to queue
[2025-02-22T06:10:39.739+0000] {logging_mixin.py:190} INFO - [2025-02-22T06:10:39.737+0000] {dagbag.py:588} INFO - Filling up the DagBag from /opt/airflow/dags/hello_airflow.py
[2025-02-22T06:10:40.027+0000] {processor.py:925} INFO - DAG(s) 'hello_airflow' retrieved from /opt/airflow/dags/hello_airflow.py
[2025-02-22T06:10:40.150+0000] {logging_mixin.py:190} INFO - [2025-02-22T06:10:40.150+0000] {dag.py:3239} INFO - Sync 1 DAGs
[2025-02-22T06:10:40.310+0000] {logging_mixin.py:190} INFO - [2025-02-22T06:10:40.308+0000] {dag.py:4180} INFO - Setting next_dagrun for hello_airflow to 2025-02-20 10:00:00+00:00, run_after=2025-02-21 10:00:00+00:00
[2025-02-22T06:10:40.410+0000] {processor.py:208} INFO - Processing /opt/airflow/dags/hello_airflow.py took 0.716 seconds
[2025-02-22T06:11:10.866+0000] {processor.py:186} INFO - Started process (PID=67) to work on /opt/airflow/dags/hello_airflow.py
[2025-02-22T06:11:10.870+0000] {processor.py:914} INFO - Processing file /opt/airflow/dags/hello_airflow.py for tasks to queue
[2025-02-22T06:11:10.876+0000] {logging_mixin.py:190} INFO - [2025-02-22T06:11:10.875+0000] {dagbag.py:588} INFO - Filling up the DagBag from /opt/airflow/dags/hello_airflow.py
[2025-02-22T06:11:10.916+0000] {processor.py:925} INFO - DAG(s) 'hello_airflow' retrieved from /opt/airflow/dags/hello_airflow.py
[2025-02-22T06:11:10.976+0000] {logging_mixin.py:190} INFO - [2025-02-22T06:11:10.975+0000] {dag.py:3239} INFO - Sync 1 DAGs
[2025-02-22T06:11:11.032+0000] {logging_mixin.py:190} INFO - [2025-02-22T06:11:11.032+0000] {dag.py:4180} INFO - Setting next_dagrun for hello_airflow to 2025-02-20 10:00:00+00:00, run_after=2025-02-21 10:00:00+00:00
[2025-02-22T06:11:11.086+0000] {processor.py:208} INFO - Processing /opt/airflow/dags/hello_airflow.py took 0.236 seconds
[2025-02-22T06:11:41.282+0000] {processor.py:186} INFO - Started process (PID=68) to work on /opt/airflow/dags/hello_airflow.py
[2025-02-22T06:11:41.284+0000] {processor.py:914} INFO - Processing file /opt/airflow/dags/hello_airflow.py for tasks to queue
[2025-02-22T06:11:41.293+0000] {logging_mixin.py:190} INFO - [2025-02-22T06:11:41.292+0000] {dagbag.py:588} INFO - Filling up the DagBag from /opt/airflow/dags/hello_airflow.py
[2025-02-22T06:11:41.332+0000] {processor.py:925} INFO - DAG(s) 'hello_airflow' retrieved from /opt/airflow/dags/hello_airflow.py
[2025-02-22T06:11:41.369+0000] {logging_mixin.py:190} INFO - [2025-02-22T06:11:41.369+0000] {dag.py:3239} INFO - Sync 1 DAGs
[2025-02-22T06:11:41.417+0000] {logging_mixin.py:190} INFO - [2025-02-22T06:11:41.415+0000] {dag.py:4180} INFO - Setting next_dagrun for hello_airflow to 2025-02-20 10:00:00+00:00, run_after=2025-02-21 10:00:00+00:00
[2025-02-22T06:11:41.465+0000] {processor.py:208} INFO - Processing /opt/airflow/dags/hello_airflow.py took 0.195 seconds
[2025-02-22T06:12:11.940+0000] {processor.py:186} INFO - Started process (PID=69) to work on /opt/airflow/dags/hello_airflow.py
[2025-02-22T06:12:11.952+0000] {processor.py:914} INFO - Processing file /opt/airflow/dags/hello_airflow.py for tasks to queue
[2025-02-22T06:12:11.969+0000] {logging_mixin.py:190} INFO - [2025-02-22T06:12:11.968+0000] {dagbag.py:588} INFO - Filling up the DagBag from /opt/airflow/dags/hello_airflow.py
[2025-02-22T06:12:12.033+0000] {processor.py:925} INFO - DAG(s) 'hello_airflow' retrieved from /opt/airflow/dags/hello_airflow.py
[2025-02-22T06:12:12.179+0000] {logging_mixin.py:190} INFO - [2025-02-22T06:12:12.178+0000] {dag.py:3239} INFO - Sync 1 DAGs
[2025-02-22T06:12:12.407+0000] {logging_mixin.py:190} INFO - [2025-02-22T06:12:12.407+0000] {dag.py:4180} INFO - Setting next_dagrun for hello_airflow to 2025-02-20 10:00:00+00:00, run_after=2025-02-21 10:00:00+00:00
[2025-02-22T06:12:12.567+0000] {processor.py:208} INFO - Processing /opt/airflow/dags/hello_airflow.py took 0.650 seconds
[2025-02-22T06:12:45.055+0000] {processor.py:186} INFO - Started process (PID=70) to work on /opt/airflow/dags/hello_airflow.py
[2025-02-22T06:12:45.104+0000] {processor.py:914} INFO - Processing file /opt/airflow/dags/hello_airflow.py for tasks to queue
[2025-02-22T06:12:45.123+0000] {logging_mixin.py:190} INFO - [2025-02-22T06:12:45.122+0000] {dagbag.py:588} INFO - Filling up the DagBag from /opt/airflow/dags/hello_airflow.py
[2025-02-22T06:12:46.292+0000] {processor.py:925} INFO - DAG(s) 'hello_airflow' retrieved from /opt/airflow/dags/hello_airflow.py
[2025-02-22T06:12:46.457+0000] {logging_mixin.py:190} INFO - [2025-02-22T06:12:46.456+0000] {dag.py:3239} INFO - Sync 1 DAGs
[2025-02-22T06:12:46.659+0000] {logging_mixin.py:190} INFO - [2025-02-22T06:12:46.659+0000] {dag.py:4180} INFO - Setting next_dagrun for hello_airflow to 2025-02-20 10:00:00+00:00, run_after=2025-02-21 10:00:00+00:00
[2025-02-22T06:12:46.936+0000] {processor.py:208} INFO - Processing /opt/airflow/dags/hello_airflow.py took 1.905 seconds
[2025-02-22T06:13:18.427+0000] {processor.py:186} INFO - Started process (PID=71) to work on /opt/airflow/dags/hello_airflow.py
[2025-02-22T06:13:18.448+0000] {processor.py:914} INFO - Processing file /opt/airflow/dags/hello_airflow.py for tasks to queue
[2025-02-22T06:13:18.470+0000] {logging_mixin.py:190} INFO - [2025-02-22T06:13:18.469+0000] {dagbag.py:588} INFO - Filling up the DagBag from /opt/airflow/dags/hello_airflow.py
[2025-02-22T06:13:18.864+0000] {processor.py:925} INFO - DAG(s) 'hello_airflow' retrieved from /opt/airflow/dags/hello_airflow.py
[2025-02-22T06:13:19.016+0000] {logging_mixin.py:190} INFO - [2025-02-22T06:13:19.015+0000] {dag.py:3239} INFO - Sync 1 DAGs
[2025-02-22T06:13:19.195+0000] {logging_mixin.py:190} INFO - [2025-02-22T06:13:19.194+0000] {dag.py:4180} INFO - Setting next_dagrun for hello_airflow to 2025-02-20 10:00:00+00:00, run_after=2025-02-21 10:00:00+00:00
[2025-02-22T06:13:19.454+0000] {processor.py:208} INFO - Processing /opt/airflow/dags/hello_airflow.py took 1.060 seconds
[2025-02-22T06:13:50.487+0000] {processor.py:186} INFO - Started process (PID=72) to work on /opt/airflow/dags/hello_airflow.py
[2025-02-22T06:13:50.499+0000] {processor.py:914} INFO - Processing file /opt/airflow/dags/hello_airflow.py for tasks to queue
[2025-02-22T06:13:50.505+0000] {logging_mixin.py:190} INFO - [2025-02-22T06:13:50.503+0000] {dagbag.py:588} INFO - Filling up the DagBag from /opt/airflow/dags/hello_airflow.py
[2025-02-22T06:13:50.557+0000] {processor.py:925} INFO - DAG(s) 'hello_airflow' retrieved from /opt/airflow/dags/hello_airflow.py
[2025-02-22T06:13:50.657+0000] {logging_mixin.py:190} INFO - [2025-02-22T06:13:50.656+0000] {dag.py:3239} INFO - Sync 1 DAGs
[2025-02-22T06:13:50.779+0000] {logging_mixin.py:190} INFO - [2025-02-22T06:13:50.779+0000] {dag.py:4180} INFO - Setting next_dagrun for hello_airflow to 2025-02-20 10:00:00+00:00, run_after=2025-02-21 10:00:00+00:00
[2025-02-22T06:13:50.906+0000] {processor.py:208} INFO - Processing /opt/airflow/dags/hello_airflow.py took 0.442 seconds
[2025-02-22T06:14:21.169+0000] {processor.py:186} INFO - Started process (PID=73) to work on /opt/airflow/dags/hello_airflow.py
[2025-02-22T06:14:21.171+0000] {processor.py:914} INFO - Processing file /opt/airflow/dags/hello_airflow.py for tasks to queue
[2025-02-22T06:14:21.176+0000] {logging_mixin.py:190} INFO - [2025-02-22T06:14:21.175+0000] {dagbag.py:588} INFO - Filling up the DagBag from /opt/airflow/dags/hello_airflow.py
[2025-02-22T06:14:21.222+0000] {processor.py:925} INFO - DAG(s) 'hello_airflow' retrieved from /opt/airflow/dags/hello_airflow.py
[2025-02-22T06:14:21.294+0000] {logging_mixin.py:190} INFO - [2025-02-22T06:14:21.292+0000] {dag.py:3239} INFO - Sync 1 DAGs
[2025-02-22T06:14:21.378+0000] {logging_mixin.py:190} INFO - [2025-02-22T06:14:21.378+0000] {dag.py:4180} INFO - Setting next_dagrun for hello_airflow to 2025-02-20 10:00:00+00:00, run_after=2025-02-21 10:00:00+00:00
[2025-02-22T06:14:21.472+0000] {processor.py:208} INFO - Processing /opt/airflow/dags/hello_airflow.py took 0.319 seconds
[2025-02-22T06:14:51.741+0000] {processor.py:186} INFO - Started process (PID=74) to work on /opt/airflow/dags/hello_airflow.py
[2025-02-22T06:14:51.743+0000] {processor.py:914} INFO - Processing file /opt/airflow/dags/hello_airflow.py for tasks to queue
[2025-02-22T06:14:51.748+0000] {logging_mixin.py:190} INFO - [2025-02-22T06:14:51.747+0000] {dagbag.py:588} INFO - Filling up the DagBag from /opt/airflow/dags/hello_airflow.py
[2025-02-22T06:14:51.806+0000] {processor.py:925} INFO - DAG(s) 'hello_airflow' retrieved from /opt/airflow/dags/hello_airflow.py
[2025-02-22T06:14:51.932+0000] {logging_mixin.py:190} INFO - [2025-02-22T06:14:51.932+0000] {dag.py:3239} INFO - Sync 1 DAGs
[2025-02-22T06:14:52.076+0000] {logging_mixin.py:190} INFO - [2025-02-22T06:14:52.075+0000] {dag.py:4180} INFO - Setting next_dagrun for hello_airflow to 2025-02-20 10:00:00+00:00, run_after=2025-02-21 10:00:00+00:00
[2025-02-22T06:14:52.163+0000] {processor.py:208} INFO - Processing /opt/airflow/dags/hello_airflow.py took 0.451 seconds
[2025-02-22T06:15:22.461+0000] {processor.py:186} INFO - Started process (PID=75) to work on /opt/airflow/dags/hello_airflow.py
[2025-02-22T06:15:22.463+0000] {processor.py:914} INFO - Processing file /opt/airflow/dags/hello_airflow.py for tasks to queue
[2025-02-22T06:15:22.478+0000] {logging_mixin.py:190} INFO - [2025-02-22T06:15:22.477+0000] {dagbag.py:588} INFO - Filling up the DagBag from /opt/airflow/dags/hello_airflow.py
[2025-02-22T06:15:22.549+0000] {processor.py:925} INFO - DAG(s) 'hello_airflow' retrieved from /opt/airflow/dags/hello_airflow.py
[2025-02-22T06:15:22.709+0000] {logging_mixin.py:190} INFO - [2025-02-22T06:15:22.708+0000] {dag.py:3239} INFO - Sync 1 DAGs
[2025-02-22T06:15:22.883+0000] {logging_mixin.py:190} INFO - [2025-02-22T06:15:22.883+0000] {dag.py:4180} INFO - Setting next_dagrun for hello_airflow to 2025-02-20 10:00:00+00:00, run_after=2025-02-21 10:00:00+00:00
[2025-02-22T06:15:22.999+0000] {processor.py:208} INFO - Processing /opt/airflow/dags/hello_airflow.py took 0.565 seconds
[2025-02-22T06:15:53.287+0000] {processor.py:186} INFO - Started process (PID=76) to work on /opt/airflow/dags/hello_airflow.py
[2025-02-22T06:15:53.289+0000] {processor.py:914} INFO - Processing file /opt/airflow/dags/hello_airflow.py for tasks to queue
[2025-02-22T06:15:53.292+0000] {logging_mixin.py:190} INFO - [2025-02-22T06:15:53.292+0000] {dagbag.py:588} INFO - Filling up the DagBag from /opt/airflow/dags/hello_airflow.py
[2025-02-22T06:15:53.342+0000] {processor.py:925} INFO - DAG(s) 'hello_airflow' retrieved from /opt/airflow/dags/hello_airflow.py
[2025-02-22T06:15:53.371+0000] {logging_mixin.py:190} INFO - [2025-02-22T06:15:53.370+0000] {dag.py:3239} INFO - Sync 1 DAGs
[2025-02-22T06:15:53.408+0000] {logging_mixin.py:190} INFO - [2025-02-22T06:15:53.408+0000] {dag.py:4180} INFO - Setting next_dagrun for hello_airflow to 2025-02-20 10:00:00+00:00, run_after=2025-02-21 10:00:00+00:00
[2025-02-22T06:15:53.457+0000] {processor.py:208} INFO - Processing /opt/airflow/dags/hello_airflow.py took 0.183 seconds
[2025-02-22T06:16:23.744+0000] {processor.py:186} INFO - Started process (PID=77) to work on /opt/airflow/dags/hello_airflow.py
[2025-02-22T06:16:23.745+0000] {processor.py:914} INFO - Processing file /opt/airflow/dags/hello_airflow.py for tasks to queue
[2025-02-22T06:16:23.749+0000] {logging_mixin.py:190} INFO - [2025-02-22T06:16:23.748+0000] {dagbag.py:588} INFO - Filling up the DagBag from /opt/airflow/dags/hello_airflow.py
[2025-02-22T06:16:23.774+0000] {processor.py:925} INFO - DAG(s) 'hello_airflow' retrieved from /opt/airflow/dags/hello_airflow.py
[2025-02-22T06:16:23.806+0000] {logging_mixin.py:190} INFO - [2025-02-22T06:16:23.806+0000] {dag.py:3239} INFO - Sync 1 DAGs
[2025-02-22T06:16:23.838+0000] {logging_mixin.py:190} INFO - [2025-02-22T06:16:23.838+0000] {dag.py:4180} INFO - Setting next_dagrun for hello_airflow to 2025-02-20 10:00:00+00:00, run_after=2025-02-21 10:00:00+00:00
[2025-02-22T06:16:23.873+0000] {processor.py:208} INFO - Processing /opt/airflow/dags/hello_airflow.py took 0.139 seconds
[2025-02-22T06:16:54.016+0000] {processor.py:186} INFO - Started process (PID=78) to work on /opt/airflow/dags/hello_airflow.py
[2025-02-22T06:16:54.017+0000] {processor.py:914} INFO - Processing file /opt/airflow/dags/hello_airflow.py for tasks to queue
[2025-02-22T06:16:54.022+0000] {logging_mixin.py:190} INFO - [2025-02-22T06:16:54.021+0000] {dagbag.py:588} INFO - Filling up the DagBag from /opt/airflow/dags/hello_airflow.py
[2025-02-22T06:16:54.048+0000] {processor.py:925} INFO - DAG(s) 'hello_airflow' retrieved from /opt/airflow/dags/hello_airflow.py
[2025-02-22T06:16:54.084+0000] {logging_mixin.py:190} INFO - [2025-02-22T06:16:54.084+0000] {dag.py:3239} INFO - Sync 1 DAGs
[2025-02-22T06:16:54.117+0000] {logging_mixin.py:190} INFO - [2025-02-22T06:16:54.117+0000] {dag.py:4180} INFO - Setting next_dagrun for hello_airflow to 2025-02-20 10:00:00+00:00, run_after=2025-02-21 10:00:00+00:00
[2025-02-22T06:16:54.151+0000] {processor.py:208} INFO - Processing /opt/airflow/dags/hello_airflow.py took 0.144 seconds
[2025-02-22T06:17:24.315+0000] {processor.py:186} INFO - Started process (PID=79) to work on /opt/airflow/dags/hello_airflow.py
[2025-02-22T06:17:24.316+0000] {processor.py:914} INFO - Processing file /opt/airflow/dags/hello_airflow.py for tasks to queue
[2025-02-22T06:17:24.319+0000] {logging_mixin.py:190} INFO - [2025-02-22T06:17:24.319+0000] {dagbag.py:588} INFO - Filling up the DagBag from /opt/airflow/dags/hello_airflow.py
[2025-02-22T06:17:24.347+0000] {processor.py:925} INFO - DAG(s) 'hello_airflow' retrieved from /opt/airflow/dags/hello_airflow.py
[2025-02-22T06:17:24.381+0000] {logging_mixin.py:190} INFO - [2025-02-22T06:17:24.381+0000] {dag.py:3239} INFO - Sync 1 DAGs
[2025-02-22T06:17:24.424+0000] {logging_mixin.py:190} INFO - [2025-02-22T06:17:24.424+0000] {dag.py:4180} INFO - Setting next_dagrun for hello_airflow to 2025-02-20 10:00:00+00:00, run_after=2025-02-21 10:00:00+00:00
[2025-02-22T06:17:24.460+0000] {processor.py:208} INFO - Processing /opt/airflow/dags/hello_airflow.py took 0.157 seconds
[2025-02-22T06:17:54.661+0000] {processor.py:186} INFO - Started process (PID=80) to work on /opt/airflow/dags/hello_airflow.py
[2025-02-22T06:17:54.663+0000] {processor.py:914} INFO - Processing file /opt/airflow/dags/hello_airflow.py for tasks to queue
[2025-02-22T06:17:54.666+0000] {logging_mixin.py:190} INFO - [2025-02-22T06:17:54.665+0000] {dagbag.py:588} INFO - Filling up the DagBag from /opt/airflow/dags/hello_airflow.py
[2025-02-22T06:17:54.692+0000] {processor.py:925} INFO - DAG(s) 'hello_airflow' retrieved from /opt/airflow/dags/hello_airflow.py
[2025-02-22T06:17:54.722+0000] {logging_mixin.py:190} INFO - [2025-02-22T06:17:54.722+0000] {dag.py:3239} INFO - Sync 1 DAGs
[2025-02-22T06:17:54.754+0000] {logging_mixin.py:190} INFO - [2025-02-22T06:17:54.754+0000] {dag.py:4180} INFO - Setting next_dagrun for hello_airflow to 2025-02-20 10:00:00+00:00, run_after=2025-02-21 10:00:00+00:00
[2025-02-22T06:17:54.790+0000] {processor.py:208} INFO - Processing /opt/airflow/dags/hello_airflow.py took 0.137 seconds
[2025-02-22T06:18:25.134+0000] {processor.py:186} INFO - Started process (PID=81) to work on /opt/airflow/dags/hello_airflow.py
[2025-02-22T06:18:25.136+0000] {processor.py:914} INFO - Processing file /opt/airflow/dags/hello_airflow.py for tasks to queue
[2025-02-22T06:18:25.162+0000] {logging_mixin.py:190} INFO - [2025-02-22T06:18:25.152+0000] {dagbag.py:588} INFO - Filling up the DagBag from /opt/airflow/dags/hello_airflow.py
[2025-02-22T06:18:25.208+0000] {processor.py:925} INFO - DAG(s) 'hello_airflow' retrieved from /opt/airflow/dags/hello_airflow.py
[2025-02-22T06:18:25.305+0000] {logging_mixin.py:190} INFO - [2025-02-22T06:18:25.304+0000] {dag.py:3239} INFO - Sync 1 DAGs
[2025-02-22T06:18:25.403+0000] {logging_mixin.py:190} INFO - [2025-02-22T06:18:25.402+0000] {dag.py:4180} INFO - Setting next_dagrun for hello_airflow to 2025-02-20 10:00:00+00:00, run_after=2025-02-21 10:00:00+00:00
[2025-02-22T06:18:25.478+0000] {processor.py:208} INFO - Processing /opt/airflow/dags/hello_airflow.py took 0.366 seconds
[2025-02-22T06:18:55.710+0000] {processor.py:186} INFO - Started process (PID=82) to work on /opt/airflow/dags/hello_airflow.py
[2025-02-22T06:18:55.712+0000] {processor.py:914} INFO - Processing file /opt/airflow/dags/hello_airflow.py for tasks to queue
[2025-02-22T06:18:55.717+0000] {logging_mixin.py:190} INFO - [2025-02-22T06:18:55.716+0000] {dagbag.py:588} INFO - Filling up the DagBag from /opt/airflow/dags/hello_airflow.py
[2025-02-22T06:18:55.779+0000] {processor.py:925} INFO - DAG(s) 'hello_airflow' retrieved from /opt/airflow/dags/hello_airflow.py
[2025-02-22T06:18:55.859+0000] {logging_mixin.py:190} INFO - [2025-02-22T06:18:55.859+0000] {dag.py:3239} INFO - Sync 1 DAGs
[2025-02-22T06:18:55.896+0000] {logging_mixin.py:190} INFO - [2025-02-22T06:18:55.896+0000] {dag.py:4180} INFO - Setting next_dagrun for hello_airflow to 2025-02-20 10:00:00+00:00, run_after=2025-02-21 10:00:00+00:00
[2025-02-22T06:18:55.930+0000] {processor.py:208} INFO - Processing /opt/airflow/dags/hello_airflow.py took 0.250 seconds
[2025-02-22T06:19:26.089+0000] {processor.py:186} INFO - Started process (PID=83) to work on /opt/airflow/dags/hello_airflow.py
[2025-02-22T06:19:26.090+0000] {processor.py:914} INFO - Processing file /opt/airflow/dags/hello_airflow.py for tasks to queue
[2025-02-22T06:19:26.094+0000] {logging_mixin.py:190} INFO - [2025-02-22T06:19:26.093+0000] {dagbag.py:588} INFO - Filling up the DagBag from /opt/airflow/dags/hello_airflow.py
[2025-02-22T06:19:26.124+0000] {processor.py:925} INFO - DAG(s) 'hello_airflow' retrieved from /opt/airflow/dags/hello_airflow.py
[2025-02-22T06:19:26.165+0000] {logging_mixin.py:190} INFO - [2025-02-22T06:19:26.164+0000] {dag.py:3239} INFO - Sync 1 DAGs
[2025-02-22T06:19:26.209+0000] {logging_mixin.py:190} INFO - [2025-02-22T06:19:26.209+0000] {dag.py:4180} INFO - Setting next_dagrun for hello_airflow to 2025-02-20 10:00:00+00:00, run_after=2025-02-21 10:00:00+00:00
[2025-02-22T06:19:26.270+0000] {processor.py:208} INFO - Processing /opt/airflow/dags/hello_airflow.py took 0.189 seconds
[2025-02-22T06:19:56.554+0000] {processor.py:186} INFO - Started process (PID=84) to work on /opt/airflow/dags/hello_airflow.py
[2025-02-22T06:19:56.556+0000] {processor.py:914} INFO - Processing file /opt/airflow/dags/hello_airflow.py for tasks to queue
[2025-02-22T06:19:56.560+0000] {logging_mixin.py:190} INFO - [2025-02-22T06:19:56.559+0000] {dagbag.py:588} INFO - Filling up the DagBag from /opt/airflow/dags/hello_airflow.py
[2025-02-22T06:19:56.586+0000] {processor.py:925} INFO - DAG(s) 'hello_airflow' retrieved from /opt/airflow/dags/hello_airflow.py
[2025-02-22T06:19:56.616+0000] {logging_mixin.py:190} INFO - [2025-02-22T06:19:56.615+0000] {dag.py:3239} INFO - Sync 1 DAGs
[2025-02-22T06:19:56.647+0000] {logging_mixin.py:190} INFO - [2025-02-22T06:19:56.646+0000] {dag.py:4180} INFO - Setting next_dagrun for hello_airflow to 2025-02-20 10:00:00+00:00, run_after=2025-02-21 10:00:00+00:00
[2025-02-22T06:19:56.680+0000] {processor.py:208} INFO - Processing /opt/airflow/dags/hello_airflow.py took 0.134 seconds
[2025-02-22T06:20:26.915+0000] {processor.py:186} INFO - Started process (PID=85) to work on /opt/airflow/dags/hello_airflow.py
[2025-02-22T06:20:26.916+0000] {processor.py:914} INFO - Processing file /opt/airflow/dags/hello_airflow.py for tasks to queue
[2025-02-22T06:20:26.920+0000] {logging_mixin.py:190} INFO - [2025-02-22T06:20:26.919+0000] {dagbag.py:588} INFO - Filling up the DagBag from /opt/airflow/dags/hello_airflow.py
[2025-02-22T06:20:26.946+0000] {processor.py:925} INFO - DAG(s) 'hello_airflow' retrieved from /opt/airflow/dags/hello_airflow.py
[2025-02-22T06:20:26.975+0000] {logging_mixin.py:190} INFO - [2025-02-22T06:20:26.975+0000] {dag.py:3239} INFO - Sync 1 DAGs
[2025-02-22T06:20:27.007+0000] {logging_mixin.py:190} INFO - [2025-02-22T06:20:27.006+0000] {dag.py:4180} INFO - Setting next_dagrun for hello_airflow to 2025-02-20 10:00:00+00:00, run_after=2025-02-21 10:00:00+00:00
[2025-02-22T06:20:27.039+0000] {processor.py:208} INFO - Processing /opt/airflow/dags/hello_airflow.py took 0.133 seconds
[2025-02-22T06:20:57.200+0000] {processor.py:186} INFO - Started process (PID=86) to work on /opt/airflow/dags/hello_airflow.py
[2025-02-22T06:20:57.201+0000] {processor.py:914} INFO - Processing file /opt/airflow/dags/hello_airflow.py for tasks to queue
[2025-02-22T06:20:57.205+0000] {logging_mixin.py:190} INFO - [2025-02-22T06:20:57.204+0000] {dagbag.py:588} INFO - Filling up the DagBag from /opt/airflow/dags/hello_airflow.py
[2025-02-22T06:20:57.255+0000] {processor.py:925} INFO - DAG(s) 'hello_airflow' retrieved from /opt/airflow/dags/hello_airflow.py
[2025-02-22T06:20:57.379+0000] {logging_mixin.py:190} INFO - [2025-02-22T06:20:57.370+0000] {dag.py:3239} INFO - Sync 1 DAGs
[2025-02-22T06:20:57.548+0000] {logging_mixin.py:190} INFO - [2025-02-22T06:20:57.548+0000] {dag.py:4180} INFO - Setting next_dagrun for hello_airflow to 2025-02-20 10:00:00+00:00, run_after=2025-02-21 10:00:00+00:00
[2025-02-22T06:20:57.626+0000] {processor.py:208} INFO - Processing /opt/airflow/dags/hello_airflow.py took 0.437 seconds
[2025-02-22T06:21:27.799+0000] {processor.py:186} INFO - Started process (PID=87) to work on /opt/airflow/dags/hello_airflow.py
[2025-02-22T06:21:27.801+0000] {processor.py:914} INFO - Processing file /opt/airflow/dags/hello_airflow.py for tasks to queue
[2025-02-22T06:21:27.805+0000] {logging_mixin.py:190} INFO - [2025-02-22T06:21:27.804+0000] {dagbag.py:588} INFO - Filling up the DagBag from /opt/airflow/dags/hello_airflow.py
[2025-02-22T06:21:27.833+0000] {processor.py:925} INFO - DAG(s) 'hello_airflow' retrieved from /opt/airflow/dags/hello_airflow.py
[2025-02-22T06:21:27.870+0000] {logging_mixin.py:190} INFO - [2025-02-22T06:21:27.869+0000] {dag.py:3239} INFO - Sync 1 DAGs
[2025-02-22T06:21:27.903+0000] {logging_mixin.py:190} INFO - [2025-02-22T06:21:27.902+0000] {dag.py:4180} INFO - Setting next_dagrun for hello_airflow to 2025-02-20 10:00:00+00:00, run_after=2025-02-21 10:00:00+00:00
[2025-02-22T06:21:27.938+0000] {processor.py:208} INFO - Processing /opt/airflow/dags/hello_airflow.py took 0.151 seconds
[2025-02-22T06:21:58.096+0000] {processor.py:186} INFO - Started process (PID=88) to work on /opt/airflow/dags/hello_airflow.py
[2025-02-22T06:21:58.097+0000] {processor.py:914} INFO - Processing file /opt/airflow/dags/hello_airflow.py for tasks to queue
[2025-02-22T06:21:58.100+0000] {logging_mixin.py:190} INFO - [2025-02-22T06:21:58.100+0000] {dagbag.py:588} INFO - Filling up the DagBag from /opt/airflow/dags/hello_airflow.py
[2025-02-22T06:21:58.129+0000] {processor.py:925} INFO - DAG(s) 'hello_airflow' retrieved from /opt/airflow/dags/hello_airflow.py
[2025-02-22T06:21:58.158+0000] {logging_mixin.py:190} INFO - [2025-02-22T06:21:58.158+0000] {dag.py:3239} INFO - Sync 1 DAGs
[2025-02-22T06:21:58.190+0000] {logging_mixin.py:190} INFO - [2025-02-22T06:21:58.190+0000] {dag.py:4180} INFO - Setting next_dagrun for hello_airflow to 2025-02-20 10:00:00+00:00, run_after=2025-02-21 10:00:00+00:00
[2025-02-22T06:21:58.225+0000] {processor.py:208} INFO - Processing /opt/airflow/dags/hello_airflow.py took 0.138 seconds
[2025-02-22T06:22:28.461+0000] {processor.py:186} INFO - Started process (PID=89) to work on /opt/airflow/dags/hello_airflow.py
[2025-02-22T06:22:28.463+0000] {processor.py:914} INFO - Processing file /opt/airflow/dags/hello_airflow.py for tasks to queue
[2025-02-22T06:22:28.467+0000] {logging_mixin.py:190} INFO - [2025-02-22T06:22:28.466+0000] {dagbag.py:588} INFO - Filling up the DagBag from /opt/airflow/dags/hello_airflow.py
[2025-02-22T06:22:28.500+0000] {processor.py:925} INFO - DAG(s) 'hello_airflow' retrieved from /opt/airflow/dags/hello_airflow.py
[2025-02-22T06:22:28.543+0000] {logging_mixin.py:190} INFO - [2025-02-22T06:22:28.543+0000] {dag.py:3239} INFO - Sync 1 DAGs
[2025-02-22T06:22:28.654+0000] {logging_mixin.py:190} INFO - [2025-02-22T06:22:28.653+0000] {dag.py:4180} INFO - Setting next_dagrun for hello_airflow to 2025-02-20 10:00:00+00:00, run_after=2025-02-21 10:00:00+00:00
[2025-02-22T06:22:28.711+0000] {processor.py:208} INFO - Processing /opt/airflow/dags/hello_airflow.py took 0.257 seconds
[2025-02-22T06:22:58.958+0000] {processor.py:186} INFO - Started process (PID=90) to work on /opt/airflow/dags/hello_airflow.py
[2025-02-22T06:22:58.960+0000] {processor.py:914} INFO - Processing file /opt/airflow/dags/hello_airflow.py for tasks to queue
[2025-02-22T06:22:58.965+0000] {logging_mixin.py:190} INFO - [2025-02-22T06:22:58.964+0000] {dagbag.py:588} INFO - Filling up the DagBag from /opt/airflow/dags/hello_airflow.py
[2025-02-22T06:22:58.997+0000] {processor.py:925} INFO - DAG(s) 'hello_airflow' retrieved from /opt/airflow/dags/hello_airflow.py
[2025-02-22T06:22:59.026+0000] {logging_mixin.py:190} INFO - [2025-02-22T06:22:59.026+0000] {dag.py:3239} INFO - Sync 1 DAGs
[2025-02-22T06:22:59.058+0000] {logging_mixin.py:190} INFO - [2025-02-22T06:22:59.058+0000] {dag.py:4180} INFO - Setting next_dagrun for hello_airflow to 2025-02-20 10:00:00+00:00, run_after=2025-02-21 10:00:00+00:00
[2025-02-22T06:22:59.093+0000] {processor.py:208} INFO - Processing /opt/airflow/dags/hello_airflow.py took 0.152 seconds
[2025-02-22T06:23:29.386+0000] {processor.py:186} INFO - Started process (PID=91) to work on /opt/airflow/dags/hello_airflow.py
[2025-02-22T06:23:29.387+0000] {processor.py:914} INFO - Processing file /opt/airflow/dags/hello_airflow.py for tasks to queue
[2025-02-22T06:23:29.390+0000] {logging_mixin.py:190} INFO - [2025-02-22T06:23:29.390+0000] {dagbag.py:588} INFO - Filling up the DagBag from /opt/airflow/dags/hello_airflow.py
[2025-02-22T06:23:29.417+0000] {processor.py:925} INFO - DAG(s) 'hello_airflow' retrieved from /opt/airflow/dags/hello_airflow.py
[2025-02-22T06:23:29.446+0000] {logging_mixin.py:190} INFO - [2025-02-22T06:23:29.446+0000] {dag.py:3239} INFO - Sync 1 DAGs
[2025-02-22T06:23:29.478+0000] {logging_mixin.py:190} INFO - [2025-02-22T06:23:29.478+0000] {dag.py:4180} INFO - Setting next_dagrun for hello_airflow to 2025-02-20 10:00:00+00:00, run_after=2025-02-21 10:00:00+00:00
[2025-02-22T06:23:29.511+0000] {processor.py:208} INFO - Processing /opt/airflow/dags/hello_airflow.py took 0.133 seconds
[2025-02-22T06:23:59.727+0000] {processor.py:186} INFO - Started process (PID=92) to work on /opt/airflow/dags/hello_airflow.py
[2025-02-22T06:23:59.729+0000] {processor.py:914} INFO - Processing file /opt/airflow/dags/hello_airflow.py for tasks to queue
[2025-02-22T06:23:59.733+0000] {logging_mixin.py:190} INFO - [2025-02-22T06:23:59.733+0000] {dagbag.py:588} INFO - Filling up the DagBag from /opt/airflow/dags/hello_airflow.py
[2025-02-22T06:23:59.760+0000] {processor.py:925} INFO - DAG(s) 'hello_airflow' retrieved from /opt/airflow/dags/hello_airflow.py
[2025-02-22T06:23:59.802+0000] {logging_mixin.py:190} INFO - [2025-02-22T06:23:59.801+0000] {dag.py:3239} INFO - Sync 1 DAGs
[2025-02-22T06:23:59.839+0000] {logging_mixin.py:190} INFO - [2025-02-22T06:23:59.839+0000] {dag.py:4180} INFO - Setting next_dagrun for hello_airflow to 2025-02-20 10:00:00+00:00, run_after=2025-02-21 10:00:00+00:00
[2025-02-22T06:23:59.877+0000] {processor.py:208} INFO - Processing /opt/airflow/dags/hello_airflow.py took 0.163 seconds
[2025-02-22T06:24:30.096+0000] {processor.py:186} INFO - Started process (PID=93) to work on /opt/airflow/dags/hello_airflow.py
[2025-02-22T06:24:30.097+0000] {processor.py:914} INFO - Processing file /opt/airflow/dags/hello_airflow.py for tasks to queue
[2025-02-22T06:24:30.104+0000] {logging_mixin.py:190} INFO - [2025-02-22T06:24:30.103+0000] {dagbag.py:588} INFO - Filling up the DagBag from /opt/airflow/dags/hello_airflow.py
[2025-02-22T06:24:30.132+0000] {processor.py:925} INFO - DAG(s) 'hello_airflow' retrieved from /opt/airflow/dags/hello_airflow.py
[2025-02-22T06:24:30.168+0000] {logging_mixin.py:190} INFO - [2025-02-22T06:24:30.167+0000] {dag.py:3239} INFO - Sync 1 DAGs
[2025-02-22T06:24:30.209+0000] {logging_mixin.py:190} INFO - [2025-02-22T06:24:30.208+0000] {dag.py:4180} INFO - Setting next_dagrun for hello_airflow to 2025-02-20 10:00:00+00:00, run_after=2025-02-21 10:00:00+00:00
[2025-02-22T06:24:30.247+0000] {processor.py:208} INFO - Processing /opt/airflow/dags/hello_airflow.py took 0.161 seconds
[2025-02-22T06:25:00.450+0000] {processor.py:186} INFO - Started process (PID=94) to work on /opt/airflow/dags/hello_airflow.py
[2025-02-22T06:25:00.451+0000] {processor.py:914} INFO - Processing file /opt/airflow/dags/hello_airflow.py for tasks to queue
[2025-02-22T06:25:00.455+0000] {logging_mixin.py:190} INFO - [2025-02-22T06:25:00.455+0000] {dagbag.py:588} INFO - Filling up the DagBag from /opt/airflow/dags/hello_airflow.py
[2025-02-22T06:25:00.484+0000] {processor.py:925} INFO - DAG(s) 'hello_airflow' retrieved from /opt/airflow/dags/hello_airflow.py
[2025-02-22T06:25:00.519+0000] {logging_mixin.py:190} INFO - [2025-02-22T06:25:00.519+0000] {dag.py:3239} INFO - Sync 1 DAGs
[2025-02-22T06:25:00.552+0000] {logging_mixin.py:190} INFO - [2025-02-22T06:25:00.552+0000] {dag.py:4180} INFO - Setting next_dagrun for hello_airflow to 2025-02-20 10:00:00+00:00, run_after=2025-02-21 10:00:00+00:00
[2025-02-22T06:25:00.586+0000] {processor.py:208} INFO - Processing /opt/airflow/dags/hello_airflow.py took 0.144 seconds
[2025-02-22T06:25:30.782+0000] {processor.py:186} INFO - Started process (PID=95) to work on /opt/airflow/dags/hello_airflow.py
[2025-02-22T06:25:30.783+0000] {processor.py:914} INFO - Processing file /opt/airflow/dags/hello_airflow.py for tasks to queue
[2025-02-22T06:25:30.787+0000] {logging_mixin.py:190} INFO - [2025-02-22T06:25:30.787+0000] {dagbag.py:588} INFO - Filling up the DagBag from /opt/airflow/dags/hello_airflow.py
[2025-02-22T06:25:30.815+0000] {processor.py:925} INFO - DAG(s) 'hello_airflow' retrieved from /opt/airflow/dags/hello_airflow.py
[2025-02-22T06:25:30.844+0000] {logging_mixin.py:190} INFO - [2025-02-22T06:25:30.844+0000] {dag.py:3239} INFO - Sync 1 DAGs
[2025-02-22T06:25:30.875+0000] {logging_mixin.py:190} INFO - [2025-02-22T06:25:30.874+0000] {dag.py:4180} INFO - Setting next_dagrun for hello_airflow to 2025-02-20 10:00:00+00:00, run_after=2025-02-21 10:00:00+00:00
[2025-02-22T06:25:30.907+0000] {processor.py:208} INFO - Processing /opt/airflow/dags/hello_airflow.py took 0.134 seconds
[2025-02-22T06:25:57.389+0000] {processor.py:186} INFO - Started process (PID=28) to work on /opt/airflow/dags/hello_airflow.py
[2025-02-22T06:25:57.391+0000] {processor.py:914} INFO - Processing file /opt/airflow/dags/hello_airflow.py for tasks to queue
[2025-02-22T06:25:57.394+0000] {logging_mixin.py:190} INFO - [2025-02-22T06:25:57.394+0000] {dagbag.py:588} INFO - Filling up the DagBag from /opt/airflow/dags/hello_airflow.py
[2025-02-22T06:25:57.419+0000] {processor.py:925} INFO - DAG(s) 'hello_airflow' retrieved from /opt/airflow/dags/hello_airflow.py
[2025-02-22T06:25:57.460+0000] {logging_mixin.py:190} INFO - [2025-02-22T06:25:57.460+0000] {dag.py:3239} INFO - Sync 1 DAGs
[2025-02-22T06:25:57.503+0000] {logging_mixin.py:190} INFO - [2025-02-22T06:25:57.502+0000] {dag.py:4180} INFO - Setting next_dagrun for hello_airflow to 2025-02-20 10:00:00+00:00, run_after=2025-02-21 10:00:00+00:00
[2025-02-22T06:25:57.545+0000] {processor.py:208} INFO - Processing /opt/airflow/dags/hello_airflow.py took 0.163 seconds
[2025-02-22T06:26:28.613+0000] {processor.py:186} INFO - Started process (PID=30) to work on /opt/airflow/dags/hello_airflow.py
[2025-02-22T06:26:28.614+0000] {processor.py:914} INFO - Processing file /opt/airflow/dags/hello_airflow.py for tasks to queue
[2025-02-22T06:26:28.618+0000] {logging_mixin.py:190} INFO - [2025-02-22T06:26:28.618+0000] {dagbag.py:588} INFO - Filling up the DagBag from /opt/airflow/dags/hello_airflow.py
[2025-02-22T06:26:28.647+0000] {processor.py:925} INFO - DAG(s) 'hello_airflow' retrieved from /opt/airflow/dags/hello_airflow.py
[2025-02-22T06:26:28.689+0000] {logging_mixin.py:190} INFO - [2025-02-22T06:26:28.689+0000] {dag.py:3239} INFO - Sync 1 DAGs
[2025-02-22T06:26:28.728+0000] {logging_mixin.py:190} INFO - [2025-02-22T06:26:28.728+0000] {dag.py:4180} INFO - Setting next_dagrun for hello_airflow to 2025-02-20 10:00:00+00:00, run_after=2025-02-21 10:00:00+00:00
[2025-02-22T06:26:28.760+0000] {processor.py:208} INFO - Processing /opt/airflow/dags/hello_airflow.py took 0.156 seconds
[2025-02-22T06:26:59.125+0000] {processor.py:186} INFO - Started process (PID=31) to work on /opt/airflow/dags/hello_airflow.py
[2025-02-22T06:26:59.126+0000] {processor.py:914} INFO - Processing file /opt/airflow/dags/hello_airflow.py for tasks to queue
[2025-02-22T06:26:59.132+0000] {logging_mixin.py:190} INFO - [2025-02-22T06:26:59.132+0000] {dagbag.py:588} INFO - Filling up the DagBag from /opt/airflow/dags/hello_airflow.py
[2025-02-22T06:26:59.172+0000] {processor.py:925} INFO - DAG(s) 'hello_airflow' retrieved from /opt/airflow/dags/hello_airflow.py
[2025-02-22T06:26:59.218+0000] {logging_mixin.py:190} INFO - [2025-02-22T06:26:59.218+0000] {dag.py:3239} INFO - Sync 1 DAGs
[2025-02-22T06:26:59.264+0000] {logging_mixin.py:190} INFO - [2025-02-22T06:26:59.263+0000] {dag.py:4180} INFO - Setting next_dagrun for hello_airflow to 2025-02-20 10:00:00+00:00, run_after=2025-02-21 10:00:00+00:00
[2025-02-22T06:26:59.306+0000] {processor.py:208} INFO - Processing /opt/airflow/dags/hello_airflow.py took 0.194 seconds
[2025-02-22T06:27:29.604+0000] {processor.py:186} INFO - Started process (PID=32) to work on /opt/airflow/dags/hello_airflow.py
[2025-02-22T06:27:29.606+0000] {processor.py:914} INFO - Processing file /opt/airflow/dags/hello_airflow.py for tasks to queue
[2025-02-22T06:27:29.610+0000] {logging_mixin.py:190} INFO - [2025-02-22T06:27:29.609+0000] {dagbag.py:588} INFO - Filling up the DagBag from /opt/airflow/dags/hello_airflow.py
[2025-02-22T06:27:29.641+0000] {processor.py:925} INFO - DAG(s) 'hello_airflow' retrieved from /opt/airflow/dags/hello_airflow.py
[2025-02-22T06:27:29.676+0000] {logging_mixin.py:190} INFO - [2025-02-22T06:27:29.676+0000] {dag.py:3239} INFO - Sync 1 DAGs
[2025-02-22T06:27:29.715+0000] {logging_mixin.py:190} INFO - [2025-02-22T06:27:29.715+0000] {dag.py:4180} INFO - Setting next_dagrun for hello_airflow to 2025-02-20 10:00:00+00:00, run_after=2025-02-21 10:00:00+00:00
[2025-02-22T06:27:29.752+0000] {processor.py:208} INFO - Processing /opt/airflow/dags/hello_airflow.py took 0.156 seconds
[2025-02-22T06:28:00.064+0000] {processor.py:186} INFO - Started process (PID=33) to work on /opt/airflow/dags/hello_airflow.py
[2025-02-22T06:28:00.066+0000] {processor.py:914} INFO - Processing file /opt/airflow/dags/hello_airflow.py for tasks to queue
[2025-02-22T06:28:00.069+0000] {logging_mixin.py:190} INFO - [2025-02-22T06:28:00.069+0000] {dagbag.py:588} INFO - Filling up the DagBag from /opt/airflow/dags/hello_airflow.py
[2025-02-22T06:28:00.095+0000] {processor.py:925} INFO - DAG(s) 'hello_airflow' retrieved from /opt/airflow/dags/hello_airflow.py
[2025-02-22T06:28:00.124+0000] {logging_mixin.py:190} INFO - [2025-02-22T06:28:00.124+0000] {dag.py:3239} INFO - Sync 1 DAGs
[2025-02-22T06:28:00.158+0000] {logging_mixin.py:190} INFO - [2025-02-22T06:28:00.157+0000] {dag.py:4180} INFO - Setting next_dagrun for hello_airflow to 2025-02-20 10:00:00+00:00, run_after=2025-02-21 10:00:00+00:00
[2025-02-22T06:28:00.191+0000] {processor.py:208} INFO - Processing /opt/airflow/dags/hello_airflow.py took 0.134 seconds
[2025-02-22T06:28:30.871+0000] {processor.py:186} INFO - Started process (PID=34) to work on /opt/airflow/dags/hello_airflow.py
[2025-02-22T06:28:30.872+0000] {processor.py:914} INFO - Processing file /opt/airflow/dags/hello_airflow.py for tasks to queue
[2025-02-22T06:28:30.876+0000] {logging_mixin.py:190} INFO - [2025-02-22T06:28:30.875+0000] {dagbag.py:588} INFO - Filling up the DagBag from /opt/airflow/dags/hello_airflow.py
[2025-02-22T06:28:30.914+0000] {processor.py:925} INFO - DAG(s) 'hello_airflow' retrieved from /opt/airflow/dags/hello_airflow.py
[2025-02-22T06:28:30.949+0000] {logging_mixin.py:190} INFO - [2025-02-22T06:28:30.949+0000] {dag.py:3239} INFO - Sync 1 DAGs
[2025-02-22T06:28:30.999+0000] {logging_mixin.py:190} INFO - [2025-02-22T06:28:30.998+0000] {dag.py:4180} INFO - Setting next_dagrun for hello_airflow to 2025-02-20 10:00:00+00:00, run_after=2025-02-21 10:00:00+00:00
[2025-02-22T06:28:31.070+0000] {processor.py:208} INFO - Processing /opt/airflow/dags/hello_airflow.py took 0.212 seconds
[2025-02-22T06:29:01.332+0000] {processor.py:186} INFO - Started process (PID=35) to work on /opt/airflow/dags/hello_airflow.py
[2025-02-22T06:29:01.334+0000] {processor.py:914} INFO - Processing file /opt/airflow/dags/hello_airflow.py for tasks to queue
[2025-02-22T06:29:01.337+0000] {logging_mixin.py:190} INFO - [2025-02-22T06:29:01.337+0000] {dagbag.py:588} INFO - Filling up the DagBag from /opt/airflow/dags/hello_airflow.py
[2025-02-22T06:29:01.371+0000] {processor.py:925} INFO - DAG(s) 'hello_airflow' retrieved from /opt/airflow/dags/hello_airflow.py
[2025-02-22T06:29:01.410+0000] {logging_mixin.py:190} INFO - [2025-02-22T06:29:01.409+0000] {dag.py:3239} INFO - Sync 1 DAGs
[2025-02-22T06:29:01.452+0000] {logging_mixin.py:190} INFO - [2025-02-22T06:29:01.451+0000] {dag.py:4180} INFO - Setting next_dagrun for hello_airflow to 2025-02-20 10:00:00+00:00, run_after=2025-02-21 10:00:00+00:00
[2025-02-22T06:29:01.497+0000] {processor.py:208} INFO - Processing /opt/airflow/dags/hello_airflow.py took 0.174 seconds
[2025-02-22T06:29:32.282+0000] {processor.py:186} INFO - Started process (PID=36) to work on /opt/airflow/dags/hello_airflow.py
[2025-02-22T06:29:32.284+0000] {processor.py:914} INFO - Processing file /opt/airflow/dags/hello_airflow.py for tasks to queue
[2025-02-22T06:29:32.295+0000] {logging_mixin.py:190} INFO - [2025-02-22T06:29:32.294+0000] {dagbag.py:588} INFO - Filling up the DagBag from /opt/airflow/dags/hello_airflow.py
[2025-02-22T06:29:32.354+0000] {processor.py:925} INFO - DAG(s) 'hello_airflow' retrieved from /opt/airflow/dags/hello_airflow.py
[2025-02-22T06:29:32.424+0000] {logging_mixin.py:190} INFO - [2025-02-22T06:29:32.424+0000] {dag.py:3239} INFO - Sync 1 DAGs
[2025-02-22T06:29:32.510+0000] {logging_mixin.py:190} INFO - [2025-02-22T06:29:32.509+0000] {dag.py:4180} INFO - Setting next_dagrun for hello_airflow to 2025-02-20 10:00:00+00:00, run_after=2025-02-21 10:00:00+00:00
[2025-02-22T06:29:32.613+0000] {processor.py:208} INFO - Processing /opt/airflow/dags/hello_airflow.py took 0.352 seconds
[2025-02-22T06:30:02.968+0000] {processor.py:186} INFO - Started process (PID=37) to work on /opt/airflow/dags/hello_airflow.py
[2025-02-22T06:30:02.973+0000] {processor.py:914} INFO - Processing file /opt/airflow/dags/hello_airflow.py for tasks to queue
[2025-02-22T06:30:02.978+0000] {logging_mixin.py:190} INFO - [2025-02-22T06:30:02.977+0000] {dagbag.py:588} INFO - Filling up the DagBag from /opt/airflow/dags/hello_airflow.py
[2025-02-22T06:30:03.004+0000] {processor.py:925} INFO - DAG(s) 'hello_airflow' retrieved from /opt/airflow/dags/hello_airflow.py
[2025-02-22T06:30:03.044+0000] {logging_mixin.py:190} INFO - [2025-02-22T06:30:03.044+0000] {dag.py:3239} INFO - Sync 1 DAGs
[2025-02-22T06:30:03.083+0000] {logging_mixin.py:190} INFO - [2025-02-22T06:30:03.082+0000] {dag.py:4180} INFO - Setting next_dagrun for hello_airflow to 2025-02-20 10:00:00+00:00, run_after=2025-02-21 10:00:00+00:00
[2025-02-22T06:30:03.119+0000] {processor.py:208} INFO - Processing /opt/airflow/dags/hello_airflow.py took 0.189 seconds
[2025-02-22T06:31:10.837+0000] {processor.py:186} INFO - Started process (PID=26) to work on /opt/airflow/dags/hello_airflow.py
[2025-02-22T06:31:10.840+0000] {processor.py:914} INFO - Processing file /opt/airflow/dags/hello_airflow.py for tasks to queue
[2025-02-22T06:31:10.845+0000] {logging_mixin.py:190} INFO - [2025-02-22T06:31:10.844+0000] {dagbag.py:588} INFO - Filling up the DagBag from /opt/airflow/dags/hello_airflow.py
[2025-02-22T06:31:10.884+0000] {processor.py:925} INFO - DAG(s) 'hello_airflow' retrieved from /opt/airflow/dags/hello_airflow.py
[2025-02-22T06:31:11.459+0000] {logging_mixin.py:190} INFO - [2025-02-22T06:31:11.457+0000] {override.py:1912} INFO - Created Permission View: can delete on DAG:hello_airflow
[2025-02-22T06:31:11.503+0000] {logging_mixin.py:190} INFO - [2025-02-22T06:31:11.503+0000] {override.py:1912} INFO - Created Permission View: can read on DAG:hello_airflow
[2025-02-22T06:31:11.530+0000] {logging_mixin.py:190} INFO - [2025-02-22T06:31:11.529+0000] {override.py:1912} INFO - Created Permission View: can edit on DAG:hello_airflow
[2025-02-22T06:31:11.583+0000] {logging_mixin.py:190} INFO - [2025-02-22T06:31:11.583+0000] {override.py:1912} INFO - Created Permission View: menu access on DAG Run:hello_airflow
[2025-02-22T06:31:11.614+0000] {logging_mixin.py:190} INFO - [2025-02-22T06:31:11.614+0000] {override.py:1912} INFO - Created Permission View: can delete on DAG Run:hello_airflow
[2025-02-22T06:31:11.634+0000] {logging_mixin.py:190} INFO - [2025-02-22T06:31:11.633+0000] {override.py:1912} INFO - Created Permission View: can read on DAG Run:hello_airflow
[2025-02-22T06:31:11.664+0000] {logging_mixin.py:190} INFO - [2025-02-22T06:31:11.664+0000] {override.py:1912} INFO - Created Permission View: can create on DAG Run:hello_airflow
[2025-02-22T06:31:11.665+0000] {logging_mixin.py:190} INFO - [2025-02-22T06:31:11.665+0000] {dag.py:3239} INFO - Sync 1 DAGs
[2025-02-22T06:31:11.691+0000] {logging_mixin.py:190} INFO - [2025-02-22T06:31:11.691+0000] {dag.py:3262} INFO - Creating ORM DAG for hello_airflow
[2025-02-22T06:31:11.720+0000] {logging_mixin.py:190} INFO - [2025-02-22T06:31:11.719+0000] {dag.py:4180} INFO - Setting next_dagrun for hello_airflow to 2025-02-20 10:00:00+00:00, run_after=2025-02-21 10:00:00+00:00
[2025-02-22T06:31:11.796+0000] {processor.py:208} INFO - Processing /opt/airflow/dags/hello_airflow.py took 0.969 seconds
[2025-02-22T06:31:42.782+0000] {processor.py:186} INFO - Started process (PID=29) to work on /opt/airflow/dags/hello_airflow.py
[2025-02-22T06:31:42.784+0000] {processor.py:914} INFO - Processing file /opt/airflow/dags/hello_airflow.py for tasks to queue
[2025-02-22T06:31:42.787+0000] {logging_mixin.py:190} INFO - [2025-02-22T06:31:42.787+0000] {dagbag.py:588} INFO - Filling up the DagBag from /opt/airflow/dags/hello_airflow.py
[2025-02-22T06:31:42.816+0000] {processor.py:925} INFO - DAG(s) 'hello_airflow' retrieved from /opt/airflow/dags/hello_airflow.py
[2025-02-22T06:31:42.851+0000] {logging_mixin.py:190} INFO - [2025-02-22T06:31:42.851+0000] {dag.py:3239} INFO - Sync 1 DAGs
[2025-02-22T06:31:42.892+0000] {logging_mixin.py:190} INFO - [2025-02-22T06:31:42.891+0000] {dag.py:4180} INFO - Setting next_dagrun for hello_airflow to 2025-02-20 10:00:00+00:00, run_after=2025-02-21 10:00:00+00:00
[2025-02-22T06:31:42.926+0000] {processor.py:208} INFO - Processing /opt/airflow/dags/hello_airflow.py took 0.153 seconds
[2025-02-22T06:32:13.220+0000] {processor.py:186} INFO - Started process (PID=30) to work on /opt/airflow/dags/hello_airflow.py
[2025-02-22T06:32:13.221+0000] {processor.py:914} INFO - Processing file /opt/airflow/dags/hello_airflow.py for tasks to queue
[2025-02-22T06:32:13.225+0000] {logging_mixin.py:190} INFO - [2025-02-22T06:32:13.224+0000] {dagbag.py:588} INFO - Filling up the DagBag from /opt/airflow/dags/hello_airflow.py
[2025-02-22T06:32:13.256+0000] {processor.py:925} INFO - DAG(s) 'hello_airflow' retrieved from /opt/airflow/dags/hello_airflow.py
[2025-02-22T06:32:13.290+0000] {logging_mixin.py:190} INFO - [2025-02-22T06:32:13.290+0000] {dag.py:3239} INFO - Sync 1 DAGs
[2025-02-22T06:32:13.325+0000] {logging_mixin.py:190} INFO - [2025-02-22T06:32:13.325+0000] {dag.py:4180} INFO - Setting next_dagrun for hello_airflow to 2025-02-20 10:00:00+00:00, run_after=2025-02-21 10:00:00+00:00
[2025-02-22T06:32:13.360+0000] {processor.py:208} INFO - Processing /opt/airflow/dags/hello_airflow.py took 0.151 seconds
[2025-02-22T06:32:43.872+0000] {processor.py:186} INFO - Started process (PID=31) to work on /opt/airflow/dags/hello_airflow.py
[2025-02-22T06:32:43.873+0000] {processor.py:914} INFO - Processing file /opt/airflow/dags/hello_airflow.py for tasks to queue
[2025-02-22T06:32:43.878+0000] {logging_mixin.py:190} INFO - [2025-02-22T06:32:43.877+0000] {dagbag.py:588} INFO - Filling up the DagBag from /opt/airflow/dags/hello_airflow.py
[2025-02-22T06:32:43.903+0000] {processor.py:925} INFO - DAG(s) 'hello_airflow' retrieved from /opt/airflow/dags/hello_airflow.py
[2025-02-22T06:32:43.937+0000] {logging_mixin.py:190} INFO - [2025-02-22T06:32:43.936+0000] {dag.py:3239} INFO - Sync 1 DAGs
[2025-02-22T06:32:43.968+0000] {logging_mixin.py:190} INFO - [2025-02-22T06:32:43.968+0000] {dag.py:4180} INFO - Setting next_dagrun for hello_airflow to 2025-02-20 10:00:00+00:00, run_after=2025-02-21 10:00:00+00:00
[2025-02-22T06:32:44.003+0000] {processor.py:208} INFO - Processing /opt/airflow/dags/hello_airflow.py took 0.139 seconds
[2025-02-22T06:33:14.361+0000] {processor.py:186} INFO - Started process (PID=32) to work on /opt/airflow/dags/hello_airflow.py
[2025-02-22T06:33:14.363+0000] {processor.py:914} INFO - Processing file /opt/airflow/dags/hello_airflow.py for tasks to queue
[2025-02-22T06:33:14.366+0000] {logging_mixin.py:190} INFO - [2025-02-22T06:33:14.366+0000] {dagbag.py:588} INFO - Filling up the DagBag from /opt/airflow/dags/hello_airflow.py
[2025-02-22T06:33:14.399+0000] {processor.py:925} INFO - DAG(s) 'hello_airflow' retrieved from /opt/airflow/dags/hello_airflow.py
[2025-02-22T06:33:14.434+0000] {logging_mixin.py:190} INFO - [2025-02-22T06:33:14.433+0000] {dag.py:3239} INFO - Sync 1 DAGs
[2025-02-22T06:33:14.482+0000] {logging_mixin.py:190} INFO - [2025-02-22T06:33:14.482+0000] {dag.py:4180} INFO - Setting next_dagrun for hello_airflow to 2025-02-20 10:00:00+00:00, run_after=2025-02-21 10:00:00+00:00
[2025-02-22T06:33:14.546+0000] {processor.py:208} INFO - Processing /opt/airflow/dags/hello_airflow.py took 0.194 seconds
[2025-02-22T06:33:44.864+0000] {processor.py:186} INFO - Started process (PID=33) to work on /opt/airflow/dags/hello_airflow.py
[2025-02-22T06:33:44.865+0000] {processor.py:914} INFO - Processing file /opt/airflow/dags/hello_airflow.py for tasks to queue
[2025-02-22T06:33:44.868+0000] {logging_mixin.py:190} INFO - [2025-02-22T06:33:44.868+0000] {dagbag.py:588} INFO - Filling up the DagBag from /opt/airflow/dags/hello_airflow.py
[2025-02-22T06:33:44.910+0000] {processor.py:925} INFO - DAG(s) 'hello_airflow' retrieved from /opt/airflow/dags/hello_airflow.py
[2025-02-22T06:33:44.956+0000] {logging_mixin.py:190} INFO - [2025-02-22T06:33:44.956+0000] {dag.py:3239} INFO - Sync 1 DAGs
[2025-02-22T06:33:45.004+0000] {logging_mixin.py:190} INFO - [2025-02-22T06:33:45.004+0000] {dag.py:4180} INFO - Setting next_dagrun for hello_airflow to 2025-02-20 10:00:00+00:00, run_after=2025-02-21 10:00:00+00:00
[2025-02-22T06:33:45.050+0000] {processor.py:208} INFO - Processing /opt/airflow/dags/hello_airflow.py took 0.197 seconds
[2025-02-22T06:34:15.390+0000] {processor.py:186} INFO - Started process (PID=34) to work on /opt/airflow/dags/hello_airflow.py
[2025-02-22T06:34:15.392+0000] {processor.py:914} INFO - Processing file /opt/airflow/dags/hello_airflow.py for tasks to queue
[2025-02-22T06:34:15.397+0000] {logging_mixin.py:190} INFO - [2025-02-22T06:34:15.396+0000] {dagbag.py:588} INFO - Filling up the DagBag from /opt/airflow/dags/hello_airflow.py
[2025-02-22T06:34:15.427+0000] {processor.py:925} INFO - DAG(s) 'hello_airflow' retrieved from /opt/airflow/dags/hello_airflow.py
[2025-02-22T06:34:15.460+0000] {logging_mixin.py:190} INFO - [2025-02-22T06:34:15.460+0000] {dag.py:3239} INFO - Sync 1 DAGs
[2025-02-22T06:34:15.496+0000] {logging_mixin.py:190} INFO - [2025-02-22T06:34:15.496+0000] {dag.py:4180} INFO - Setting next_dagrun for hello_airflow to 2025-02-20 10:00:00+00:00, run_after=2025-02-21 10:00:00+00:00
[2025-02-22T06:34:15.535+0000] {processor.py:208} INFO - Processing /opt/airflow/dags/hello_airflow.py took 0.156 seconds
[2025-02-22T06:34:46.236+0000] {processor.py:186} INFO - Started process (PID=35) to work on /opt/airflow/dags/hello_airflow.py
[2025-02-22T06:34:46.250+0000] {processor.py:914} INFO - Processing file /opt/airflow/dags/hello_airflow.py for tasks to queue
[2025-02-22T06:34:46.256+0000] {logging_mixin.py:190} INFO - [2025-02-22T06:34:46.255+0000] {dagbag.py:588} INFO - Filling up the DagBag from /opt/airflow/dags/hello_airflow.py
[2025-02-22T06:34:46.318+0000] {processor.py:925} INFO - DAG(s) 'hello_airflow' retrieved from /opt/airflow/dags/hello_airflow.py
[2025-02-22T06:34:46.437+0000] {logging_mixin.py:190} INFO - [2025-02-22T06:34:46.436+0000] {dag.py:3239} INFO - Sync 1 DAGs
[2025-02-22T06:34:46.528+0000] {logging_mixin.py:190} INFO - [2025-02-22T06:34:46.528+0000] {dag.py:4180} INFO - Setting next_dagrun for hello_airflow to 2025-02-20 10:00:00+00:00, run_after=2025-02-21 10:00:00+00:00
[2025-02-22T06:34:46.571+0000] {processor.py:208} INFO - Processing /opt/airflow/dags/hello_airflow.py took 0.358 seconds
[2025-02-22T06:35:19.274+0000] {processor.py:186} INFO - Started process (PID=26) to work on /opt/airflow/dags/hello_airflow.py
[2025-02-22T06:35:19.276+0000] {processor.py:914} INFO - Processing file /opt/airflow/dags/hello_airflow.py for tasks to queue
[2025-02-22T06:35:19.280+0000] {logging_mixin.py:190} INFO - [2025-02-22T06:35:19.279+0000] {dagbag.py:588} INFO - Filling up the DagBag from /opt/airflow/dags/hello_airflow.py
[2025-02-22T06:35:19.313+0000] {processor.py:925} INFO - DAG(s) 'hello_airflow' retrieved from /opt/airflow/dags/hello_airflow.py
[2025-02-22T06:35:19.350+0000] {logging_mixin.py:190} INFO - [2025-02-22T06:35:19.350+0000] {dag.py:3239} INFO - Sync 1 DAGs
[2025-02-22T06:35:19.389+0000] {logging_mixin.py:190} INFO - [2025-02-22T06:35:19.389+0000] {dag.py:4180} INFO - Setting next_dagrun for hello_airflow to 2025-02-20 10:00:00+00:00, run_after=2025-02-21 10:00:00+00:00
[2025-02-22T06:35:19.430+0000] {processor.py:208} INFO - Processing /opt/airflow/dags/hello_airflow.py took 0.164 seconds
[2025-02-22T06:35:50.415+0000] {processor.py:186} INFO - Started process (PID=29) to work on /opt/airflow/dags/hello_airflow.py
[2025-02-22T06:35:50.417+0000] {processor.py:914} INFO - Processing file /opt/airflow/dags/hello_airflow.py for tasks to queue
[2025-02-22T06:35:50.420+0000] {logging_mixin.py:190} INFO - [2025-02-22T06:35:50.420+0000] {dagbag.py:588} INFO - Filling up the DagBag from /opt/airflow/dags/hello_airflow.py
[2025-02-22T06:35:50.454+0000] {processor.py:925} INFO - DAG(s) 'hello_airflow' retrieved from /opt/airflow/dags/hello_airflow.py
[2025-02-22T06:35:50.489+0000] {logging_mixin.py:190} INFO - [2025-02-22T06:35:50.488+0000] {dag.py:3239} INFO - Sync 1 DAGs
[2025-02-22T06:35:50.534+0000] {logging_mixin.py:190} INFO - [2025-02-22T06:35:50.534+0000] {dag.py:4180} INFO - Setting next_dagrun for hello_airflow to 2025-02-20 10:00:00+00:00, run_after=2025-02-21 10:00:00+00:00
[2025-02-22T06:35:50.588+0000] {processor.py:208} INFO - Processing /opt/airflow/dags/hello_airflow.py took 0.181 seconds
[2025-02-22T06:36:20.935+0000] {processor.py:186} INFO - Started process (PID=30) to work on /opt/airflow/dags/hello_airflow.py
[2025-02-22T06:36:20.936+0000] {processor.py:914} INFO - Processing file /opt/airflow/dags/hello_airflow.py for tasks to queue
[2025-02-22T06:36:20.941+0000] {logging_mixin.py:190} INFO - [2025-02-22T06:36:20.940+0000] {dagbag.py:588} INFO - Filling up the DagBag from /opt/airflow/dags/hello_airflow.py
[2025-02-22T06:36:20.966+0000] {processor.py:925} INFO - DAG(s) 'hello_airflow' retrieved from /opt/airflow/dags/hello_airflow.py
[2025-02-22T06:36:21.000+0000] {logging_mixin.py:190} INFO - [2025-02-22T06:36:21.000+0000] {dag.py:3239} INFO - Sync 1 DAGs
[2025-02-22T06:36:21.052+0000] {logging_mixin.py:190} INFO - [2025-02-22T06:36:21.052+0000] {dag.py:4180} INFO - Setting next_dagrun for hello_airflow to 2025-02-20 10:00:00+00:00, run_after=2025-02-21 10:00:00+00:00
[2025-02-22T06:36:21.091+0000] {processor.py:208} INFO - Processing /opt/airflow/dags/hello_airflow.py took 0.166 seconds
[2025-02-22T06:36:51.393+0000] {processor.py:186} INFO - Started process (PID=31) to work on /opt/airflow/dags/hello_airflow.py
[2025-02-22T06:36:51.395+0000] {processor.py:914} INFO - Processing file /opt/airflow/dags/hello_airflow.py for tasks to queue
[2025-02-22T06:36:51.399+0000] {logging_mixin.py:190} INFO - [2025-02-22T06:36:51.398+0000] {dagbag.py:588} INFO - Filling up the DagBag from /opt/airflow/dags/hello_airflow.py
[2025-02-22T06:36:51.426+0000] {processor.py:925} INFO - DAG(s) 'hello_airflow' retrieved from /opt/airflow/dags/hello_airflow.py
[2025-02-22T06:36:51.458+0000] {logging_mixin.py:190} INFO - [2025-02-22T06:36:51.458+0000] {dag.py:3239} INFO - Sync 1 DAGs
[2025-02-22T06:36:51.496+0000] {logging_mixin.py:190} INFO - [2025-02-22T06:36:51.496+0000] {dag.py:4180} INFO - Setting next_dagrun for hello_airflow to 2025-02-20 10:00:00+00:00, run_after=2025-02-21 10:00:00+00:00
[2025-02-22T06:36:51.532+0000] {processor.py:208} INFO - Processing /opt/airflow/dags/hello_airflow.py took 0.147 seconds
[2025-02-22T06:37:21.930+0000] {processor.py:186} INFO - Started process (PID=32) to work on /opt/airflow/dags/hello_airflow.py
[2025-02-22T06:37:21.931+0000] {processor.py:914} INFO - Processing file /opt/airflow/dags/hello_airflow.py for tasks to queue
[2025-02-22T06:37:21.935+0000] {logging_mixin.py:190} INFO - [2025-02-22T06:37:21.935+0000] {dagbag.py:588} INFO - Filling up the DagBag from /opt/airflow/dags/hello_airflow.py
[2025-02-22T06:37:21.959+0000] {processor.py:925} INFO - DAG(s) 'hello_airflow' retrieved from /opt/airflow/dags/hello_airflow.py
[2025-02-22T06:37:21.988+0000] {logging_mixin.py:190} INFO - [2025-02-22T06:37:21.988+0000] {dag.py:3239} INFO - Sync 1 DAGs
[2025-02-22T06:37:22.020+0000] {logging_mixin.py:190} INFO - [2025-02-22T06:37:22.020+0000] {dag.py:4180} INFO - Setting next_dagrun for hello_airflow to 2025-02-20 10:00:00+00:00, run_after=2025-02-21 10:00:00+00:00
[2025-02-22T06:37:22.053+0000] {processor.py:208} INFO - Processing /opt/airflow/dags/hello_airflow.py took 0.135 seconds
[2025-02-22T06:37:52.433+0000] {processor.py:186} INFO - Started process (PID=33) to work on /opt/airflow/dags/hello_airflow.py
[2025-02-22T06:37:52.434+0000] {processor.py:914} INFO - Processing file /opt/airflow/dags/hello_airflow.py for tasks to queue
[2025-02-22T06:37:52.440+0000] {logging_mixin.py:190} INFO - [2025-02-22T06:37:52.440+0000] {dagbag.py:588} INFO - Filling up the DagBag from /opt/airflow/dags/hello_airflow.py
[2025-02-22T06:37:52.468+0000] {processor.py:925} INFO - DAG(s) 'hello_airflow' retrieved from /opt/airflow/dags/hello_airflow.py
[2025-02-22T06:37:52.501+0000] {logging_mixin.py:190} INFO - [2025-02-22T06:37:52.500+0000] {dag.py:3239} INFO - Sync 1 DAGs
[2025-02-22T06:37:52.539+0000] {logging_mixin.py:190} INFO - [2025-02-22T06:37:52.538+0000] {dag.py:4180} INFO - Setting next_dagrun for hello_airflow to 2025-02-20 10:00:00+00:00, run_after=2025-02-21 10:00:00+00:00
[2025-02-22T06:37:52.574+0000] {processor.py:208} INFO - Processing /opt/airflow/dags/hello_airflow.py took 0.149 seconds
[2025-02-22T06:38:22.951+0000] {processor.py:186} INFO - Started process (PID=34) to work on /opt/airflow/dags/hello_airflow.py
[2025-02-22T06:38:22.953+0000] {processor.py:914} INFO - Processing file /opt/airflow/dags/hello_airflow.py for tasks to queue
[2025-02-22T06:38:22.956+0000] {logging_mixin.py:190} INFO - [2025-02-22T06:38:22.955+0000] {dagbag.py:588} INFO - Filling up the DagBag from /opt/airflow/dags/hello_airflow.py
[2025-02-22T06:38:22.983+0000] {processor.py:925} INFO - DAG(s) 'hello_airflow' retrieved from /opt/airflow/dags/hello_airflow.py
[2025-02-22T06:38:23.017+0000] {logging_mixin.py:190} INFO - [2025-02-22T06:38:23.017+0000] {dag.py:3239} INFO - Sync 1 DAGs
[2025-02-22T06:38:23.058+0000] {logging_mixin.py:190} INFO - [2025-02-22T06:38:23.058+0000] {dag.py:4180} INFO - Setting next_dagrun for hello_airflow to 2025-02-20 10:00:00+00:00, run_after=2025-02-21 10:00:00+00:00
[2025-02-22T06:38:23.096+0000] {processor.py:208} INFO - Processing /opt/airflow/dags/hello_airflow.py took 0.158 seconds
[2025-02-22T06:38:53.563+0000] {processor.py:186} INFO - Started process (PID=35) to work on /opt/airflow/dags/hello_airflow.py
[2025-02-22T06:38:53.565+0000] {processor.py:914} INFO - Processing file /opt/airflow/dags/hello_airflow.py for tasks to queue
[2025-02-22T06:38:53.570+0000] {logging_mixin.py:190} INFO - [2025-02-22T06:38:53.570+0000] {dagbag.py:588} INFO - Filling up the DagBag from /opt/airflow/dags/hello_airflow.py
[2025-02-22T06:38:53.604+0000] {processor.py:925} INFO - DAG(s) 'hello_airflow' retrieved from /opt/airflow/dags/hello_airflow.py
[2025-02-22T06:38:53.652+0000] {logging_mixin.py:190} INFO - [2025-02-22T06:38:53.651+0000] {dag.py:3239} INFO - Sync 1 DAGs
[2025-02-22T06:38:53.705+0000] {logging_mixin.py:190} INFO - [2025-02-22T06:38:53.705+0000] {dag.py:4180} INFO - Setting next_dagrun for hello_airflow to 2025-02-20 10:00:00+00:00, run_after=2025-02-21 10:00:00+00:00
[2025-02-22T06:38:53.756+0000] {processor.py:208} INFO - Processing /opt/airflow/dags/hello_airflow.py took 0.204 seconds
[2025-02-22T06:39:24.230+0000] {processor.py:186} INFO - Started process (PID=36) to work on /opt/airflow/dags/hello_airflow.py
[2025-02-22T06:39:24.232+0000] {processor.py:914} INFO - Processing file /opt/airflow/dags/hello_airflow.py for tasks to queue
[2025-02-22T06:39:24.235+0000] {logging_mixin.py:190} INFO - [2025-02-22T06:39:24.234+0000] {dagbag.py:588} INFO - Filling up the DagBag from /opt/airflow/dags/hello_airflow.py
[2025-02-22T06:39:24.260+0000] {processor.py:925} INFO - DAG(s) 'hello_airflow' retrieved from /opt/airflow/dags/hello_airflow.py
[2025-02-22T06:39:24.288+0000] {logging_mixin.py:190} INFO - [2025-02-22T06:39:24.288+0000] {dag.py:3239} INFO - Sync 1 DAGs
[2025-02-22T06:39:24.319+0000] {logging_mixin.py:190} INFO - [2025-02-22T06:39:24.319+0000] {dag.py:4180} INFO - Setting next_dagrun for hello_airflow to 2025-02-20 10:00:00+00:00, run_after=2025-02-21 10:00:00+00:00
[2025-02-22T06:39:24.364+0000] {processor.py:208} INFO - Processing /opt/airflow/dags/hello_airflow.py took 0.142 seconds
[2025-02-22T06:39:54.689+0000] {processor.py:186} INFO - Started process (PID=37) to work on /opt/airflow/dags/hello_airflow.py
[2025-02-22T06:39:54.690+0000] {processor.py:914} INFO - Processing file /opt/airflow/dags/hello_airflow.py for tasks to queue
[2025-02-22T06:39:54.695+0000] {logging_mixin.py:190} INFO - [2025-02-22T06:39:54.695+0000] {dagbag.py:588} INFO - Filling up the DagBag from /opt/airflow/dags/hello_airflow.py
[2025-02-22T06:39:54.730+0000] {processor.py:925} INFO - DAG(s) 'hello_airflow' retrieved from /opt/airflow/dags/hello_airflow.py
[2025-02-22T06:39:54.779+0000] {logging_mixin.py:190} INFO - [2025-02-22T06:39:54.778+0000] {dag.py:3239} INFO - Sync 1 DAGs
[2025-02-22T06:39:54.840+0000] {logging_mixin.py:190} INFO - [2025-02-22T06:39:54.839+0000] {dag.py:4180} INFO - Setting next_dagrun for hello_airflow to 2025-02-20 10:00:00+00:00, run_after=2025-02-21 10:00:00+00:00
[2025-02-22T06:39:54.917+0000] {processor.py:208} INFO - Processing /opt/airflow/dags/hello_airflow.py took 0.236 seconds
[2025-02-22T06:40:25.279+0000] {processor.py:186} INFO - Started process (PID=38) to work on /opt/airflow/dags/hello_airflow.py
[2025-02-22T06:40:25.281+0000] {processor.py:914} INFO - Processing file /opt/airflow/dags/hello_airflow.py for tasks to queue
[2025-02-22T06:40:25.284+0000] {logging_mixin.py:190} INFO - [2025-02-22T06:40:25.283+0000] {dagbag.py:588} INFO - Filling up the DagBag from /opt/airflow/dags/hello_airflow.py
[2025-02-22T06:40:25.310+0000] {processor.py:925} INFO - DAG(s) 'hello_airflow' retrieved from /opt/airflow/dags/hello_airflow.py
[2025-02-22T06:40:25.358+0000] {logging_mixin.py:190} INFO - [2025-02-22T06:40:25.358+0000] {dag.py:3239} INFO - Sync 1 DAGs
[2025-02-22T06:40:25.408+0000] {logging_mixin.py:190} INFO - [2025-02-22T06:40:25.408+0000] {dag.py:4180} INFO - Setting next_dagrun for hello_airflow to 2025-02-20 10:00:00+00:00, run_after=2025-02-21 10:00:00+00:00
[2025-02-22T06:40:25.475+0000] {processor.py:208} INFO - Processing /opt/airflow/dags/hello_airflow.py took 0.203 seconds
[2025-02-22T06:40:55.997+0000] {processor.py:186} INFO - Started process (PID=39) to work on /opt/airflow/dags/hello_airflow.py
[2025-02-22T06:40:55.998+0000] {processor.py:914} INFO - Processing file /opt/airflow/dags/hello_airflow.py for tasks to queue
[2025-02-22T06:40:56.002+0000] {logging_mixin.py:190} INFO - [2025-02-22T06:40:56.001+0000] {dagbag.py:588} INFO - Filling up the DagBag from /opt/airflow/dags/hello_airflow.py
[2025-02-22T06:40:56.026+0000] {processor.py:925} INFO - DAG(s) 'hello_airflow' retrieved from /opt/airflow/dags/hello_airflow.py
[2025-02-22T06:40:56.055+0000] {logging_mixin.py:190} INFO - [2025-02-22T06:40:56.055+0000] {dag.py:3239} INFO - Sync 1 DAGs
[2025-02-22T06:40:56.090+0000] {logging_mixin.py:190} INFO - [2025-02-22T06:40:56.089+0000] {dag.py:4180} INFO - Setting next_dagrun for hello_airflow to 2025-02-20 10:00:00+00:00, run_after=2025-02-21 10:00:00+00:00
[2025-02-22T06:40:56.125+0000] {processor.py:208} INFO - Processing /opt/airflow/dags/hello_airflow.py took 0.135 seconds
[2025-02-22T06:41:26.468+0000] {processor.py:186} INFO - Started process (PID=40) to work on /opt/airflow/dags/hello_airflow.py
[2025-02-22T06:41:26.470+0000] {processor.py:914} INFO - Processing file /opt/airflow/dags/hello_airflow.py for tasks to queue
[2025-02-22T06:41:26.476+0000] {logging_mixin.py:190} INFO - [2025-02-22T06:41:26.475+0000] {dagbag.py:588} INFO - Filling up the DagBag from /opt/airflow/dags/hello_airflow.py
[2025-02-22T06:41:26.506+0000] {processor.py:925} INFO - DAG(s) 'hello_airflow' retrieved from /opt/airflow/dags/hello_airflow.py
[2025-02-22T06:41:26.539+0000] {logging_mixin.py:190} INFO - [2025-02-22T06:41:26.538+0000] {dag.py:3239} INFO - Sync 1 DAGs
[2025-02-22T06:41:26.586+0000] {logging_mixin.py:190} INFO - [2025-02-22T06:41:26.586+0000] {dag.py:4180} INFO - Setting next_dagrun for hello_airflow to 2025-02-20 10:00:00+00:00, run_after=2025-02-21 10:00:00+00:00
[2025-02-22T06:41:26.622+0000] {processor.py:208} INFO - Processing /opt/airflow/dags/hello_airflow.py took 0.164 seconds
[2025-02-22T06:41:57.008+0000] {processor.py:186} INFO - Started process (PID=41) to work on /opt/airflow/dags/hello_airflow.py
[2025-02-22T06:41:57.009+0000] {processor.py:914} INFO - Processing file /opt/airflow/dags/hello_airflow.py for tasks to queue
[2025-02-22T06:41:57.013+0000] {logging_mixin.py:190} INFO - [2025-02-22T06:41:57.012+0000] {dagbag.py:588} INFO - Filling up the DagBag from /opt/airflow/dags/hello_airflow.py
[2025-02-22T06:41:57.039+0000] {processor.py:925} INFO - DAG(s) 'hello_airflow' retrieved from /opt/airflow/dags/hello_airflow.py
[2025-02-22T06:41:57.070+0000] {logging_mixin.py:190} INFO - [2025-02-22T06:41:57.069+0000] {dag.py:3239} INFO - Sync 1 DAGs
[2025-02-22T06:41:57.103+0000] {logging_mixin.py:190} INFO - [2025-02-22T06:41:57.102+0000] {dag.py:4180} INFO - Setting next_dagrun for hello_airflow to 2025-02-20 10:00:00+00:00, run_after=2025-02-21 10:00:00+00:00
[2025-02-22T06:41:57.135+0000] {processor.py:208} INFO - Processing /opt/airflow/dags/hello_airflow.py took 0.134 seconds
[2025-02-22T06:42:27.516+0000] {processor.py:186} INFO - Started process (PID=42) to work on /opt/airflow/dags/hello_airflow.py
[2025-02-22T06:42:27.518+0000] {processor.py:914} INFO - Processing file /opt/airflow/dags/hello_airflow.py for tasks to queue
[2025-02-22T06:42:27.522+0000] {logging_mixin.py:190} INFO - [2025-02-22T06:42:27.521+0000] {dagbag.py:588} INFO - Filling up the DagBag from /opt/airflow/dags/hello_airflow.py
[2025-02-22T06:42:27.547+0000] {processor.py:925} INFO - DAG(s) 'hello_airflow' retrieved from /opt/airflow/dags/hello_airflow.py
[2025-02-22T06:42:27.580+0000] {logging_mixin.py:190} INFO - [2025-02-22T06:42:27.580+0000] {dag.py:3239} INFO - Sync 1 DAGs
[2025-02-22T06:42:27.620+0000] {logging_mixin.py:190} INFO - [2025-02-22T06:42:27.620+0000] {dag.py:4180} INFO - Setting next_dagrun for hello_airflow to 2025-02-20 10:00:00+00:00, run_after=2025-02-21 10:00:00+00:00
[2025-02-22T06:42:27.657+0000] {processor.py:208} INFO - Processing /opt/airflow/dags/hello_airflow.py took 0.149 seconds
[2025-02-22T06:42:58.087+0000] {processor.py:186} INFO - Started process (PID=43) to work on /opt/airflow/dags/hello_airflow.py
[2025-02-22T06:42:58.089+0000] {processor.py:914} INFO - Processing file /opt/airflow/dags/hello_airflow.py for tasks to queue
[2025-02-22T06:42:58.093+0000] {logging_mixin.py:190} INFO - [2025-02-22T06:42:58.092+0000] {dagbag.py:588} INFO - Filling up the DagBag from /opt/airflow/dags/hello_airflow.py
[2025-02-22T06:42:58.120+0000] {processor.py:925} INFO - DAG(s) 'hello_airflow' retrieved from /opt/airflow/dags/hello_airflow.py
[2025-02-22T06:42:58.150+0000] {logging_mixin.py:190} INFO - [2025-02-22T06:42:58.149+0000] {dag.py:3239} INFO - Sync 1 DAGs
[2025-02-22T06:42:58.181+0000] {logging_mixin.py:190} INFO - [2025-02-22T06:42:58.181+0000] {dag.py:4180} INFO - Setting next_dagrun for hello_airflow to 2025-02-20 10:00:00+00:00, run_after=2025-02-21 10:00:00+00:00
[2025-02-22T06:42:58.214+0000] {processor.py:208} INFO - Processing /opt/airflow/dags/hello_airflow.py took 0.135 seconds
[2025-02-22T06:43:28.676+0000] {processor.py:186} INFO - Started process (PID=44) to work on /opt/airflow/dags/hello_airflow.py
[2025-02-22T06:43:28.677+0000] {processor.py:914} INFO - Processing file /opt/airflow/dags/hello_airflow.py for tasks to queue
[2025-02-22T06:43:28.682+0000] {logging_mixin.py:190} INFO - [2025-02-22T06:43:28.681+0000] {dagbag.py:588} INFO - Filling up the DagBag from /opt/airflow/dags/hello_airflow.py
[2025-02-22T06:43:28.713+0000] {processor.py:925} INFO - DAG(s) 'hello_airflow' retrieved from /opt/airflow/dags/hello_airflow.py
[2025-02-22T06:43:28.751+0000] {logging_mixin.py:190} INFO - [2025-02-22T06:43:28.750+0000] {dag.py:3239} INFO - Sync 1 DAGs
[2025-02-22T06:43:28.782+0000] {logging_mixin.py:190} INFO - [2025-02-22T06:43:28.782+0000] {dag.py:4180} INFO - Setting next_dagrun for hello_airflow to 2025-02-20 10:00:00+00:00, run_after=2025-02-21 10:00:00+00:00
[2025-02-22T06:43:28.813+0000] {processor.py:208} INFO - Processing /opt/airflow/dags/hello_airflow.py took 0.145 seconds
[2025-02-22T06:43:59.153+0000] {processor.py:186} INFO - Started process (PID=45) to work on /opt/airflow/dags/hello_airflow.py
[2025-02-22T06:43:59.155+0000] {processor.py:914} INFO - Processing file /opt/airflow/dags/hello_airflow.py for tasks to queue
[2025-02-22T06:43:59.159+0000] {logging_mixin.py:190} INFO - [2025-02-22T06:43:59.158+0000] {dagbag.py:588} INFO - Filling up the DagBag from /opt/airflow/dags/hello_airflow.py
[2025-02-22T06:43:59.186+0000] {processor.py:925} INFO - DAG(s) 'hello_airflow' retrieved from /opt/airflow/dags/hello_airflow.py
[2025-02-22T06:43:59.215+0000] {logging_mixin.py:190} INFO - [2025-02-22T06:43:59.215+0000] {dag.py:3239} INFO - Sync 1 DAGs
[2025-02-22T06:43:59.248+0000] {logging_mixin.py:190} INFO - [2025-02-22T06:43:59.247+0000] {dag.py:4180} INFO - Setting next_dagrun for hello_airflow to 2025-02-20 10:00:00+00:00, run_after=2025-02-21 10:00:00+00:00
[2025-02-22T06:43:59.284+0000] {processor.py:208} INFO - Processing /opt/airflow/dags/hello_airflow.py took 0.144 seconds
[2025-02-22T06:44:29.611+0000] {processor.py:186} INFO - Started process (PID=46) to work on /opt/airflow/dags/hello_airflow.py
[2025-02-22T06:44:29.612+0000] {processor.py:914} INFO - Processing file /opt/airflow/dags/hello_airflow.py for tasks to queue
[2025-02-22T06:44:29.616+0000] {logging_mixin.py:190} INFO - [2025-02-22T06:44:29.615+0000] {dagbag.py:588} INFO - Filling up the DagBag from /opt/airflow/dags/hello_airflow.py
[2025-02-22T06:44:29.643+0000] {processor.py:925} INFO - DAG(s) 'hello_airflow' retrieved from /opt/airflow/dags/hello_airflow.py
[2025-02-22T06:44:29.676+0000] {logging_mixin.py:190} INFO - [2025-02-22T06:44:29.676+0000] {dag.py:3239} INFO - Sync 1 DAGs
[2025-02-22T06:44:29.707+0000] {logging_mixin.py:190} INFO - [2025-02-22T06:44:29.707+0000] {dag.py:4180} INFO - Setting next_dagrun for hello_airflow to 2025-02-20 10:00:00+00:00, run_after=2025-02-21 10:00:00+00:00
[2025-02-22T06:44:29.741+0000] {processor.py:208} INFO - Processing /opt/airflow/dags/hello_airflow.py took 0.138 seconds
[2025-02-22T06:45:00.145+0000] {processor.py:186} INFO - Started process (PID=47) to work on /opt/airflow/dags/hello_airflow.py
[2025-02-22T06:45:00.146+0000] {processor.py:914} INFO - Processing file /opt/airflow/dags/hello_airflow.py for tasks to queue
[2025-02-22T06:45:00.150+0000] {logging_mixin.py:190} INFO - [2025-02-22T06:45:00.149+0000] {dagbag.py:588} INFO - Filling up the DagBag from /opt/airflow/dags/hello_airflow.py
[2025-02-22T06:45:00.177+0000] {processor.py:925} INFO - DAG(s) 'hello_airflow' retrieved from /opt/airflow/dags/hello_airflow.py
[2025-02-22T06:45:00.207+0000] {logging_mixin.py:190} INFO - [2025-02-22T06:45:00.206+0000] {dag.py:3239} INFO - Sync 1 DAGs
[2025-02-22T06:45:00.240+0000] {logging_mixin.py:190} INFO - [2025-02-22T06:45:00.240+0000] {dag.py:4180} INFO - Setting next_dagrun for hello_airflow to 2025-02-20 10:00:00+00:00, run_after=2025-02-21 10:00:00+00:00
[2025-02-22T06:45:00.273+0000] {processor.py:208} INFO - Processing /opt/airflow/dags/hello_airflow.py took 0.137 seconds
[2025-02-22T06:45:30.815+0000] {processor.py:186} INFO - Started process (PID=48) to work on /opt/airflow/dags/hello_airflow.py
[2025-02-22T06:45:30.816+0000] {processor.py:914} INFO - Processing file /opt/airflow/dags/hello_airflow.py for tasks to queue
[2025-02-22T06:45:30.821+0000] {logging_mixin.py:190} INFO - [2025-02-22T06:45:30.821+0000] {dagbag.py:588} INFO - Filling up the DagBag from /opt/airflow/dags/hello_airflow.py
[2025-02-22T06:45:30.855+0000] {processor.py:925} INFO - DAG(s) 'hello_airflow' retrieved from /opt/airflow/dags/hello_airflow.py
[2025-02-22T06:45:30.901+0000] {logging_mixin.py:190} INFO - [2025-02-22T06:45:30.900+0000] {dag.py:3239} INFO - Sync 1 DAGs
[2025-02-22T06:45:30.950+0000] {logging_mixin.py:190} INFO - [2025-02-22T06:45:30.949+0000] {dag.py:4180} INFO - Setting next_dagrun for hello_airflow to 2025-02-20 10:00:00+00:00, run_after=2025-02-21 10:00:00+00:00
[2025-02-22T06:45:30.997+0000] {processor.py:208} INFO - Processing /opt/airflow/dags/hello_airflow.py took 0.191 seconds
[2025-02-22T06:46:01.391+0000] {processor.py:186} INFO - Started process (PID=49) to work on /opt/airflow/dags/hello_airflow.py
[2025-02-22T06:46:01.394+0000] {processor.py:914} INFO - Processing file /opt/airflow/dags/hello_airflow.py for tasks to queue
[2025-02-22T06:46:01.398+0000] {logging_mixin.py:190} INFO - [2025-02-22T06:46:01.398+0000] {dagbag.py:588} INFO - Filling up the DagBag from /opt/airflow/dags/hello_airflow.py
[2025-02-22T06:46:01.448+0000] {processor.py:925} INFO - DAG(s) 'hello_airflow' retrieved from /opt/airflow/dags/hello_airflow.py
[2025-02-22T06:46:01.503+0000] {logging_mixin.py:190} INFO - [2025-02-22T06:46:01.503+0000] {dag.py:3239} INFO - Sync 1 DAGs
[2025-02-22T06:46:01.538+0000] {logging_mixin.py:190} INFO - [2025-02-22T06:46:01.537+0000] {dag.py:4180} INFO - Setting next_dagrun for hello_airflow to 2025-02-20 10:00:00+00:00, run_after=2025-02-21 10:00:00+00:00
[2025-02-22T06:46:01.576+0000] {processor.py:208} INFO - Processing /opt/airflow/dags/hello_airflow.py took 0.196 seconds
[2025-02-22T06:46:31.973+0000] {processor.py:186} INFO - Started process (PID=50) to work on /opt/airflow/dags/hello_airflow.py
[2025-02-22T06:46:31.975+0000] {processor.py:914} INFO - Processing file /opt/airflow/dags/hello_airflow.py for tasks to queue
[2025-02-22T06:46:31.978+0000] {logging_mixin.py:190} INFO - [2025-02-22T06:46:31.977+0000] {dagbag.py:588} INFO - Filling up the DagBag from /opt/airflow/dags/hello_airflow.py
[2025-02-22T06:46:32.004+0000] {processor.py:925} INFO - DAG(s) 'hello_airflow' retrieved from /opt/airflow/dags/hello_airflow.py
[2025-02-22T06:46:32.037+0000] {logging_mixin.py:190} INFO - [2025-02-22T06:46:32.037+0000] {dag.py:3239} INFO - Sync 1 DAGs
[2025-02-22T06:46:32.080+0000] {logging_mixin.py:190} INFO - [2025-02-22T06:46:32.080+0000] {dag.py:4180} INFO - Setting next_dagrun for hello_airflow to 2025-02-20 10:00:00+00:00, run_after=2025-02-21 10:00:00+00:00
[2025-02-22T06:46:32.133+0000] {processor.py:208} INFO - Processing /opt/airflow/dags/hello_airflow.py took 0.171 seconds
[2025-02-22T06:47:03.021+0000] {processor.py:186} INFO - Started process (PID=51) to work on /opt/airflow/dags/hello_airflow.py
[2025-02-22T06:47:03.058+0000] {processor.py:914} INFO - Processing file /opt/airflow/dags/hello_airflow.py for tasks to queue
[2025-02-22T06:47:03.063+0000] {logging_mixin.py:190} INFO - [2025-02-22T06:47:03.063+0000] {dagbag.py:588} INFO - Filling up the DagBag from /opt/airflow/dags/hello_airflow.py
[2025-02-22T06:47:03.114+0000] {processor.py:925} INFO - DAG(s) 'hello_airflow' retrieved from /opt/airflow/dags/hello_airflow.py
[2025-02-22T06:47:03.225+0000] {logging_mixin.py:190} INFO - [2025-02-22T06:47:03.224+0000] {dag.py:3239} INFO - Sync 1 DAGs
[2025-02-22T06:47:03.355+0000] {logging_mixin.py:190} INFO - [2025-02-22T06:47:03.355+0000] {dag.py:4180} INFO - Setting next_dagrun for hello_airflow to 2025-02-20 10:00:00+00:00, run_after=2025-02-21 10:00:00+00:00
[2025-02-22T06:47:03.491+0000] {processor.py:208} INFO - Processing /opt/airflow/dags/hello_airflow.py took 0.469 seconds
[2025-02-22T06:47:34.593+0000] {processor.py:186} INFO - Started process (PID=52) to work on /opt/airflow/dags/hello_airflow.py
[2025-02-22T06:47:34.594+0000] {processor.py:914} INFO - Processing file /opt/airflow/dags/hello_airflow.py for tasks to queue
[2025-02-22T06:47:34.598+0000] {logging_mixin.py:190} INFO - [2025-02-22T06:47:34.598+0000] {dagbag.py:588} INFO - Filling up the DagBag from /opt/airflow/dags/hello_airflow.py
[2025-02-22T06:47:34.626+0000] {processor.py:925} INFO - DAG(s) 'hello_airflow' retrieved from /opt/airflow/dags/hello_airflow.py
[2025-02-22T06:47:34.663+0000] {logging_mixin.py:190} INFO - [2025-02-22T06:47:34.663+0000] {dag.py:3239} INFO - Sync 1 DAGs
[2025-02-22T06:47:34.707+0000] {logging_mixin.py:190} INFO - [2025-02-22T06:47:34.706+0000] {dag.py:4180} INFO - Setting next_dagrun for hello_airflow to 2025-02-20 10:00:00+00:00, run_after=2025-02-21 10:00:00+00:00
[2025-02-22T06:47:34.757+0000] {processor.py:208} INFO - Processing /opt/airflow/dags/hello_airflow.py took 0.174 seconds
[2025-02-22T06:48:04.881+0000] {processor.py:186} INFO - Started process (PID=53) to work on /opt/airflow/dags/hello_airflow.py
[2025-02-22T06:48:04.883+0000] {processor.py:914} INFO - Processing file /opt/airflow/dags/hello_airflow.py for tasks to queue
[2025-02-22T06:48:04.887+0000] {logging_mixin.py:190} INFO - [2025-02-22T06:48:04.886+0000] {dagbag.py:588} INFO - Filling up the DagBag from /opt/airflow/dags/hello_airflow.py
[2025-02-22T06:48:04.921+0000] {processor.py:925} INFO - DAG(s) 'hello_airflow' retrieved from /opt/airflow/dags/hello_airflow.py
[2025-02-22T06:48:04.958+0000] {logging_mixin.py:190} INFO - [2025-02-22T06:48:04.958+0000] {dag.py:3239} INFO - Sync 1 DAGs
[2025-02-22T06:48:04.992+0000] {logging_mixin.py:190} INFO - [2025-02-22T06:48:04.992+0000] {dag.py:4180} INFO - Setting next_dagrun for hello_airflow to 2025-02-20 10:00:00+00:00, run_after=2025-02-21 10:00:00+00:00
[2025-02-22T06:48:05.031+0000] {processor.py:208} INFO - Processing /opt/airflow/dags/hello_airflow.py took 0.158 seconds
[2025-02-22T06:48:36.090+0000] {processor.py:186} INFO - Started process (PID=54) to work on /opt/airflow/dags/hello_airflow.py
[2025-02-22T06:48:36.091+0000] {processor.py:914} INFO - Processing file /opt/airflow/dags/hello_airflow.py for tasks to queue
[2025-02-22T06:48:36.096+0000] {logging_mixin.py:190} INFO - [2025-02-22T06:48:36.095+0000] {dagbag.py:588} INFO - Filling up the DagBag from /opt/airflow/dags/hello_airflow.py
[2025-02-22T06:48:36.123+0000] {processor.py:925} INFO - DAG(s) 'hello_airflow' retrieved from /opt/airflow/dags/hello_airflow.py
[2025-02-22T06:48:36.153+0000] {logging_mixin.py:190} INFO - [2025-02-22T06:48:36.152+0000] {dag.py:3239} INFO - Sync 1 DAGs
[2025-02-22T06:48:36.188+0000] {logging_mixin.py:190} INFO - [2025-02-22T06:48:36.187+0000] {dag.py:4180} INFO - Setting next_dagrun for hello_airflow to 2025-02-20 10:00:00+00:00, run_after=2025-02-21 10:00:00+00:00
[2025-02-22T06:48:36.223+0000] {processor.py:208} INFO - Processing /opt/airflow/dags/hello_airflow.py took 0.140 seconds
[2025-02-22T06:49:06.783+0000] {processor.py:186} INFO - Started process (PID=55) to work on /opt/airflow/dags/hello_airflow.py
[2025-02-22T06:49:06.784+0000] {processor.py:914} INFO - Processing file /opt/airflow/dags/hello_airflow.py for tasks to queue
[2025-02-22T06:49:06.788+0000] {logging_mixin.py:190} INFO - [2025-02-22T06:49:06.787+0000] {dagbag.py:588} INFO - Filling up the DagBag from /opt/airflow/dags/hello_airflow.py
[2025-02-22T06:49:06.816+0000] {processor.py:925} INFO - DAG(s) 'hello_airflow' retrieved from /opt/airflow/dags/hello_airflow.py
[2025-02-22T06:49:06.853+0000] {logging_mixin.py:190} INFO - [2025-02-22T06:49:06.853+0000] {dag.py:3239} INFO - Sync 1 DAGs
[2025-02-22T06:49:06.889+0000] {logging_mixin.py:190} INFO - [2025-02-22T06:49:06.889+0000] {dag.py:4180} INFO - Setting next_dagrun for hello_airflow to 2025-02-20 10:00:00+00:00, run_after=2025-02-21 10:00:00+00:00
[2025-02-22T06:49:06.930+0000] {processor.py:208} INFO - Processing /opt/airflow/dags/hello_airflow.py took 0.158 seconds
[2025-02-22T06:49:37.073+0000] {processor.py:186} INFO - Started process (PID=56) to work on /opt/airflow/dags/hello_airflow.py
[2025-02-22T06:49:37.075+0000] {processor.py:914} INFO - Processing file /opt/airflow/dags/hello_airflow.py for tasks to queue
[2025-02-22T06:49:37.081+0000] {logging_mixin.py:190} INFO - [2025-02-22T06:49:37.080+0000] {dagbag.py:588} INFO - Filling up the DagBag from /opt/airflow/dags/hello_airflow.py
[2025-02-22T06:49:37.116+0000] {processor.py:925} INFO - DAG(s) 'hello_airflow' retrieved from /opt/airflow/dags/hello_airflow.py
[2025-02-22T06:49:37.160+0000] {logging_mixin.py:190} INFO - [2025-02-22T06:49:37.160+0000] {dag.py:3239} INFO - Sync 1 DAGs
[2025-02-22T06:49:37.203+0000] {logging_mixin.py:190} INFO - [2025-02-22T06:49:37.203+0000] {dag.py:4180} INFO - Setting next_dagrun for hello_airflow to 2025-02-20 10:00:00+00:00, run_after=2025-02-21 10:00:00+00:00
[2025-02-22T06:49:37.264+0000] {processor.py:208} INFO - Processing /opt/airflow/dags/hello_airflow.py took 0.200 seconds
[2025-02-22T06:50:07.544+0000] {processor.py:186} INFO - Started process (PID=57) to work on /opt/airflow/dags/hello_airflow.py
[2025-02-22T06:50:07.545+0000] {processor.py:914} INFO - Processing file /opt/airflow/dags/hello_airflow.py for tasks to queue
[2025-02-22T06:50:07.549+0000] {logging_mixin.py:190} INFO - [2025-02-22T06:50:07.548+0000] {dagbag.py:588} INFO - Filling up the DagBag from /opt/airflow/dags/hello_airflow.py
[2025-02-22T06:50:07.578+0000] {processor.py:925} INFO - DAG(s) 'hello_airflow' retrieved from /opt/airflow/dags/hello_airflow.py
[2025-02-22T06:50:07.616+0000] {logging_mixin.py:190} INFO - [2025-02-22T06:50:07.615+0000] {dag.py:3239} INFO - Sync 1 DAGs
[2025-02-22T06:50:07.652+0000] {logging_mixin.py:190} INFO - [2025-02-22T06:50:07.651+0000] {dag.py:4180} INFO - Setting next_dagrun for hello_airflow to 2025-02-20 10:00:00+00:00, run_after=2025-02-21 10:00:00+00:00
[2025-02-22T06:50:07.694+0000] {processor.py:208} INFO - Processing /opt/airflow/dags/hello_airflow.py took 0.162 seconds
[2025-02-22T06:50:38.006+0000] {processor.py:186} INFO - Started process (PID=58) to work on /opt/airflow/dags/hello_airflow.py
[2025-02-22T06:50:38.007+0000] {processor.py:914} INFO - Processing file /opt/airflow/dags/hello_airflow.py for tasks to queue
[2025-02-22T06:50:38.011+0000] {logging_mixin.py:190} INFO - [2025-02-22T06:50:38.011+0000] {dagbag.py:588} INFO - Filling up the DagBag from /opt/airflow/dags/hello_airflow.py
[2025-02-22T06:50:38.038+0000] {processor.py:925} INFO - DAG(s) 'hello_airflow' retrieved from /opt/airflow/dags/hello_airflow.py
[2025-02-22T06:50:38.071+0000] {logging_mixin.py:190} INFO - [2025-02-22T06:50:38.071+0000] {dag.py:3239} INFO - Sync 1 DAGs
[2025-02-22T06:50:38.104+0000] {logging_mixin.py:190} INFO - [2025-02-22T06:50:38.104+0000] {dag.py:4180} INFO - Setting next_dagrun for hello_airflow to 2025-02-20 10:00:00+00:00, run_after=2025-02-21 10:00:00+00:00
[2025-02-22T06:50:38.137+0000] {processor.py:208} INFO - Processing /opt/airflow/dags/hello_airflow.py took 0.144 seconds
[2025-02-22T06:51:08.342+0000] {processor.py:186} INFO - Started process (PID=59) to work on /opt/airflow/dags/hello_airflow.py
[2025-02-22T06:51:08.344+0000] {processor.py:914} INFO - Processing file /opt/airflow/dags/hello_airflow.py for tasks to queue
[2025-02-22T06:51:08.357+0000] {logging_mixin.py:190} INFO - [2025-02-22T06:51:08.349+0000] {dagbag.py:588} INFO - Filling up the DagBag from /opt/airflow/dags/hello_airflow.py
[2025-02-22T06:51:09.149+0000] {processor.py:925} INFO - DAG(s) 'hello_airflow' retrieved from /opt/airflow/dags/hello_airflow.py
[2025-02-22T06:51:09.261+0000] {logging_mixin.py:190} INFO - [2025-02-22T06:51:09.260+0000] {dag.py:3239} INFO - Sync 1 DAGs
[2025-02-22T06:51:09.467+0000] {logging_mixin.py:190} INFO - [2025-02-22T06:51:09.456+0000] {dag.py:4180} INFO - Setting next_dagrun for hello_airflow to 2025-02-20 10:00:00+00:00, run_after=2025-02-21 10:00:00+00:00
[2025-02-22T06:51:09.661+0000] {processor.py:208} INFO - Processing /opt/airflow/dags/hello_airflow.py took 1.331 seconds
[2025-02-22T06:51:39.938+0000] {processor.py:186} INFO - Started process (PID=60) to work on /opt/airflow/dags/hello_airflow.py
[2025-02-22T06:51:39.940+0000] {processor.py:914} INFO - Processing file /opt/airflow/dags/hello_airflow.py for tasks to queue
[2025-02-22T06:51:39.946+0000] {logging_mixin.py:190} INFO - [2025-02-22T06:51:39.945+0000] {dagbag.py:588} INFO - Filling up the DagBag from /opt/airflow/dags/hello_airflow.py
[2025-02-22T06:51:39.985+0000] {processor.py:925} INFO - DAG(s) 'hello_airflow' retrieved from /opt/airflow/dags/hello_airflow.py
[2025-02-22T06:51:40.042+0000] {logging_mixin.py:190} INFO - [2025-02-22T06:51:40.040+0000] {dag.py:3239} INFO - Sync 1 DAGs
[2025-02-22T06:51:40.132+0000] {logging_mixin.py:190} INFO - [2025-02-22T06:51:40.131+0000] {dag.py:4180} INFO - Setting next_dagrun for hello_airflow to 2025-02-20 10:00:00+00:00, run_after=2025-02-21 10:00:00+00:00
[2025-02-22T06:51:40.221+0000] {processor.py:208} INFO - Processing /opt/airflow/dags/hello_airflow.py took 0.292 seconds
[2025-02-22T06:52:10.463+0000] {processor.py:186} INFO - Started process (PID=61) to work on /opt/airflow/dags/hello_airflow.py
[2025-02-22T06:52:10.464+0000] {processor.py:914} INFO - Processing file /opt/airflow/dags/hello_airflow.py for tasks to queue
[2025-02-22T06:52:10.469+0000] {logging_mixin.py:190} INFO - [2025-02-22T06:52:10.468+0000] {dagbag.py:588} INFO - Filling up the DagBag from /opt/airflow/dags/hello_airflow.py
[2025-02-22T06:52:10.496+0000] {processor.py:925} INFO - DAG(s) 'hello_airflow' retrieved from /opt/airflow/dags/hello_airflow.py
[2025-02-22T06:52:10.529+0000] {logging_mixin.py:190} INFO - [2025-02-22T06:52:10.529+0000] {dag.py:3239} INFO - Sync 1 DAGs
[2025-02-22T06:52:10.567+0000] {logging_mixin.py:190} INFO - [2025-02-22T06:52:10.567+0000] {dag.py:4180} INFO - Setting next_dagrun for hello_airflow to 2025-02-20 10:00:00+00:00, run_after=2025-02-21 10:00:00+00:00
[2025-02-22T06:52:10.602+0000] {processor.py:208} INFO - Processing /opt/airflow/dags/hello_airflow.py took 0.147 seconds
[2025-02-22T06:52:40.847+0000] {processor.py:186} INFO - Started process (PID=62) to work on /opt/airflow/dags/hello_airflow.py
[2025-02-22T06:52:40.850+0000] {processor.py:914} INFO - Processing file /opt/airflow/dags/hello_airflow.py for tasks to queue
[2025-02-22T06:52:40.858+0000] {logging_mixin.py:190} INFO - [2025-02-22T06:52:40.857+0000] {dagbag.py:588} INFO - Filling up the DagBag from /opt/airflow/dags/hello_airflow.py
[2025-02-22T06:52:40.883+0000] {processor.py:925} INFO - DAG(s) 'hello_airflow' retrieved from /opt/airflow/dags/hello_airflow.py
[2025-02-22T06:52:40.916+0000] {logging_mixin.py:190} INFO - [2025-02-22T06:52:40.916+0000] {dag.py:3239} INFO - Sync 1 DAGs
[2025-02-22T06:52:40.957+0000] {logging_mixin.py:190} INFO - [2025-02-22T06:52:40.957+0000] {dag.py:4180} INFO - Setting next_dagrun for hello_airflow to 2025-02-20 10:00:00+00:00, run_after=2025-02-21 10:00:00+00:00
[2025-02-22T06:52:40.994+0000] {processor.py:208} INFO - Processing /opt/airflow/dags/hello_airflow.py took 0.162 seconds
[2025-02-22T06:53:11.281+0000] {processor.py:186} INFO - Started process (PID=63) to work on /opt/airflow/dags/hello_airflow.py
[2025-02-22T06:53:11.282+0000] {processor.py:914} INFO - Processing file /opt/airflow/dags/hello_airflow.py for tasks to queue
[2025-02-22T06:53:11.287+0000] {logging_mixin.py:190} INFO - [2025-02-22T06:53:11.286+0000] {dagbag.py:588} INFO - Filling up the DagBag from /opt/airflow/dags/hello_airflow.py
[2025-02-22T06:53:11.338+0000] {processor.py:925} INFO - DAG(s) 'hello_airflow' retrieved from /opt/airflow/dags/hello_airflow.py
[2025-02-22T06:53:11.386+0000] {logging_mixin.py:190} INFO - [2025-02-22T06:53:11.385+0000] {dag.py:3239} INFO - Sync 1 DAGs
[2025-02-22T06:53:11.441+0000] {logging_mixin.py:190} INFO - [2025-02-22T06:53:11.440+0000] {dag.py:4180} INFO - Setting next_dagrun for hello_airflow to 2025-02-20 10:00:00+00:00, run_after=2025-02-21 10:00:00+00:00
[2025-02-22T06:53:11.487+0000] {processor.py:208} INFO - Processing /opt/airflow/dags/hello_airflow.py took 0.221 seconds
[2025-02-22T06:53:41.648+0000] {processor.py:186} INFO - Started process (PID=64) to work on /opt/airflow/dags/hello_airflow.py
[2025-02-22T06:53:41.649+0000] {processor.py:914} INFO - Processing file /opt/airflow/dags/hello_airflow.py for tasks to queue
[2025-02-22T06:53:41.653+0000] {logging_mixin.py:190} INFO - [2025-02-22T06:53:41.653+0000] {dagbag.py:588} INFO - Filling up the DagBag from /opt/airflow/dags/hello_airflow.py
[2025-02-22T06:53:41.687+0000] {processor.py:925} INFO - DAG(s) 'hello_airflow' retrieved from /opt/airflow/dags/hello_airflow.py
[2025-02-22T06:53:41.727+0000] {logging_mixin.py:190} INFO - [2025-02-22T06:53:41.727+0000] {dag.py:3239} INFO - Sync 1 DAGs
[2025-02-22T06:53:41.768+0000] {logging_mixin.py:190} INFO - [2025-02-22T06:53:41.768+0000] {dag.py:4180} INFO - Setting next_dagrun for hello_airflow to 2025-02-20 10:00:00+00:00, run_after=2025-02-21 10:00:00+00:00
[2025-02-22T06:53:41.824+0000] {processor.py:208} INFO - Processing /opt/airflow/dags/hello_airflow.py took 0.185 seconds
[2025-02-22T06:54:12.100+0000] {processor.py:186} INFO - Started process (PID=65) to work on /opt/airflow/dags/hello_airflow.py
[2025-02-22T06:54:12.102+0000] {processor.py:914} INFO - Processing file /opt/airflow/dags/hello_airflow.py for tasks to queue
[2025-02-22T06:54:12.105+0000] {logging_mixin.py:190} INFO - [2025-02-22T06:54:12.104+0000] {dagbag.py:588} INFO - Filling up the DagBag from /opt/airflow/dags/hello_airflow.py
[2025-02-22T06:54:12.143+0000] {processor.py:925} INFO - DAG(s) 'hello_airflow' retrieved from /opt/airflow/dags/hello_airflow.py
[2025-02-22T06:54:12.243+0000] {logging_mixin.py:190} INFO - [2025-02-22T06:54:12.243+0000] {dag.py:3239} INFO - Sync 1 DAGs
[2025-02-22T06:54:12.319+0000] {logging_mixin.py:190} INFO - [2025-02-22T06:54:12.318+0000] {dag.py:4180} INFO - Setting next_dagrun for hello_airflow to 2025-02-20 10:00:00+00:00, run_after=2025-02-21 10:00:00+00:00
[2025-02-22T06:54:12.447+0000] {processor.py:208} INFO - Processing /opt/airflow/dags/hello_airflow.py took 0.356 seconds
[2025-02-22T06:54:42.699+0000] {processor.py:186} INFO - Started process (PID=66) to work on /opt/airflow/dags/hello_airflow.py
[2025-02-22T06:54:42.702+0000] {processor.py:914} INFO - Processing file /opt/airflow/dags/hello_airflow.py for tasks to queue
[2025-02-22T06:54:42.705+0000] {logging_mixin.py:190} INFO - [2025-02-22T06:54:42.704+0000] {dagbag.py:588} INFO - Filling up the DagBag from /opt/airflow/dags/hello_airflow.py
[2025-02-22T06:54:42.732+0000] {processor.py:925} INFO - DAG(s) 'hello_airflow' retrieved from /opt/airflow/dags/hello_airflow.py
[2025-02-22T06:54:42.762+0000] {logging_mixin.py:190} INFO - [2025-02-22T06:54:42.762+0000] {dag.py:3239} INFO - Sync 1 DAGs
[2025-02-22T06:54:42.796+0000] {logging_mixin.py:190} INFO - [2025-02-22T06:54:42.796+0000] {dag.py:4180} INFO - Setting next_dagrun for hello_airflow to 2025-02-20 10:00:00+00:00, run_after=2025-02-21 10:00:00+00:00
[2025-02-22T06:54:42.827+0000] {processor.py:208} INFO - Processing /opt/airflow/dags/hello_airflow.py took 0.135 seconds
[2025-02-22T06:55:13.021+0000] {processor.py:186} INFO - Started process (PID=67) to work on /opt/airflow/dags/hello_airflow.py
[2025-02-22T06:55:13.022+0000] {processor.py:914} INFO - Processing file /opt/airflow/dags/hello_airflow.py for tasks to queue
[2025-02-22T06:55:13.026+0000] {logging_mixin.py:190} INFO - [2025-02-22T06:55:13.025+0000] {dagbag.py:588} INFO - Filling up the DagBag from /opt/airflow/dags/hello_airflow.py
[2025-02-22T06:55:13.053+0000] {processor.py:925} INFO - DAG(s) 'hello_airflow' retrieved from /opt/airflow/dags/hello_airflow.py
[2025-02-22T06:55:13.088+0000] {logging_mixin.py:190} INFO - [2025-02-22T06:55:13.087+0000] {dag.py:3239} INFO - Sync 1 DAGs
[2025-02-22T06:55:13.122+0000] {logging_mixin.py:190} INFO - [2025-02-22T06:55:13.122+0000] {dag.py:4180} INFO - Setting next_dagrun for hello_airflow to 2025-02-20 10:00:00+00:00, run_after=2025-02-21 10:00:00+00:00
[2025-02-22T06:55:13.154+0000] {processor.py:208} INFO - Processing /opt/airflow/dags/hello_airflow.py took 0.144 seconds
