[2025-02-21T08:59:30.776+0000] {processor.py:186} INFO - Started process (PID=28) to work on /opt/airflow/dags/hello_airflow.py
[2025-02-21T08:59:30.779+0000] {processor.py:914} INFO - Processing file /opt/airflow/dags/hello_airflow.py for tasks to queue
[2025-02-21T08:59:30.786+0000] {logging_mixin.py:190} INFO - [2025-02-21T08:59:30.786+0000] {dagbag.py:588} INFO - Filling up the DagBag from /opt/airflow/dags/hello_airflow.py
[2025-02-21T08:59:30.848+0000] {processor.py:925} INFO - DAG(s) 'hello_airflow' retrieved from /opt/airflow/dags/hello_airflow.py
[2025-02-21T08:59:31.274+0000] {logging_mixin.py:190} INFO - [2025-02-21T08:59:31.273+0000] {override.py:1912} INFO - Created Permission View: can delete on DAG:hello_airflow
[2025-02-21T08:59:31.298+0000] {logging_mixin.py:190} INFO - [2025-02-21T08:59:31.297+0000] {override.py:1912} INFO - Created Permission View: can read on DAG:hello_airflow
[2025-02-21T08:59:31.326+0000] {logging_mixin.py:190} INFO - [2025-02-21T08:59:31.325+0000] {override.py:1912} INFO - Created Permission View: can edit on DAG:hello_airflow
[2025-02-21T08:59:31.362+0000] {logging_mixin.py:190} INFO - [2025-02-21T08:59:31.361+0000] {override.py:1912} INFO - Created Permission View: can delete on DAG Run:hello_airflow
[2025-02-21T08:59:31.397+0000] {logging_mixin.py:190} INFO - [2025-02-21T08:59:31.396+0000] {override.py:1912} INFO - Created Permission View: can read on DAG Run:hello_airflow
[2025-02-21T08:59:31.426+0000] {logging_mixin.py:190} INFO - [2025-02-21T08:59:31.426+0000] {override.py:1912} INFO - Created Permission View: can create on DAG Run:hello_airflow
[2025-02-21T08:59:31.453+0000] {logging_mixin.py:190} INFO - [2025-02-21T08:59:31.452+0000] {override.py:1912} INFO - Created Permission View: menu access on DAG Run:hello_airflow
[2025-02-21T08:59:31.454+0000] {logging_mixin.py:190} INFO - [2025-02-21T08:59:31.454+0000] {dag.py:3239} INFO - Sync 1 DAGs
[2025-02-21T08:59:31.477+0000] {logging_mixin.py:190} INFO - [2025-02-21T08:59:31.477+0000] {dag.py:3262} INFO - Creating ORM DAG for hello_airflow
[2025-02-21T08:59:31.496+0000] {logging_mixin.py:190} INFO - [2025-02-21T08:59:31.496+0000] {dag.py:4180} INFO - Setting next_dagrun for hello_airflow to 2025-02-19 10:00:00+00:00, run_after=2025-02-20 10:00:00+00:00
[2025-02-21T08:59:31.530+0000] {processor.py:208} INFO - Processing /opt/airflow/dags/hello_airflow.py took 0.770 seconds
[2025-02-21T09:00:01.781+0000] {processor.py:186} INFO - Started process (PID=29) to work on /opt/airflow/dags/hello_airflow.py
[2025-02-21T09:00:01.782+0000] {processor.py:914} INFO - Processing file /opt/airflow/dags/hello_airflow.py for tasks to queue
[2025-02-21T09:00:01.785+0000] {logging_mixin.py:190} INFO - [2025-02-21T09:00:01.785+0000] {dagbag.py:588} INFO - Filling up the DagBag from /opt/airflow/dags/hello_airflow.py
[2025-02-21T09:00:01.813+0000] {processor.py:925} INFO - DAG(s) 'hello_airflow' retrieved from /opt/airflow/dags/hello_airflow.py
[2025-02-21T09:00:01.912+0000] {logging_mixin.py:190} INFO - [2025-02-21T09:00:01.910+0000] {dag.py:3239} INFO - Sync 1 DAGs
[2025-02-21T09:00:02.086+0000] {logging_mixin.py:190} INFO - [2025-02-21T09:00:02.085+0000] {dag.py:4180} INFO - Setting next_dagrun for hello_airflow to 2025-02-19 10:00:00+00:00, run_after=2025-02-20 10:00:00+00:00
[2025-02-21T09:00:02.282+0000] {processor.py:208} INFO - Processing /opt/airflow/dags/hello_airflow.py took 0.512 seconds
[2025-02-21T09:00:32.713+0000] {processor.py:186} INFO - Started process (PID=30) to work on /opt/airflow/dags/hello_airflow.py
[2025-02-21T09:00:32.715+0000] {processor.py:914} INFO - Processing file /opt/airflow/dags/hello_airflow.py for tasks to queue
[2025-02-21T09:00:32.727+0000] {logging_mixin.py:190} INFO - [2025-02-21T09:00:32.721+0000] {dagbag.py:588} INFO - Filling up the DagBag from /opt/airflow/dags/hello_airflow.py
[2025-02-21T09:00:32.762+0000] {processor.py:925} INFO - DAG(s) 'hello_airflow' retrieved from /opt/airflow/dags/hello_airflow.py
[2025-02-21T09:00:32.816+0000] {logging_mixin.py:190} INFO - [2025-02-21T09:00:32.816+0000] {dag.py:3239} INFO - Sync 1 DAGs
[2025-02-21T09:00:32.907+0000] {logging_mixin.py:190} INFO - [2025-02-21T09:00:32.907+0000] {dag.py:4180} INFO - Setting next_dagrun for hello_airflow to 2025-02-19 10:00:00+00:00, run_after=2025-02-20 10:00:00+00:00
[2025-02-21T09:00:32.962+0000] {processor.py:208} INFO - Processing /opt/airflow/dags/hello_airflow.py took 0.262 seconds
[2025-02-21T09:01:03.287+0000] {processor.py:186} INFO - Started process (PID=31) to work on /opt/airflow/dags/hello_airflow.py
[2025-02-21T09:01:03.290+0000] {processor.py:914} INFO - Processing file /opt/airflow/dags/hello_airflow.py for tasks to queue
[2025-02-21T09:01:03.299+0000] {logging_mixin.py:190} INFO - [2025-02-21T09:01:03.298+0000] {dagbag.py:588} INFO - Filling up the DagBag from /opt/airflow/dags/hello_airflow.py
[2025-02-21T09:01:03.356+0000] {processor.py:925} INFO - DAG(s) 'hello_airflow' retrieved from /opt/airflow/dags/hello_airflow.py
[2025-02-21T09:01:03.407+0000] {logging_mixin.py:190} INFO - [2025-02-21T09:01:03.407+0000] {dag.py:3239} INFO - Sync 1 DAGs
[2025-02-21T09:01:03.455+0000] {logging_mixin.py:190} INFO - [2025-02-21T09:01:03.454+0000] {dag.py:4180} INFO - Setting next_dagrun for hello_airflow to 2025-02-19 10:00:00+00:00, run_after=2025-02-20 10:00:00+00:00
[2025-02-21T09:01:03.498+0000] {processor.py:208} INFO - Processing /opt/airflow/dags/hello_airflow.py took 0.223 seconds
[2025-02-21T09:01:33.868+0000] {processor.py:186} INFO - Started process (PID=32) to work on /opt/airflow/dags/hello_airflow.py
[2025-02-21T09:01:33.870+0000] {processor.py:914} INFO - Processing file /opt/airflow/dags/hello_airflow.py for tasks to queue
[2025-02-21T09:01:33.873+0000] {logging_mixin.py:190} INFO - [2025-02-21T09:01:33.873+0000] {dagbag.py:588} INFO - Filling up the DagBag from /opt/airflow/dags/hello_airflow.py
[2025-02-21T09:01:33.899+0000] {processor.py:925} INFO - DAG(s) 'hello_airflow' retrieved from /opt/airflow/dags/hello_airflow.py
[2025-02-21T09:01:33.933+0000] {logging_mixin.py:190} INFO - [2025-02-21T09:01:33.933+0000] {dag.py:3239} INFO - Sync 1 DAGs
[2025-02-21T09:01:33.970+0000] {logging_mixin.py:190} INFO - [2025-02-21T09:01:33.970+0000] {dag.py:4180} INFO - Setting next_dagrun for hello_airflow to 2025-02-19 10:00:00+00:00, run_after=2025-02-20 10:00:00+00:00
[2025-02-21T09:01:34.024+0000] {processor.py:208} INFO - Processing /opt/airflow/dags/hello_airflow.py took 0.171 seconds
[2025-02-21T09:02:04.468+0000] {processor.py:186} INFO - Started process (PID=33) to work on /opt/airflow/dags/hello_airflow.py
[2025-02-21T09:02:04.473+0000] {processor.py:914} INFO - Processing file /opt/airflow/dags/hello_airflow.py for tasks to queue
[2025-02-21T09:02:04.489+0000] {logging_mixin.py:190} INFO - [2025-02-21T09:02:04.487+0000] {dagbag.py:588} INFO - Filling up the DagBag from /opt/airflow/dags/hello_airflow.py
[2025-02-21T09:02:04.588+0000] {processor.py:925} INFO - DAG(s) 'hello_airflow' retrieved from /opt/airflow/dags/hello_airflow.py
[2025-02-21T09:02:04.670+0000] {logging_mixin.py:190} INFO - [2025-02-21T09:02:04.669+0000] {dag.py:3239} INFO - Sync 1 DAGs
[2025-02-21T09:02:04.759+0000] {logging_mixin.py:190} INFO - [2025-02-21T09:02:04.758+0000] {dag.py:4180} INFO - Setting next_dagrun for hello_airflow to 2025-02-19 10:00:00+00:00, run_after=2025-02-20 10:00:00+00:00
[2025-02-21T09:02:04.822+0000] {processor.py:208} INFO - Processing /opt/airflow/dags/hello_airflow.py took 0.394 seconds
[2025-02-21T09:02:35.291+0000] {processor.py:186} INFO - Started process (PID=34) to work on /opt/airflow/dags/hello_airflow.py
[2025-02-21T09:02:35.293+0000] {processor.py:914} INFO - Processing file /opt/airflow/dags/hello_airflow.py for tasks to queue
[2025-02-21T09:02:35.301+0000] {logging_mixin.py:190} INFO - [2025-02-21T09:02:35.300+0000] {dagbag.py:588} INFO - Filling up the DagBag from /opt/airflow/dags/hello_airflow.py
[2025-02-21T09:02:35.336+0000] {processor.py:925} INFO - DAG(s) 'hello_airflow' retrieved from /opt/airflow/dags/hello_airflow.py
[2025-02-21T09:02:35.372+0000] {logging_mixin.py:190} INFO - [2025-02-21T09:02:35.372+0000] {dag.py:3239} INFO - Sync 1 DAGs
[2025-02-21T09:02:35.427+0000] {logging_mixin.py:190} INFO - [2025-02-21T09:02:35.427+0000] {dag.py:4180} INFO - Setting next_dagrun for hello_airflow to 2025-02-19 10:00:00+00:00, run_after=2025-02-20 10:00:00+00:00
[2025-02-21T09:02:35.479+0000] {processor.py:208} INFO - Processing /opt/airflow/dags/hello_airflow.py took 0.203 seconds
[2025-02-21T09:03:05.831+0000] {processor.py:186} INFO - Started process (PID=35) to work on /opt/airflow/dags/hello_airflow.py
[2025-02-21T09:03:05.833+0000] {processor.py:914} INFO - Processing file /opt/airflow/dags/hello_airflow.py for tasks to queue
[2025-02-21T09:03:05.839+0000] {logging_mixin.py:190} INFO - [2025-02-21T09:03:05.836+0000] {dagbag.py:588} INFO - Filling up the DagBag from /opt/airflow/dags/hello_airflow.py
[2025-02-21T09:03:05.877+0000] {processor.py:925} INFO - DAG(s) 'hello_airflow' retrieved from /opt/airflow/dags/hello_airflow.py
[2025-02-21T09:03:05.925+0000] {logging_mixin.py:190} INFO - [2025-02-21T09:03:05.925+0000] {dag.py:3239} INFO - Sync 1 DAGs
[2025-02-21T09:03:05.970+0000] {logging_mixin.py:190} INFO - [2025-02-21T09:03:05.970+0000] {dag.py:4180} INFO - Setting next_dagrun for hello_airflow to 2025-02-19 10:00:00+00:00, run_after=2025-02-20 10:00:00+00:00
[2025-02-21T09:03:06.017+0000] {processor.py:208} INFO - Processing /opt/airflow/dags/hello_airflow.py took 0.195 seconds
[2025-02-21T09:03:36.515+0000] {processor.py:186} INFO - Started process (PID=36) to work on /opt/airflow/dags/hello_airflow.py
[2025-02-21T09:03:36.519+0000] {processor.py:914} INFO - Processing file /opt/airflow/dags/hello_airflow.py for tasks to queue
[2025-02-21T09:03:36.525+0000] {logging_mixin.py:190} INFO - [2025-02-21T09:03:36.524+0000] {dagbag.py:588} INFO - Filling up the DagBag from /opt/airflow/dags/hello_airflow.py
[2025-02-21T09:03:36.580+0000] {processor.py:925} INFO - DAG(s) 'hello_airflow' retrieved from /opt/airflow/dags/hello_airflow.py
[2025-02-21T09:03:36.642+0000] {logging_mixin.py:190} INFO - [2025-02-21T09:03:36.641+0000] {dag.py:3239} INFO - Sync 1 DAGs
[2025-02-21T09:03:36.682+0000] {logging_mixin.py:190} INFO - [2025-02-21T09:03:36.681+0000] {dag.py:4180} INFO - Setting next_dagrun for hello_airflow to 2025-02-19 10:00:00+00:00, run_after=2025-02-20 10:00:00+00:00
[2025-02-21T09:03:36.723+0000] {processor.py:208} INFO - Processing /opt/airflow/dags/hello_airflow.py took 0.226 seconds
[2025-02-21T09:04:07.106+0000] {processor.py:186} INFO - Started process (PID=37) to work on /opt/airflow/dags/hello_airflow.py
[2025-02-21T09:04:07.108+0000] {processor.py:914} INFO - Processing file /opt/airflow/dags/hello_airflow.py for tasks to queue
[2025-02-21T09:04:07.113+0000] {logging_mixin.py:190} INFO - [2025-02-21T09:04:07.111+0000] {dagbag.py:588} INFO - Filling up the DagBag from /opt/airflow/dags/hello_airflow.py
[2025-02-21T09:04:07.154+0000] {processor.py:925} INFO - DAG(s) 'hello_airflow' retrieved from /opt/airflow/dags/hello_airflow.py
[2025-02-21T09:04:07.201+0000] {logging_mixin.py:190} INFO - [2025-02-21T09:04:07.200+0000] {dag.py:3239} INFO - Sync 1 DAGs
[2025-02-21T09:04:07.251+0000] {logging_mixin.py:190} INFO - [2025-02-21T09:04:07.250+0000] {dag.py:4180} INFO - Setting next_dagrun for hello_airflow to 2025-02-19 10:00:00+00:00, run_after=2025-02-20 10:00:00+00:00
[2025-02-21T09:04:07.331+0000] {processor.py:208} INFO - Processing /opt/airflow/dags/hello_airflow.py took 0.243 seconds
[2025-02-21T09:04:37.771+0000] {processor.py:186} INFO - Started process (PID=38) to work on /opt/airflow/dags/hello_airflow.py
[2025-02-21T09:04:37.782+0000] {processor.py:914} INFO - Processing file /opt/airflow/dags/hello_airflow.py for tasks to queue
[2025-02-21T09:04:37.789+0000] {logging_mixin.py:190} INFO - [2025-02-21T09:04:37.788+0000] {dagbag.py:588} INFO - Filling up the DagBag from /opt/airflow/dags/hello_airflow.py
[2025-02-21T09:04:37.838+0000] {processor.py:925} INFO - DAG(s) 'hello_airflow' retrieved from /opt/airflow/dags/hello_airflow.py
[2025-02-21T09:04:37.973+0000] {logging_mixin.py:190} INFO - [2025-02-21T09:04:37.972+0000] {dag.py:3239} INFO - Sync 1 DAGs
[2025-02-21T09:04:38.108+0000] {logging_mixin.py:190} INFO - [2025-02-21T09:04:38.105+0000] {dag.py:4180} INFO - Setting next_dagrun for hello_airflow to 2025-02-19 10:00:00+00:00, run_after=2025-02-20 10:00:00+00:00
[2025-02-21T09:04:38.169+0000] {processor.py:208} INFO - Processing /opt/airflow/dags/hello_airflow.py took 0.408 seconds
[2025-02-21T09:05:08.361+0000] {processor.py:186} INFO - Started process (PID=39) to work on /opt/airflow/dags/hello_airflow.py
[2025-02-21T09:05:08.362+0000] {processor.py:914} INFO - Processing file /opt/airflow/dags/hello_airflow.py for tasks to queue
[2025-02-21T09:05:08.366+0000] {logging_mixin.py:190} INFO - [2025-02-21T09:05:08.366+0000] {dagbag.py:588} INFO - Filling up the DagBag from /opt/airflow/dags/hello_airflow.py
[2025-02-21T09:05:08.420+0000] {processor.py:925} INFO - DAG(s) 'hello_airflow' retrieved from /opt/airflow/dags/hello_airflow.py
[2025-02-21T09:05:08.508+0000] {logging_mixin.py:190} INFO - [2025-02-21T09:05:08.508+0000] {dag.py:3239} INFO - Sync 1 DAGs
[2025-02-21T09:05:08.640+0000] {logging_mixin.py:190} INFO - [2025-02-21T09:05:08.638+0000] {dag.py:4180} INFO - Setting next_dagrun for hello_airflow to 2025-02-19 10:00:00+00:00, run_after=2025-02-20 10:00:00+00:00
[2025-02-21T09:05:08.715+0000] {processor.py:208} INFO - Processing /opt/airflow/dags/hello_airflow.py took 0.368 seconds
[2025-02-21T09:05:39.085+0000] {processor.py:186} INFO - Started process (PID=40) to work on /opt/airflow/dags/hello_airflow.py
[2025-02-21T09:05:39.086+0000] {processor.py:914} INFO - Processing file /opt/airflow/dags/hello_airflow.py for tasks to queue
[2025-02-21T09:05:39.090+0000] {logging_mixin.py:190} INFO - [2025-02-21T09:05:39.089+0000] {dagbag.py:588} INFO - Filling up the DagBag from /opt/airflow/dags/hello_airflow.py
[2025-02-21T09:05:39.118+0000] {processor.py:925} INFO - DAG(s) 'hello_airflow' retrieved from /opt/airflow/dags/hello_airflow.py
[2025-02-21T09:05:39.149+0000] {logging_mixin.py:190} INFO - [2025-02-21T09:05:39.149+0000] {dag.py:3239} INFO - Sync 1 DAGs
[2025-02-21T09:05:39.185+0000] {logging_mixin.py:190} INFO - [2025-02-21T09:05:39.185+0000] {dag.py:4180} INFO - Setting next_dagrun for hello_airflow to 2025-02-19 10:00:00+00:00, run_after=2025-02-20 10:00:00+00:00
[2025-02-21T09:05:39.230+0000] {processor.py:208} INFO - Processing /opt/airflow/dags/hello_airflow.py took 0.155 seconds
[2025-02-21T09:06:09.501+0000] {processor.py:186} INFO - Started process (PID=41) to work on /opt/airflow/dags/hello_airflow.py
[2025-02-21T09:06:09.502+0000] {processor.py:914} INFO - Processing file /opt/airflow/dags/hello_airflow.py for tasks to queue
[2025-02-21T09:06:09.506+0000] {logging_mixin.py:190} INFO - [2025-02-21T09:06:09.505+0000] {dagbag.py:588} INFO - Filling up the DagBag from /opt/airflow/dags/hello_airflow.py
[2025-02-21T09:06:09.540+0000] {processor.py:925} INFO - DAG(s) 'hello_airflow' retrieved from /opt/airflow/dags/hello_airflow.py
[2025-02-21T09:06:09.585+0000] {logging_mixin.py:190} INFO - [2025-02-21T09:06:09.585+0000] {dag.py:3239} INFO - Sync 1 DAGs
[2025-02-21T09:06:09.625+0000] {logging_mixin.py:190} INFO - [2025-02-21T09:06:09.624+0000] {dag.py:4180} INFO - Setting next_dagrun for hello_airflow to 2025-02-19 10:00:00+00:00, run_after=2025-02-20 10:00:00+00:00
[2025-02-21T09:06:09.664+0000] {processor.py:208} INFO - Processing /opt/airflow/dags/hello_airflow.py took 0.173 seconds
[2025-02-21T09:06:39.945+0000] {processor.py:186} INFO - Started process (PID=42) to work on /opt/airflow/dags/hello_airflow.py
[2025-02-21T09:06:39.948+0000] {processor.py:914} INFO - Processing file /opt/airflow/dags/hello_airflow.py for tasks to queue
[2025-02-21T09:06:39.956+0000] {logging_mixin.py:190} INFO - [2025-02-21T09:06:39.955+0000] {dagbag.py:588} INFO - Filling up the DagBag from /opt/airflow/dags/hello_airflow.py
[2025-02-21T09:06:40.015+0000] {processor.py:925} INFO - DAG(s) 'hello_airflow' retrieved from /opt/airflow/dags/hello_airflow.py
[2025-02-21T09:06:40.077+0000] {logging_mixin.py:190} INFO - [2025-02-21T09:06:40.076+0000] {dag.py:3239} INFO - Sync 1 DAGs
[2025-02-21T09:06:40.153+0000] {logging_mixin.py:190} INFO - [2025-02-21T09:06:40.153+0000] {dag.py:4180} INFO - Setting next_dagrun for hello_airflow to 2025-02-19 10:00:00+00:00, run_after=2025-02-20 10:00:00+00:00
[2025-02-21T09:06:40.235+0000] {processor.py:208} INFO - Processing /opt/airflow/dags/hello_airflow.py took 0.313 seconds
[2025-02-21T09:07:10.578+0000] {processor.py:186} INFO - Started process (PID=43) to work on /opt/airflow/dags/hello_airflow.py
[2025-02-21T09:07:10.579+0000] {processor.py:914} INFO - Processing file /opt/airflow/dags/hello_airflow.py for tasks to queue
[2025-02-21T09:07:10.582+0000] {logging_mixin.py:190} INFO - [2025-02-21T09:07:10.582+0000] {dagbag.py:588} INFO - Filling up the DagBag from /opt/airflow/dags/hello_airflow.py
[2025-02-21T09:07:10.614+0000] {processor.py:925} INFO - DAG(s) 'hello_airflow' retrieved from /opt/airflow/dags/hello_airflow.py
[2025-02-21T09:07:10.650+0000] {logging_mixin.py:190} INFO - [2025-02-21T09:07:10.649+0000] {dag.py:3239} INFO - Sync 1 DAGs
[2025-02-21T09:07:10.696+0000] {logging_mixin.py:190} INFO - [2025-02-21T09:07:10.695+0000] {dag.py:4180} INFO - Setting next_dagrun for hello_airflow to 2025-02-19 10:00:00+00:00, run_after=2025-02-20 10:00:00+00:00
[2025-02-21T09:07:10.743+0000] {processor.py:208} INFO - Processing /opt/airflow/dags/hello_airflow.py took 0.177 seconds
[2025-02-21T09:07:41.157+0000] {processor.py:186} INFO - Started process (PID=44) to work on /opt/airflow/dags/hello_airflow.py
[2025-02-21T09:07:41.162+0000] {processor.py:914} INFO - Processing file /opt/airflow/dags/hello_airflow.py for tasks to queue
[2025-02-21T09:07:41.174+0000] {logging_mixin.py:190} INFO - [2025-02-21T09:07:41.172+0000] {dagbag.py:588} INFO - Filling up the DagBag from /opt/airflow/dags/hello_airflow.py
[2025-02-21T09:07:41.283+0000] {processor.py:925} INFO - DAG(s) 'hello_airflow' retrieved from /opt/airflow/dags/hello_airflow.py
[2025-02-21T09:07:41.381+0000] {logging_mixin.py:190} INFO - [2025-02-21T09:07:41.381+0000] {dag.py:3239} INFO - Sync 1 DAGs
[2025-02-21T09:07:41.466+0000] {logging_mixin.py:190} INFO - [2025-02-21T09:07:41.465+0000] {dag.py:4180} INFO - Setting next_dagrun for hello_airflow to 2025-02-19 10:00:00+00:00, run_after=2025-02-20 10:00:00+00:00
[2025-02-21T09:07:41.514+0000] {processor.py:208} INFO - Processing /opt/airflow/dags/hello_airflow.py took 0.393 seconds
[2025-02-21T09:08:11.820+0000] {processor.py:186} INFO - Started process (PID=45) to work on /opt/airflow/dags/hello_airflow.py
[2025-02-21T09:08:11.822+0000] {processor.py:914} INFO - Processing file /opt/airflow/dags/hello_airflow.py for tasks to queue
[2025-02-21T09:08:11.837+0000] {logging_mixin.py:190} INFO - [2025-02-21T09:08:11.837+0000] {dagbag.py:588} INFO - Filling up the DagBag from /opt/airflow/dags/hello_airflow.py
[2025-02-21T09:08:11.887+0000] {processor.py:925} INFO - DAG(s) 'hello_airflow' retrieved from /opt/airflow/dags/hello_airflow.py
[2025-02-21T09:08:11.933+0000] {logging_mixin.py:190} INFO - [2025-02-21T09:08:11.933+0000] {dag.py:3239} INFO - Sync 1 DAGs
[2025-02-21T09:08:12.006+0000] {logging_mixin.py:190} INFO - [2025-02-21T09:08:12.005+0000] {dag.py:4180} INFO - Setting next_dagrun for hello_airflow to 2025-02-19 10:00:00+00:00, run_after=2025-02-20 10:00:00+00:00
[2025-02-21T09:08:12.058+0000] {processor.py:208} INFO - Processing /opt/airflow/dags/hello_airflow.py took 0.262 seconds
[2025-02-21T09:08:42.385+0000] {processor.py:186} INFO - Started process (PID=46) to work on /opt/airflow/dags/hello_airflow.py
[2025-02-21T09:08:42.387+0000] {processor.py:914} INFO - Processing file /opt/airflow/dags/hello_airflow.py for tasks to queue
[2025-02-21T09:08:42.392+0000] {logging_mixin.py:190} INFO - [2025-02-21T09:08:42.391+0000] {dagbag.py:588} INFO - Filling up the DagBag from /opt/airflow/dags/hello_airflow.py
[2025-02-21T09:08:42.437+0000] {processor.py:925} INFO - DAG(s) 'hello_airflow' retrieved from /opt/airflow/dags/hello_airflow.py
[2025-02-21T09:08:42.519+0000] {logging_mixin.py:190} INFO - [2025-02-21T09:08:42.519+0000] {dag.py:3239} INFO - Sync 1 DAGs
[2025-02-21T09:08:42.571+0000] {logging_mixin.py:190} INFO - [2025-02-21T09:08:42.571+0000] {dag.py:4180} INFO - Setting next_dagrun for hello_airflow to 2025-02-19 10:00:00+00:00, run_after=2025-02-20 10:00:00+00:00
[2025-02-21T09:08:42.615+0000] {processor.py:208} INFO - Processing /opt/airflow/dags/hello_airflow.py took 0.245 seconds
[2025-02-21T09:09:12.843+0000] {processor.py:186} INFO - Started process (PID=47) to work on /opt/airflow/dags/hello_airflow.py
[2025-02-21T09:09:12.845+0000] {processor.py:914} INFO - Processing file /opt/airflow/dags/hello_airflow.py for tasks to queue
[2025-02-21T09:09:12.848+0000] {logging_mixin.py:190} INFO - [2025-02-21T09:09:12.848+0000] {dagbag.py:588} INFO - Filling up the DagBag from /opt/airflow/dags/hello_airflow.py
[2025-02-21T09:09:12.893+0000] {processor.py:925} INFO - DAG(s) 'hello_airflow' retrieved from /opt/airflow/dags/hello_airflow.py
[2025-02-21T09:09:12.947+0000] {logging_mixin.py:190} INFO - [2025-02-21T09:09:12.947+0000] {dag.py:3239} INFO - Sync 1 DAGs
[2025-02-21T09:09:13.002+0000] {logging_mixin.py:190} INFO - [2025-02-21T09:09:13.001+0000] {dag.py:4180} INFO - Setting next_dagrun for hello_airflow to 2025-02-19 10:00:00+00:00, run_after=2025-02-20 10:00:00+00:00
[2025-02-21T09:09:13.065+0000] {processor.py:208} INFO - Processing /opt/airflow/dags/hello_airflow.py took 0.231 seconds
[2025-02-21T09:09:43.432+0000] {processor.py:186} INFO - Started process (PID=48) to work on /opt/airflow/dags/hello_airflow.py
[2025-02-21T09:09:43.433+0000] {processor.py:914} INFO - Processing file /opt/airflow/dags/hello_airflow.py for tasks to queue
[2025-02-21T09:09:43.437+0000] {logging_mixin.py:190} INFO - [2025-02-21T09:09:43.437+0000] {dagbag.py:588} INFO - Filling up the DagBag from /opt/airflow/dags/hello_airflow.py
[2025-02-21T09:09:43.470+0000] {processor.py:925} INFO - DAG(s) 'hello_airflow' retrieved from /opt/airflow/dags/hello_airflow.py
[2025-02-21T09:09:43.557+0000] {logging_mixin.py:190} INFO - [2025-02-21T09:09:43.556+0000] {dag.py:3239} INFO - Sync 1 DAGs
[2025-02-21T09:09:43.623+0000] {logging_mixin.py:190} INFO - [2025-02-21T09:09:43.622+0000] {dag.py:4180} INFO - Setting next_dagrun for hello_airflow to 2025-02-19 10:00:00+00:00, run_after=2025-02-20 10:00:00+00:00
[2025-02-21T09:09:43.683+0000] {processor.py:208} INFO - Processing /opt/airflow/dags/hello_airflow.py took 0.263 seconds
[2025-02-21T09:10:13.904+0000] {processor.py:186} INFO - Started process (PID=49) to work on /opt/airflow/dags/hello_airflow.py
[2025-02-21T09:10:13.917+0000] {processor.py:914} INFO - Processing file /opt/airflow/dags/hello_airflow.py for tasks to queue
[2025-02-21T09:10:13.925+0000] {logging_mixin.py:190} INFO - [2025-02-21T09:10:13.923+0000] {dagbag.py:588} INFO - Filling up the DagBag from /opt/airflow/dags/hello_airflow.py
[2025-02-21T09:10:13.978+0000] {processor.py:925} INFO - DAG(s) 'hello_airflow' retrieved from /opt/airflow/dags/hello_airflow.py
[2025-02-21T09:10:14.076+0000] {logging_mixin.py:190} INFO - [2025-02-21T09:10:14.075+0000] {dag.py:3239} INFO - Sync 1 DAGs
[2025-02-21T09:10:14.244+0000] {logging_mixin.py:190} INFO - [2025-02-21T09:10:14.243+0000] {dag.py:4180} INFO - Setting next_dagrun for hello_airflow to 2025-02-19 10:00:00+00:00, run_after=2025-02-20 10:00:00+00:00
[2025-02-21T09:10:14.303+0000] {processor.py:208} INFO - Processing /opt/airflow/dags/hello_airflow.py took 0.424 seconds
[2025-02-21T09:10:44.524+0000] {processor.py:186} INFO - Started process (PID=50) to work on /opt/airflow/dags/hello_airflow.py
[2025-02-21T09:10:44.528+0000] {processor.py:914} INFO - Processing file /opt/airflow/dags/hello_airflow.py for tasks to queue
[2025-02-21T09:10:44.535+0000] {logging_mixin.py:190} INFO - [2025-02-21T09:10:44.533+0000] {dagbag.py:588} INFO - Filling up the DagBag from /opt/airflow/dags/hello_airflow.py
[2025-02-21T09:10:44.587+0000] {processor.py:925} INFO - DAG(s) 'hello_airflow' retrieved from /opt/airflow/dags/hello_airflow.py
[2025-02-21T09:10:44.645+0000] {logging_mixin.py:190} INFO - [2025-02-21T09:10:44.644+0000] {dag.py:3239} INFO - Sync 1 DAGs
[2025-02-21T09:10:44.709+0000] {logging_mixin.py:190} INFO - [2025-02-21T09:10:44.708+0000] {dag.py:4180} INFO - Setting next_dagrun for hello_airflow to 2025-02-19 10:00:00+00:00, run_after=2025-02-20 10:00:00+00:00
[2025-02-21T09:10:44.787+0000] {processor.py:208} INFO - Processing /opt/airflow/dags/hello_airflow.py took 0.293 seconds
[2025-02-21T09:11:15.059+0000] {processor.py:186} INFO - Started process (PID=51) to work on /opt/airflow/dags/hello_airflow.py
[2025-02-21T09:11:15.062+0000] {processor.py:914} INFO - Processing file /opt/airflow/dags/hello_airflow.py for tasks to queue
[2025-02-21T09:11:15.074+0000] {logging_mixin.py:190} INFO - [2025-02-21T09:11:15.073+0000] {dagbag.py:588} INFO - Filling up the DagBag from /opt/airflow/dags/hello_airflow.py
[2025-02-21T09:11:15.157+0000] {processor.py:925} INFO - DAG(s) 'hello_airflow' retrieved from /opt/airflow/dags/hello_airflow.py
[2025-02-21T09:11:15.245+0000] {logging_mixin.py:190} INFO - [2025-02-21T09:11:15.244+0000] {dag.py:3239} INFO - Sync 1 DAGs
[2025-02-21T09:11:15.310+0000] {logging_mixin.py:190} INFO - [2025-02-21T09:11:15.310+0000] {dag.py:4180} INFO - Setting next_dagrun for hello_airflow to 2025-02-19 10:00:00+00:00, run_after=2025-02-20 10:00:00+00:00
[2025-02-21T09:11:15.400+0000] {processor.py:208} INFO - Processing /opt/airflow/dags/hello_airflow.py took 0.365 seconds
[2025-02-21T09:11:45.691+0000] {processor.py:186} INFO - Started process (PID=52) to work on /opt/airflow/dags/hello_airflow.py
[2025-02-21T09:11:45.693+0000] {processor.py:914} INFO - Processing file /opt/airflow/dags/hello_airflow.py for tasks to queue
[2025-02-21T09:11:45.698+0000] {logging_mixin.py:190} INFO - [2025-02-21T09:11:45.697+0000] {dagbag.py:588} INFO - Filling up the DagBag from /opt/airflow/dags/hello_airflow.py
[2025-02-21T09:11:45.730+0000] {processor.py:925} INFO - DAG(s) 'hello_airflow' retrieved from /opt/airflow/dags/hello_airflow.py
[2025-02-21T09:11:45.765+0000] {logging_mixin.py:190} INFO - [2025-02-21T09:11:45.764+0000] {dag.py:3239} INFO - Sync 1 DAGs
[2025-02-21T09:11:45.797+0000] {logging_mixin.py:190} INFO - [2025-02-21T09:11:45.797+0000] {dag.py:4180} INFO - Setting next_dagrun for hello_airflow to 2025-02-19 10:00:00+00:00, run_after=2025-02-20 10:00:00+00:00
[2025-02-21T09:11:45.836+0000] {processor.py:208} INFO - Processing /opt/airflow/dags/hello_airflow.py took 0.155 seconds
[2025-02-21T09:12:16.159+0000] {processor.py:186} INFO - Started process (PID=53) to work on /opt/airflow/dags/hello_airflow.py
[2025-02-21T09:12:16.162+0000] {processor.py:914} INFO - Processing file /opt/airflow/dags/hello_airflow.py for tasks to queue
[2025-02-21T09:12:16.170+0000] {logging_mixin.py:190} INFO - [2025-02-21T09:12:16.169+0000] {dagbag.py:588} INFO - Filling up the DagBag from /opt/airflow/dags/hello_airflow.py
[2025-02-21T09:12:16.249+0000] {processor.py:925} INFO - DAG(s) 'hello_airflow' retrieved from /opt/airflow/dags/hello_airflow.py
[2025-02-21T09:12:16.296+0000] {logging_mixin.py:190} INFO - [2025-02-21T09:12:16.296+0000] {dag.py:3239} INFO - Sync 1 DAGs
[2025-02-21T09:12:16.346+0000] {logging_mixin.py:190} INFO - [2025-02-21T09:12:16.345+0000] {dag.py:4180} INFO - Setting next_dagrun for hello_airflow to 2025-02-19 10:00:00+00:00, run_after=2025-02-20 10:00:00+00:00
[2025-02-21T09:12:16.400+0000] {processor.py:208} INFO - Processing /opt/airflow/dags/hello_airflow.py took 0.268 seconds
[2025-02-21T09:12:46.803+0000] {processor.py:186} INFO - Started process (PID=54) to work on /opt/airflow/dags/hello_airflow.py
[2025-02-21T09:12:46.818+0000] {processor.py:914} INFO - Processing file /opt/airflow/dags/hello_airflow.py for tasks to queue
[2025-02-21T09:12:46.843+0000] {logging_mixin.py:190} INFO - [2025-02-21T09:12:46.841+0000] {dagbag.py:588} INFO - Filling up the DagBag from /opt/airflow/dags/hello_airflow.py
[2025-02-21T09:12:46.901+0000] {processor.py:925} INFO - DAG(s) 'hello_airflow' retrieved from /opt/airflow/dags/hello_airflow.py
[2025-02-21T09:12:46.932+0000] {logging_mixin.py:190} INFO - [2025-02-21T09:12:46.932+0000] {dag.py:3239} INFO - Sync 1 DAGs
[2025-02-21T09:12:46.963+0000] {logging_mixin.py:190} INFO - [2025-02-21T09:12:46.963+0000] {dag.py:4180} INFO - Setting next_dagrun for hello_airflow to 2025-02-19 10:00:00+00:00, run_after=2025-02-20 10:00:00+00:00
[2025-02-21T09:12:46.997+0000] {processor.py:208} INFO - Processing /opt/airflow/dags/hello_airflow.py took 0.231 seconds
[2025-02-21T09:13:17.195+0000] {processor.py:186} INFO - Started process (PID=55) to work on /opt/airflow/dags/hello_airflow.py
[2025-02-21T09:13:17.196+0000] {processor.py:914} INFO - Processing file /opt/airflow/dags/hello_airflow.py for tasks to queue
[2025-02-21T09:13:17.201+0000] {logging_mixin.py:190} INFO - [2025-02-21T09:13:17.200+0000] {dagbag.py:588} INFO - Filling up the DagBag from /opt/airflow/dags/hello_airflow.py
[2025-02-21T09:13:17.228+0000] {processor.py:925} INFO - DAG(s) 'hello_airflow' retrieved from /opt/airflow/dags/hello_airflow.py
[2025-02-21T09:13:17.266+0000] {logging_mixin.py:190} INFO - [2025-02-21T09:13:17.266+0000] {dag.py:3239} INFO - Sync 1 DAGs
[2025-02-21T09:13:17.307+0000] {logging_mixin.py:190} INFO - [2025-02-21T09:13:17.307+0000] {dag.py:4180} INFO - Setting next_dagrun for hello_airflow to 2025-02-19 10:00:00+00:00, run_after=2025-02-20 10:00:00+00:00
[2025-02-21T09:13:17.345+0000] {processor.py:208} INFO - Processing /opt/airflow/dags/hello_airflow.py took 0.160 seconds
[2025-02-21T09:13:47.650+0000] {processor.py:186} INFO - Started process (PID=56) to work on /opt/airflow/dags/hello_airflow.py
[2025-02-21T09:13:47.653+0000] {processor.py:914} INFO - Processing file /opt/airflow/dags/hello_airflow.py for tasks to queue
[2025-02-21T09:13:47.660+0000] {logging_mixin.py:190} INFO - [2025-02-21T09:13:47.658+0000] {dagbag.py:588} INFO - Filling up the DagBag from /opt/airflow/dags/hello_airflow.py
[2025-02-21T09:13:47.717+0000] {processor.py:925} INFO - DAG(s) 'hello_airflow' retrieved from /opt/airflow/dags/hello_airflow.py
[2025-02-21T09:13:47.781+0000] {logging_mixin.py:190} INFO - [2025-02-21T09:13:47.780+0000] {dag.py:3239} INFO - Sync 1 DAGs
[2025-02-21T09:13:47.861+0000] {logging_mixin.py:190} INFO - [2025-02-21T09:13:47.860+0000] {dag.py:4180} INFO - Setting next_dagrun for hello_airflow to 2025-02-19 10:00:00+00:00, run_after=2025-02-20 10:00:00+00:00
[2025-02-21T09:13:47.950+0000] {processor.py:208} INFO - Processing /opt/airflow/dags/hello_airflow.py took 0.328 seconds
[2025-02-21T09:14:18.266+0000] {processor.py:186} INFO - Started process (PID=57) to work on /opt/airflow/dags/hello_airflow.py
[2025-02-21T09:14:18.268+0000] {processor.py:914} INFO - Processing file /opt/airflow/dags/hello_airflow.py for tasks to queue
[2025-02-21T09:14:18.273+0000] {logging_mixin.py:190} INFO - [2025-02-21T09:14:18.273+0000] {dagbag.py:588} INFO - Filling up the DagBag from /opt/airflow/dags/hello_airflow.py
[2025-02-21T09:14:18.302+0000] {processor.py:925} INFO - DAG(s) 'hello_airflow' retrieved from /opt/airflow/dags/hello_airflow.py
[2025-02-21T09:14:18.334+0000] {logging_mixin.py:190} INFO - [2025-02-21T09:14:18.334+0000] {dag.py:3239} INFO - Sync 1 DAGs
[2025-02-21T09:14:18.366+0000] {logging_mixin.py:190} INFO - [2025-02-21T09:14:18.366+0000] {dag.py:4180} INFO - Setting next_dagrun for hello_airflow to 2025-02-19 10:00:00+00:00, run_after=2025-02-20 10:00:00+00:00
[2025-02-21T09:14:18.405+0000] {processor.py:208} INFO - Processing /opt/airflow/dags/hello_airflow.py took 0.151 seconds
[2025-02-21T09:14:48.648+0000] {processor.py:186} INFO - Started process (PID=58) to work on /opt/airflow/dags/hello_airflow.py
[2025-02-21T09:14:48.652+0000] {processor.py:914} INFO - Processing file /opt/airflow/dags/hello_airflow.py for tasks to queue
[2025-02-21T09:14:48.658+0000] {logging_mixin.py:190} INFO - [2025-02-21T09:14:48.657+0000] {dagbag.py:588} INFO - Filling up the DagBag from /opt/airflow/dags/hello_airflow.py
[2025-02-21T09:14:48.708+0000] {processor.py:925} INFO - DAG(s) 'hello_airflow' retrieved from /opt/airflow/dags/hello_airflow.py
[2025-02-21T09:14:48.774+0000] {logging_mixin.py:190} INFO - [2025-02-21T09:14:48.774+0000] {dag.py:3239} INFO - Sync 1 DAGs
[2025-02-21T09:14:48.851+0000] {logging_mixin.py:190} INFO - [2025-02-21T09:14:48.850+0000] {dag.py:4180} INFO - Setting next_dagrun for hello_airflow to 2025-02-19 10:00:00+00:00, run_after=2025-02-20 10:00:00+00:00
[2025-02-21T09:14:48.924+0000] {processor.py:208} INFO - Processing /opt/airflow/dags/hello_airflow.py took 0.296 seconds
[2025-02-21T09:15:19.269+0000] {processor.py:186} INFO - Started process (PID=59) to work on /opt/airflow/dags/hello_airflow.py
[2025-02-21T09:15:19.271+0000] {processor.py:914} INFO - Processing file /opt/airflow/dags/hello_airflow.py for tasks to queue
[2025-02-21T09:15:19.275+0000] {logging_mixin.py:190} INFO - [2025-02-21T09:15:19.274+0000] {dagbag.py:588} INFO - Filling up the DagBag from /opt/airflow/dags/hello_airflow.py
[2025-02-21T09:15:19.307+0000] {processor.py:925} INFO - DAG(s) 'hello_airflow' retrieved from /opt/airflow/dags/hello_airflow.py
[2025-02-21T09:15:19.347+0000] {logging_mixin.py:190} INFO - [2025-02-21T09:15:19.347+0000] {dag.py:3239} INFO - Sync 1 DAGs
[2025-02-21T09:15:19.382+0000] {logging_mixin.py:190} INFO - [2025-02-21T09:15:19.382+0000] {dag.py:4180} INFO - Setting next_dagrun for hello_airflow to 2025-02-19 10:00:00+00:00, run_after=2025-02-20 10:00:00+00:00
[2025-02-21T09:15:19.421+0000] {processor.py:208} INFO - Processing /opt/airflow/dags/hello_airflow.py took 0.166 seconds
[2025-02-21T09:15:49.641+0000] {processor.py:186} INFO - Started process (PID=60) to work on /opt/airflow/dags/hello_airflow.py
[2025-02-21T09:15:49.643+0000] {processor.py:914} INFO - Processing file /opt/airflow/dags/hello_airflow.py for tasks to queue
[2025-02-21T09:15:49.648+0000] {logging_mixin.py:190} INFO - [2025-02-21T09:15:49.647+0000] {dagbag.py:588} INFO - Filling up the DagBag from /opt/airflow/dags/hello_airflow.py
[2025-02-21T09:15:49.672+0000] {processor.py:925} INFO - DAG(s) 'hello_airflow' retrieved from /opt/airflow/dags/hello_airflow.py
[2025-02-21T09:15:49.705+0000] {logging_mixin.py:190} INFO - [2025-02-21T09:15:49.704+0000] {dag.py:3239} INFO - Sync 1 DAGs
[2025-02-21T09:15:49.740+0000] {logging_mixin.py:190} INFO - [2025-02-21T09:15:49.740+0000] {dag.py:4180} INFO - Setting next_dagrun for hello_airflow to 2025-02-19 10:00:00+00:00, run_after=2025-02-20 10:00:00+00:00
[2025-02-21T09:15:49.776+0000] {processor.py:208} INFO - Processing /opt/airflow/dags/hello_airflow.py took 0.142 seconds
[2025-02-21T12:16:02.886+0000] {processor.py:186} INFO - Started process (PID=61) to work on /opt/airflow/dags/hello_airflow.py
[2025-02-21T12:16:02.888+0000] {processor.py:914} INFO - Processing file /opt/airflow/dags/hello_airflow.py for tasks to queue
[2025-02-21T12:16:02.901+0000] {logging_mixin.py:190} INFO - [2025-02-21T12:16:02.892+0000] {dagbag.py:588} INFO - Filling up the DagBag from /opt/airflow/dags/hello_airflow.py
[2025-02-21T12:16:02.977+0000] {processor.py:925} INFO - DAG(s) 'hello_airflow' retrieved from /opt/airflow/dags/hello_airflow.py
[2025-02-21T12:16:03.094+0000] {logging_mixin.py:190} INFO - [2025-02-21T12:16:03.094+0000] {dag.py:3239} INFO - Sync 1 DAGs
[2025-02-21T12:16:03.240+0000] {logging_mixin.py:190} INFO - [2025-02-21T12:16:03.240+0000] {dag.py:4180} INFO - Setting next_dagrun for hello_airflow to 2025-02-20 10:00:00+00:00, run_after=2025-02-21 10:00:00+00:00
[2025-02-21T12:16:03.329+0000] {processor.py:208} INFO - Processing /opt/airflow/dags/hello_airflow.py took 0.476 seconds
