[2025-02-21T08:39:29.237+0000] {manager.py:483} INFO - Processing files using up to 1 processes at a time 
[2025-02-21T08:39:29.239+0000] {manager.py:484} INFO - Process each file at most once every 30 seconds
[2025-02-21T08:39:29.240+0000] {manager.py:485} INFO - Checking for new files in /opt/airflow/dags every 300 seconds
[2025-02-21T08:39:29.241+0000] {manager.py:821} INFO - Searching for files in /opt/airflow/dags
[2025-02-21T08:39:29.247+0000] {manager.py:824} INFO - There are 0 files in /opt/airflow/dags
[2025-02-21T08:44:29.389+0000] {manager.py:821} INFO - Searching for files in /opt/airflow/dags
[2025-02-21T08:44:29.404+0000] {manager.py:824} INFO - There are 0 files in /opt/airflow/dags
[2025-02-21T08:49:29.395+0000] {manager.py:821} INFO - Searching for files in /opt/airflow/dags
[2025-02-21T08:49:29.411+0000] {manager.py:824} INFO - There are 0 files in /opt/airflow/dags
[2025-02-21T08:54:30.248+0000] {manager.py:821} INFO - Searching for files in /opt/airflow/dags
[2025-02-21T08:54:30.254+0000] {manager.py:824} INFO - There are 0 files in /opt/airflow/dags
[2025-02-21T08:59:30.612+0000] {manager.py:821} INFO - Searching for files in /opt/airflow/dags
[2025-02-21T08:59:30.657+0000] {manager.py:824} INFO - There are 1 files in /opt/airflow/dags
[2025-02-21T08:59:50.683+0000] {manager.py:997} INFO - 
================================================================================
DAG File Processing Stats

File Path                           PID    Runtime      # DAGs    # Errors  Last Runtime    Last Run               Last # of DB Queries
----------------------------------  -----  ---------  --------  ----------  --------------  -------------------  ----------------------
/opt/airflow/dags/hello_airflow.py                           1           0  0.81s           2025-02-21T08:59:31                      41
================================================================================
[2025-02-21T09:00:20.685+0000] {manager.py:997} INFO - 
================================================================================
DAG File Processing Stats

File Path                           PID    Runtime      # DAGs    # Errors  Last Runtime    Last Run               Last # of DB Queries
----------------------------------  -----  ---------  --------  ----------  --------------  -------------------  ----------------------
/opt/airflow/dags/hello_airflow.py                           1           0  0.58s           2025-02-21T09:00:02                      12
================================================================================
[2025-02-21T09:00:51.448+0000] {manager.py:997} INFO - 
================================================================================
DAG File Processing Stats

File Path                           PID    Runtime      # DAGs    # Errors  Last Runtime    Last Run               Last # of DB Queries
----------------------------------  -----  ---------  --------  ----------  --------------  -------------------  ----------------------
/opt/airflow/dags/hello_airflow.py                           1           0  0.31s           2025-02-21T09:00:32                      12
================================================================================
[2025-02-21T09:01:22.134+0000] {manager.py:997} INFO - 
================================================================================
DAG File Processing Stats

File Path                           PID    Runtime      # DAGs    # Errors  Last Runtime    Last Run               Last # of DB Queries
----------------------------------  -----  ---------  --------  ----------  --------------  -------------------  ----------------------
/opt/airflow/dags/hello_airflow.py                           1           0  0.31s           2025-02-21T09:01:03                      12
================================================================================
[2025-02-21T09:01:52.741+0000] {manager.py:997} INFO - 
================================================================================
DAG File Processing Stats

File Path                           PID    Runtime      # DAGs    # Errors  Last Runtime    Last Run               Last # of DB Queries
----------------------------------  -----  ---------  --------  ----------  --------------  -------------------  ----------------------
/opt/airflow/dags/hello_airflow.py                           1           0  0.21s           2025-02-21T09:01:34                      12
================================================================================
[2025-02-21T09:02:22.916+0000] {manager.py:997} INFO - 
================================================================================
DAG File Processing Stats

File Path                           PID    Runtime      # DAGs    # Errors  Last Runtime    Last Run               Last # of DB Queries
----------------------------------  -----  ---------  --------  ----------  --------------  -------------------  ----------------------
/opt/airflow/dags/hello_airflow.py                           1           0  0.52s           2025-02-21T09:02:04                      12
================================================================================
[2025-02-21T09:02:53.088+0000] {manager.py:997} INFO - 
================================================================================
DAG File Processing Stats

File Path                           PID    Runtime      # DAGs    # Errors  Last Runtime    Last Run               Last # of DB Queries
----------------------------------  -----  ---------  --------  ----------  --------------  -------------------  ----------------------
/opt/airflow/dags/hello_airflow.py                           1           0  0.31s           2025-02-21T09:02:35                      12
================================================================================
[2025-02-21T09:03:23.299+0000] {manager.py:997} INFO - 
================================================================================
DAG File Processing Stats

File Path                           PID    Runtime      # DAGs    # Errors  Last Runtime    Last Run               Last # of DB Queries
----------------------------------  -----  ---------  --------  ----------  --------------  -------------------  ----------------------
/opt/airflow/dags/hello_airflow.py                           1           0  0.31s           2025-02-21T09:03:06                      12
================================================================================
[2025-02-21T09:03:53.513+0000] {manager.py:997} INFO - 
================================================================================
DAG File Processing Stats

File Path                           PID    Runtime      # DAGs    # Errors  Last Runtime    Last Run               Last # of DB Queries
----------------------------------  -----  ---------  --------  ----------  --------------  -------------------  ----------------------
/opt/airflow/dags/hello_airflow.py                           1           0  0.31s           2025-02-21T09:03:36                      12
================================================================================
[2025-02-21T09:04:23.802+0000] {manager.py:997} INFO - 
================================================================================
DAG File Processing Stats

File Path                           PID    Runtime      # DAGs    # Errors  Last Runtime    Last Run               Last # of DB Queries
----------------------------------  -----  ---------  --------  ----------  --------------  -------------------  ----------------------
/opt/airflow/dags/hello_airflow.py                           1           0  0.31s           2025-02-21T09:04:07                      12
================================================================================
[2025-02-21T09:04:31.494+0000] {manager.py:821} INFO - Searching for files in /opt/airflow/dags
[2025-02-21T09:04:31.535+0000] {manager.py:824} INFO - There are 1 files in /opt/airflow/dags
[2025-02-21T09:04:54.065+0000] {manager.py:997} INFO - 
================================================================================
DAG File Processing Stats

File Path                           PID    Runtime      # DAGs    # Errors  Last Runtime    Last Run               Last # of DB Queries
----------------------------------  -----  ---------  --------  ----------  --------------  -------------------  ----------------------
/opt/airflow/dags/hello_airflow.py                           1           0  0.51s           2025-02-21T09:04:38                      12
================================================================================
[2025-02-21T09:05:24.226+0000] {manager.py:997} INFO - 
================================================================================
DAG File Processing Stats

File Path                           PID    Runtime      # DAGs    # Errors  Last Runtime    Last Run               Last # of DB Queries
----------------------------------  -----  ---------  --------  ----------  --------------  -------------------  ----------------------
/opt/airflow/dags/hello_airflow.py                           1           0  0.44s           2025-02-21T09:05:08                      12
================================================================================
[2025-02-21T09:05:54.371+0000] {manager.py:997} INFO - 
================================================================================
DAG File Processing Stats

File Path                           PID    Runtime      # DAGs    # Errors  Last Runtime    Last Run               Last # of DB Queries
----------------------------------  -----  ---------  --------  ----------  --------------  -------------------  ----------------------
/opt/airflow/dags/hello_airflow.py                           1           0  0.20s           2025-02-21T09:05:39                      12
================================================================================
[2025-02-21T09:06:24.759+0000] {manager.py:997} INFO - 
================================================================================
DAG File Processing Stats

File Path                           PID    Runtime      # DAGs    # Errors  Last Runtime    Last Run               Last # of DB Queries
----------------------------------  -----  ---------  --------  ----------  --------------  -------------------  ----------------------
/opt/airflow/dags/hello_airflow.py                           1           0  0.21s           2025-02-21T09:06:09                      12
================================================================================
[2025-02-21T09:06:55.389+0000] {manager.py:997} INFO - 
================================================================================
DAG File Processing Stats

File Path                           PID    Runtime      # DAGs    # Errors  Last Runtime    Last Run               Last # of DB Queries
----------------------------------  -----  ---------  --------  ----------  --------------  -------------------  ----------------------
/opt/airflow/dags/hello_airflow.py                           1           0  0.41s           2025-02-21T09:06:40                      12
================================================================================
[2025-02-21T09:07:25.608+0000] {manager.py:997} INFO - 
================================================================================
DAG File Processing Stats

File Path                           PID    Runtime      # DAGs    # Errors  Last Runtime    Last Run               Last # of DB Queries
----------------------------------  -----  ---------  --------  ----------  --------------  -------------------  ----------------------
/opt/airflow/dags/hello_airflow.py                           1           0  0.31s           2025-02-21T09:07:10                      12
================================================================================
[2025-02-21T09:07:56.507+0000] {manager.py:997} INFO - 
================================================================================
DAG File Processing Stats

File Path                           PID    Runtime      # DAGs    # Errors  Last Runtime    Last Run               Last # of DB Queries
----------------------------------  -----  ---------  --------  ----------  --------------  -------------------  ----------------------
/opt/airflow/dags/hello_airflow.py                           1           0  0.52s           2025-02-21T09:07:41                      12
================================================================================
[2025-02-21T09:08:27.239+0000] {manager.py:997} INFO - 
================================================================================
DAG File Processing Stats

File Path                           PID    Runtime      # DAGs    # Errors  Last Runtime    Last Run               Last # of DB Queries
----------------------------------  -----  ---------  --------  ----------  --------------  -------------------  ----------------------
/opt/airflow/dags/hello_airflow.py                           1           0  0.41s           2025-02-21T09:08:12                      12
================================================================================
[2025-02-21T09:08:57.716+0000] {manager.py:997} INFO - 
================================================================================
DAG File Processing Stats

File Path                           PID    Runtime      # DAGs    # Errors  Last Runtime    Last Run               Last # of DB Queries
----------------------------------  -----  ---------  --------  ----------  --------------  -------------------  ----------------------
/opt/airflow/dags/hello_airflow.py                           1           0  0.32s           2025-02-21T09:08:42                      12
================================================================================
[2025-02-21T09:09:28.205+0000] {manager.py:997} INFO - 
================================================================================
DAG File Processing Stats

File Path                           PID    Runtime      # DAGs    # Errors  Last Runtime    Last Run               Last # of DB Queries
----------------------------------  -----  ---------  --------  ----------  --------------  -------------------  ----------------------
/opt/airflow/dags/hello_airflow.py                           1           0  0.31s           2025-02-21T09:09:13                      12
================================================================================
[2025-02-21T09:09:31.581+0000] {manager.py:821} INFO - Searching for files in /opt/airflow/dags
[2025-02-21T09:09:31.640+0000] {manager.py:824} INFO - There are 1 files in /opt/airflow/dags
[2025-02-21T09:09:58.369+0000] {manager.py:997} INFO - 
================================================================================
DAG File Processing Stats

File Path                           PID    Runtime      # DAGs    # Errors  Last Runtime    Last Run               Last # of DB Queries
----------------------------------  -----  ---------  --------  ----------  --------------  -------------------  ----------------------
/opt/airflow/dags/hello_airflow.py                           1           0  0.31s           2025-02-21T09:09:43                      12
================================================================================
[2025-02-21T09:10:29.048+0000] {manager.py:997} INFO - 
================================================================================
DAG File Processing Stats

File Path                           PID    Runtime      # DAGs    # Errors  Last Runtime    Last Run               Last # of DB Queries
----------------------------------  -----  ---------  --------  ----------  --------------  -------------------  ----------------------
/opt/airflow/dags/hello_airflow.py                           1           0  0.50s           2025-02-21T09:10:14                      12
================================================================================
[2025-02-21T09:10:59.871+0000] {manager.py:997} INFO - 
================================================================================
DAG File Processing Stats

File Path                           PID    Runtime      # DAGs    # Errors  Last Runtime    Last Run               Last # of DB Queries
----------------------------------  -----  ---------  --------  ----------  --------------  -------------------  ----------------------
/opt/airflow/dags/hello_airflow.py                           1           0  0.41s           2025-02-21T09:10:44                      12
================================================================================
[2025-02-21T09:11:30.202+0000] {manager.py:997} INFO - 
================================================================================
DAG File Processing Stats

File Path                           PID    Runtime      # DAGs    # Errors  Last Runtime    Last Run               Last # of DB Queries
----------------------------------  -----  ---------  --------  ----------  --------------  -------------------  ----------------------
/opt/airflow/dags/hello_airflow.py                           1           0  0.52s           2025-02-21T09:11:15                      12
================================================================================
[2025-02-21T09:12:00.927+0000] {manager.py:997} INFO - 
================================================================================
DAG File Processing Stats

File Path                           PID    Runtime      # DAGs    # Errors  Last Runtime    Last Run               Last # of DB Queries
----------------------------------  -----  ---------  --------  ----------  --------------  -------------------  ----------------------
/opt/airflow/dags/hello_airflow.py                           1           0  0.21s           2025-02-21T09:11:45                      12
================================================================================
[2025-02-21T09:12:31.565+0000] {manager.py:997} INFO - 
================================================================================
DAG File Processing Stats

File Path                           PID    Runtime      # DAGs    # Errors  Last Runtime    Last Run               Last # of DB Queries
----------------------------------  -----  ---------  --------  ----------  --------------  -------------------  ----------------------
/opt/airflow/dags/hello_airflow.py                           1           0  0.41s           2025-02-21T09:12:16                      12
================================================================================
[2025-02-21T09:13:01.608+0000] {manager.py:997} INFO - 
================================================================================
DAG File Processing Stats

File Path                           PID    Runtime      # DAGs    # Errors  Last Runtime    Last Run               Last # of DB Queries
----------------------------------  -----  ---------  --------  ----------  --------------  -------------------  ----------------------
/opt/airflow/dags/hello_airflow.py                           1           0  0.32s           2025-02-21T09:12:47                      12
================================================================================
[2025-02-21T09:13:32.395+0000] {manager.py:997} INFO - 
================================================================================
DAG File Processing Stats

File Path                           PID    Runtime      # DAGs    # Errors  Last Runtime    Last Run               Last # of DB Queries
----------------------------------  -----  ---------  --------  ----------  --------------  -------------------  ----------------------
/opt/airflow/dags/hello_airflow.py                           1           0  0.21s           2025-02-21T09:13:17                      12
================================================================================
[2025-02-21T09:14:03.070+0000] {manager.py:997} INFO - 
================================================================================
DAG File Processing Stats

File Path                           PID    Runtime      # DAGs    # Errors  Last Runtime    Last Run               Last # of DB Queries
----------------------------------  -----  ---------  --------  ----------  --------------  -------------------  ----------------------
/opt/airflow/dags/hello_airflow.py                           1           0  0.42s           2025-02-21T09:13:47                      12
================================================================================
[2025-02-21T09:14:32.592+0000] {manager.py:821} INFO - Searching for files in /opt/airflow/dags
[2025-02-21T09:14:32.715+0000] {manager.py:824} INFO - There are 1 files in /opt/airflow/dags
[2025-02-21T09:14:33.479+0000] {manager.py:997} INFO - 
================================================================================
DAG File Processing Stats

File Path                           PID    Runtime      # DAGs    # Errors  Last Runtime    Last Run               Last # of DB Queries
----------------------------------  -----  ---------  --------  ----------  --------------  -------------------  ----------------------
/opt/airflow/dags/hello_airflow.py                           1           0  0.22s           2025-02-21T09:14:18                      12
================================================================================
[2025-02-21T09:15:03.508+0000] {manager.py:997} INFO - 
================================================================================
DAG File Processing Stats

File Path                           PID    Runtime      # DAGs    # Errors  Last Runtime    Last Run               Last # of DB Queries
----------------------------------  -----  ---------  --------  ----------  --------------  -------------------  ----------------------
/opt/airflow/dags/hello_airflow.py                           1           0  0.41s           2025-02-21T09:14:49                      12
================================================================================
[2025-02-21T09:15:33.992+0000] {manager.py:997} INFO - 
================================================================================
DAG File Processing Stats

File Path                           PID    Runtime      # DAGs    # Errors  Last Runtime    Last Run               Last # of DB Queries
----------------------------------  -----  ---------  --------  ----------  --------------  -------------------  ----------------------
/opt/airflow/dags/hello_airflow.py                           1           0  0.31s           2025-02-21T09:15:19                      12
================================================================================
[2025-02-21T12:16:01.442+0000] {manager.py:997} INFO - 
================================================================================
DAG File Processing Stats

File Path                           PID    Runtime      # DAGs    # Errors  Last Runtime    Last Run               Last # of DB Queries
----------------------------------  -----  ---------  --------  ----------  --------------  -------------------  ----------------------
/opt/airflow/dags/hello_airflow.py                           1           0  0.20s           2025-02-21T09:15:49                      12
================================================================================
[2025-02-21T12:16:02.684+0000] {manager.py:821} INFO - Searching for files in /opt/airflow/dags
[2025-02-21T12:16:02.720+0000] {manager.py:824} INFO - There are 1 files in /opt/airflow/dags
[2025-02-22T06:08:50.655+0000] {manager.py:997} INFO - 
================================================================================
DAG File Processing Stats

File Path                           PID    Runtime      # DAGs    # Errors  Last Runtime    Last Run               Last # of DB Queries
----------------------------------  -----  ---------  --------  ----------  --------------  -------------------  ----------------------
/opt/airflow/dags/hello_airflow.py                           1           0  0.53s           2025-02-21T12:16:03                      12
================================================================================
[2025-02-22T06:08:52.999+0000] {manager.py:821} INFO - Searching for files in /opt/airflow/dags
[2025-02-22T06:09:04.690+0000] {manager.py:824} INFO - There are 1 files in /opt/airflow/dags
[2025-02-22T06:09:22.661+0000] {manager.py:997} INFO - 
================================================================================
DAG File Processing Stats

File Path                           PID    Runtime      # DAGs    # Errors  Last Runtime    Last Run               Last # of DB Queries
----------------------------------  -----  ---------  --------  ----------  --------------  -------------------  ----------------------
/opt/airflow/dags/hello_airflow.py                           1           0  7.86s           2025-02-22T06:09:15                      12
================================================================================
[2025-02-22T06:09:52.955+0000] {manager.py:997} INFO - 
================================================================================
DAG File Processing Stats

File Path                           PID    Runtime      # DAGs    # Errors  Last Runtime    Last Run               Last # of DB Queries
----------------------------------  -----  ---------  --------  ----------  --------------  -------------------  ----------------------
/opt/airflow/dags/hello_airflow.py                           1           0  0.81s           2025-02-22T06:09:46                      12
================================================================================
[2025-02-22T06:10:23.147+0000] {manager.py:997} INFO - 
================================================================================
DAG File Processing Stats

File Path                           PID    Runtime      # DAGs    # Errors  Last Runtime    Last Run               Last # of DB Queries
----------------------------------  -----  ---------  --------  ----------  --------------  -------------------  ----------------------
/opt/airflow/dags/hello_airflow.py                           1           0  0.71s           2025-02-22T06:10:08                      12
================================================================================
[2025-02-22T06:10:54.271+0000] {manager.py:997} INFO - 
================================================================================
DAG File Processing Stats

File Path                           PID    Runtime      # DAGs    # Errors  Last Runtime    Last Run               Last # of DB Queries
----------------------------------  -----  ---------  --------  ----------  --------------  -------------------  ----------------------
/opt/airflow/dags/hello_airflow.py                           1           0  0.81s           2025-02-22T06:10:40                      12
================================================================================
[2025-02-22T06:11:25.224+0000] {manager.py:997} INFO - 
================================================================================
DAG File Processing Stats

File Path                           PID    Runtime      # DAGs    # Errors  Last Runtime    Last Run               Last # of DB Queries
----------------------------------  -----  ---------  --------  ----------  --------------  -------------------  ----------------------
/opt/airflow/dags/hello_airflow.py                           1           0  0.31s           2025-02-22T06:11:11                      12
================================================================================
[2025-02-22T06:11:55.238+0000] {manager.py:997} INFO - 
================================================================================
DAG File Processing Stats

File Path                           PID    Runtime      # DAGs    # Errors  Last Runtime    Last Run               Last # of DB Queries
----------------------------------  -----  ---------  --------  ----------  --------------  -------------------  ----------------------
/opt/airflow/dags/hello_airflow.py                           1           0  0.31s           2025-02-22T06:11:41                      12
================================================================================
[2025-02-22T06:12:25.490+0000] {manager.py:997} INFO - 
================================================================================
DAG File Processing Stats

File Path                           PID    Runtime      # DAGs    # Errors  Last Runtime    Last Run               Last # of DB Queries
----------------------------------  -----  ---------  --------  ----------  --------------  -------------------  ----------------------
/opt/airflow/dags/hello_airflow.py                           1           0  0.84s           2025-02-22T06:12:12                      12
================================================================================
[2025-02-22T06:12:56.153+0000] {manager.py:997} INFO - 
================================================================================
DAG File Processing Stats

File Path                           PID    Runtime      # DAGs    # Errors  Last Runtime    Last Run               Last # of DB Queries
----------------------------------  -----  ---------  --------  ----------  --------------  -------------------  ----------------------
/opt/airflow/dags/hello_airflow.py                           1           0  2.89s           2025-02-22T06:12:47                      12
================================================================================
[2025-02-22T06:13:26.819+0000] {manager.py:997} INFO - 
================================================================================
DAG File Processing Stats

File Path                           PID    Runtime      # DAGs    # Errors  Last Runtime    Last Run               Last # of DB Queries
----------------------------------  -----  ---------  --------  ----------  --------------  -------------------  ----------------------
/opt/airflow/dags/hello_airflow.py                           1           0  1.68s           2025-02-22T06:13:19                      12
================================================================================
[2025-02-22T06:13:53.725+0000] {manager.py:821} INFO - Searching for files in /opt/airflow/dags
[2025-02-22T06:13:53.756+0000] {manager.py:824} INFO - There are 1 files in /opt/airflow/dags
[2025-02-22T06:13:57.449+0000] {manager.py:997} INFO - 
================================================================================
DAG File Processing Stats

File Path                           PID    Runtime      # DAGs    # Errors  Last Runtime    Last Run               Last # of DB Queries
----------------------------------  -----  ---------  --------  ----------  --------------  -------------------  ----------------------
/opt/airflow/dags/hello_airflow.py                           1           0  0.51s           2025-02-22T06:13:50                      12
================================================================================
[2025-02-22T06:14:28.436+0000] {manager.py:997} INFO - 
================================================================================
DAG File Processing Stats

File Path                           PID    Runtime      # DAGs    # Errors  Last Runtime    Last Run               Last # of DB Queries
----------------------------------  -----  ---------  --------  ----------  --------------  -------------------  ----------------------
/opt/airflow/dags/hello_airflow.py                           1           0  0.41s           2025-02-22T06:14:21                      12
================================================================================
[2025-02-22T06:14:59.289+0000] {manager.py:997} INFO - 
================================================================================
DAG File Processing Stats

File Path                           PID    Runtime      # DAGs    # Errors  Last Runtime    Last Run               Last # of DB Queries
----------------------------------  -----  ---------  --------  ----------  --------------  -------------------  ----------------------
/opt/airflow/dags/hello_airflow.py                           1           0  0.51s           2025-02-22T06:14:52                      12
================================================================================
[2025-02-22T06:15:30.008+0000] {manager.py:997} INFO - 
================================================================================
DAG File Processing Stats

File Path                           PID    Runtime      # DAGs    # Errors  Last Runtime    Last Run               Last # of DB Queries
----------------------------------  -----  ---------  --------  ----------  --------------  -------------------  ----------------------
/opt/airflow/dags/hello_airflow.py                           1           0  0.62s           2025-02-22T06:15:23                      12
================================================================================
[2025-02-22T06:16:00.611+0000] {manager.py:997} INFO - 
================================================================================
DAG File Processing Stats

File Path                           PID    Runtime      # DAGs    # Errors  Last Runtime    Last Run               Last # of DB Queries
----------------------------------  -----  ---------  --------  ----------  --------------  -------------------  ----------------------
/opt/airflow/dags/hello_airflow.py                           1           0  0.31s           2025-02-22T06:15:53                      12
================================================================================
[2025-02-22T06:16:31.236+0000] {manager.py:997} INFO - 
================================================================================
DAG File Processing Stats

File Path                           PID    Runtime      # DAGs    # Errors  Last Runtime    Last Run               Last # of DB Queries
----------------------------------  -----  ---------  --------  ----------  --------------  -------------------  ----------------------
/opt/airflow/dags/hello_airflow.py                           1           0  0.21s           2025-02-22T06:16:23                      12
================================================================================
[2025-02-22T06:17:01.717+0000] {manager.py:997} INFO - 
================================================================================
DAG File Processing Stats

File Path                           PID    Runtime      # DAGs    # Errors  Last Runtime    Last Run               Last # of DB Queries
----------------------------------  -----  ---------  --------  ----------  --------------  -------------------  ----------------------
/opt/airflow/dags/hello_airflow.py                           1           0  0.21s           2025-02-22T06:16:54                      12
================================================================================
[2025-02-22T06:17:32.281+0000] {manager.py:997} INFO - 
================================================================================
DAG File Processing Stats

File Path                           PID    Runtime      # DAGs    # Errors  Last Runtime    Last Run               Last # of DB Queries
----------------------------------  -----  ---------  --------  ----------  --------------  -------------------  ----------------------
/opt/airflow/dags/hello_airflow.py                           1           0  0.21s           2025-02-22T06:17:24                      12
================================================================================
[2025-02-22T06:18:02.855+0000] {manager.py:997} INFO - 
================================================================================
DAG File Processing Stats

File Path                           PID    Runtime      # DAGs    # Errors  Last Runtime    Last Run               Last # of DB Queries
----------------------------------  -----  ---------  --------  ----------  --------------  -------------------  ----------------------
/opt/airflow/dags/hello_airflow.py                           1           0  0.21s           2025-02-22T06:17:54                      12
================================================================================
[2025-02-22T06:18:33.558+0000] {manager.py:997} INFO - 
================================================================================
DAG File Processing Stats

File Path                           PID    Runtime      # DAGs    # Errors  Last Runtime    Last Run               Last # of DB Queries
----------------------------------  -----  ---------  --------  ----------  --------------  -------------------  ----------------------
/opt/airflow/dags/hello_airflow.py                           1           0  0.42s           2025-02-22T06:18:25                      12
================================================================================
[2025-02-22T06:18:54.092+0000] {manager.py:821} INFO - Searching for files in /opt/airflow/dags
[2025-02-22T06:18:54.117+0000] {manager.py:824} INFO - There are 1 files in /opt/airflow/dags
[2025-02-22T06:19:04.166+0000] {manager.py:997} INFO - 
================================================================================
DAG File Processing Stats

File Path                           PID    Runtime      # DAGs    # Errors  Last Runtime    Last Run               Last # of DB Queries
----------------------------------  -----  ---------  --------  ----------  --------------  -------------------  ----------------------
/opt/airflow/dags/hello_airflow.py                           1           0  0.31s           2025-02-22T06:18:55                      12
================================================================================
[2025-02-22T06:19:34.687+0000] {manager.py:997} INFO - 
================================================================================
DAG File Processing Stats

File Path                           PID    Runtime      # DAGs    # Errors  Last Runtime    Last Run               Last # of DB Queries
----------------------------------  -----  ---------  --------  ----------  --------------  -------------------  ----------------------
/opt/airflow/dags/hello_airflow.py                           1           0  0.31s           2025-02-22T06:19:26                      12
================================================================================
[2025-02-22T06:20:05.185+0000] {manager.py:997} INFO - 
================================================================================
DAG File Processing Stats

File Path                           PID    Runtime      # DAGs    # Errors  Last Runtime    Last Run               Last # of DB Queries
----------------------------------  -----  ---------  --------  ----------  --------------  -------------------  ----------------------
/opt/airflow/dags/hello_airflow.py                           1           0  0.21s           2025-02-22T06:19:56                      12
================================================================================
[2025-02-22T06:20:35.697+0000] {manager.py:997} INFO - 
================================================================================
DAG File Processing Stats

File Path                           PID    Runtime      # DAGs    # Errors  Last Runtime    Last Run               Last # of DB Queries
----------------------------------  -----  ---------  --------  ----------  --------------  -------------------  ----------------------
/opt/airflow/dags/hello_airflow.py                           1           0  0.21s           2025-02-22T06:20:27                      12
================================================================================
[2025-02-22T06:21:06.179+0000] {manager.py:997} INFO - 
================================================================================
DAG File Processing Stats

File Path                           PID    Runtime      # DAGs    # Errors  Last Runtime    Last Run               Last # of DB Queries
----------------------------------  -----  ---------  --------  ----------  --------------  -------------------  ----------------------
/opt/airflow/dags/hello_airflow.py                           1           0  0.51s           2025-02-22T06:20:57                      12
================================================================================
[2025-02-22T06:21:36.862+0000] {manager.py:997} INFO - 
================================================================================
DAG File Processing Stats

File Path                           PID    Runtime      # DAGs    # Errors  Last Runtime    Last Run               Last # of DB Queries
----------------------------------  -----  ---------  --------  ----------  --------------  -------------------  ----------------------
/opt/airflow/dags/hello_airflow.py                           1           0  0.21s           2025-02-22T06:21:27                      12
================================================================================
[2025-02-22T06:22:07.401+0000] {manager.py:997} INFO - 
================================================================================
DAG File Processing Stats

File Path                           PID    Runtime      # DAGs    # Errors  Last Runtime    Last Run               Last # of DB Queries
----------------------------------  -----  ---------  --------  ----------  --------------  -------------------  ----------------------
/opt/airflow/dags/hello_airflow.py                           1           0  0.21s           2025-02-22T06:21:58                      12
================================================================================
[2025-02-22T06:22:37.922+0000] {manager.py:997} INFO - 
================================================================================
DAG File Processing Stats

File Path                           PID    Runtime      # DAGs    # Errors  Last Runtime    Last Run               Last # of DB Queries
----------------------------------  -----  ---------  --------  ----------  --------------  -------------------  ----------------------
/opt/airflow/dags/hello_airflow.py                           1           0  0.31s           2025-02-22T06:22:28                      12
================================================================================
[2025-02-22T06:23:08.390+0000] {manager.py:997} INFO - 
================================================================================
DAG File Processing Stats

File Path                           PID    Runtime      # DAGs    # Errors  Last Runtime    Last Run               Last # of DB Queries
----------------------------------  -----  ---------  --------  ----------  --------------  -------------------  ----------------------
/opt/airflow/dags/hello_airflow.py                           1           0  0.31s           2025-02-22T06:22:59                      12
================================================================================
[2025-02-22T06:23:38.862+0000] {manager.py:997} INFO - 
================================================================================
DAG File Processing Stats

File Path                           PID    Runtime      # DAGs    # Errors  Last Runtime    Last Run               Last # of DB Queries
----------------------------------  -----  ---------  --------  ----------  --------------  -------------------  ----------------------
/opt/airflow/dags/hello_airflow.py                           1           0  0.21s           2025-02-22T06:23:29                      12
================================================================================
[2025-02-22T06:23:54.339+0000] {manager.py:821} INFO - Searching for files in /opt/airflow/dags
[2025-02-22T06:23:54.370+0000] {manager.py:824} INFO - There are 1 files in /opt/airflow/dags
[2025-02-22T06:24:09.500+0000] {manager.py:997} INFO - 
================================================================================
DAG File Processing Stats

File Path                           PID    Runtime      # DAGs    # Errors  Last Runtime    Last Run               Last # of DB Queries
----------------------------------  -----  ---------  --------  ----------  --------------  -------------------  ----------------------
/opt/airflow/dags/hello_airflow.py                           1           0  0.21s           2025-02-22T06:23:59                      12
================================================================================
[2025-02-22T06:24:40.026+0000] {manager.py:997} INFO - 
================================================================================
DAG File Processing Stats

File Path                           PID    Runtime      # DAGs    # Errors  Last Runtime    Last Run               Last # of DB Queries
----------------------------------  -----  ---------  --------  ----------  --------------  -------------------  ----------------------
/opt/airflow/dags/hello_airflow.py                           1           0  0.21s           2025-02-22T06:24:30                      12
================================================================================
[2025-02-22T06:25:10.681+0000] {manager.py:997} INFO - 
================================================================================
DAG File Processing Stats

File Path                           PID    Runtime      # DAGs    # Errors  Last Runtime    Last Run               Last # of DB Queries
----------------------------------  -----  ---------  --------  ----------  --------------  -------------------  ----------------------
/opt/airflow/dags/hello_airflow.py                           1           0  0.21s           2025-02-22T06:25:00                      12
================================================================================
[2025-02-22T06:25:57.260+0000] {manager.py:483} INFO - Processing files using up to 1 processes at a time 
[2025-02-22T06:25:57.261+0000] {manager.py:484} INFO - Process each file at most once every 30 seconds
[2025-02-22T06:25:57.261+0000] {manager.py:485} INFO - Checking for new files in /opt/airflow/dags every 300 seconds
[2025-02-22T06:25:57.262+0000] {manager.py:821} INFO - Searching for files in /opt/airflow/dags
[2025-02-22T06:25:57.283+0000] {manager.py:824} INFO - There are 1 files in /opt/airflow/dags
[2025-02-22T06:25:57.573+0000] {manager.py:997} INFO - 
================================================================================
DAG File Processing Stats

File Path                           PID    Runtime      # DAGs    # Errors  Last Runtime    Last Run               Last # of DB Queries
----------------------------------  -----  ---------  --------  ----------  --------------  -------------------  ----------------------
/opt/airflow/dags/hello_airflow.py                           1           0  0.21s           2025-02-22T06:25:57                      12
================================================================================
[2025-02-22T06:26:28.789+0000] {manager.py:997} INFO - 
================================================================================
DAG File Processing Stats

File Path                           PID    Runtime      # DAGs    # Errors  Last Runtime    Last Run               Last # of DB Queries
----------------------------------  -----  ---------  --------  ----------  --------------  -------------------  ----------------------
/opt/airflow/dags/hello_airflow.py                           1           0  0.21s           2025-02-22T06:26:28                      12
================================================================================
[2025-02-22T06:26:59.386+0000] {manager.py:997} INFO - 
================================================================================
DAG File Processing Stats

File Path                           PID    Runtime      # DAGs    # Errors  Last Runtime    Last Run               Last # of DB Queries
----------------------------------  -----  ---------  --------  ----------  --------------  -------------------  ----------------------
/opt/airflow/dags/hello_airflow.py                           1           0  0.31s           2025-02-22T06:26:59                      12
================================================================================
[2025-02-22T06:27:29.773+0000] {manager.py:997} INFO - 
================================================================================
DAG File Processing Stats

File Path                           PID    Runtime      # DAGs    # Errors  Last Runtime    Last Run               Last # of DB Queries
----------------------------------  -----  ---------  --------  ----------  --------------  -------------------  ----------------------
/opt/airflow/dags/hello_airflow.py                           1           0  0.21s           2025-02-22T06:27:29                      12
================================================================================
[2025-02-22T06:28:00.244+0000] {manager.py:997} INFO - 
================================================================================
DAG File Processing Stats

File Path                           PID    Runtime      # DAGs    # Errors  Last Runtime    Last Run               Last # of DB Queries
----------------------------------  -----  ---------  --------  ----------  --------------  -------------------  ----------------------
/opt/airflow/dags/hello_airflow.py                           1           0  0.21s           2025-02-22T06:28:00                      12
================================================================================
[2025-02-22T06:28:31.138+0000] {manager.py:997} INFO - 
================================================================================
DAG File Processing Stats

File Path                           PID    Runtime      # DAGs    # Errors  Last Runtime    Last Run               Last # of DB Queries
----------------------------------  -----  ---------  --------  ----------  --------------  -------------------  ----------------------
/opt/airflow/dags/hello_airflow.py                           1           0  0.32s           2025-02-22T06:28:31                      12
================================================================================
[2025-02-22T06:29:01.509+0000] {manager.py:997} INFO - 
================================================================================
DAG File Processing Stats

File Path                           PID    Runtime      # DAGs    # Errors  Last Runtime    Last Run               Last # of DB Queries
----------------------------------  -----  ---------  --------  ----------  --------------  -------------------  ----------------------
/opt/airflow/dags/hello_airflow.py                           1           0  0.21s           2025-02-22T06:29:01                      12
================================================================================
[2025-02-22T06:29:32.710+0000] {manager.py:997} INFO - 
================================================================================
DAG File Processing Stats

File Path                           PID    Runtime      # DAGs    # Errors  Last Runtime    Last Run               Last # of DB Queries
----------------------------------  -----  ---------  --------  ----------  --------------  -------------------  ----------------------
/opt/airflow/dags/hello_airflow.py                           1           0  0.51s           2025-02-22T06:29:32                      12
================================================================================
[2025-02-22T06:30:03.200+0000] {manager.py:997} INFO - 
================================================================================
DAG File Processing Stats

File Path                           PID    Runtime      # DAGs    # Errors  Last Runtime    Last Run               Last # of DB Queries
----------------------------------  -----  ---------  --------  ----------  --------------  -------------------  ----------------------
/opt/airflow/dags/hello_airflow.py                           1           0  0.31s           2025-02-22T06:30:03                      12
================================================================================
[2025-02-22T06:31:10.616+0000] {manager.py:483} INFO - Processing files using up to 1 processes at a time 
[2025-02-22T06:31:10.619+0000] {manager.py:484} INFO - Process each file at most once every 30 seconds
[2025-02-22T06:31:10.620+0000] {manager.py:485} INFO - Checking for new files in /opt/airflow/dags every 300 seconds
[2025-02-22T06:31:10.622+0000] {manager.py:821} INFO - Searching for files in /opt/airflow/dags
[2025-02-22T06:31:10.693+0000] {manager.py:824} INFO - There are 1 files in /opt/airflow/dags
[2025-02-22T06:31:11.818+0000] {manager.py:997} INFO - 
================================================================================
DAG File Processing Stats

File Path                           PID    Runtime      # DAGs    # Errors  Last Runtime    Last Run               Last # of DB Queries
----------------------------------  -----  ---------  --------  ----------  --------------  -------------------  ----------------------
/opt/airflow/dags/hello_airflow.py                           1           0  1.01s           2025-02-22T06:31:11                      42
================================================================================
[2025-02-22T06:31:42.960+0000] {manager.py:997} INFO - 
================================================================================
DAG File Processing Stats

File Path                           PID    Runtime      # DAGs    # Errors  Last Runtime    Last Run               Last # of DB Queries
----------------------------------  -----  ---------  --------  ----------  --------------  -------------------  ----------------------
/opt/airflow/dags/hello_airflow.py                           1           0  0.21s           2025-02-22T06:31:42                      12
================================================================================
[2025-02-22T06:32:13.382+0000] {manager.py:997} INFO - 
================================================================================
DAG File Processing Stats

File Path                           PID    Runtime      # DAGs    # Errors  Last Runtime    Last Run               Last # of DB Queries
----------------------------------  -----  ---------  --------  ----------  --------------  -------------------  ----------------------
/opt/airflow/dags/hello_airflow.py                           1           0  0.21s           2025-02-22T06:32:13                      12
================================================================================
[2025-02-22T06:32:44.049+0000] {manager.py:997} INFO - 
================================================================================
DAG File Processing Stats

File Path                           PID    Runtime      # DAGs    # Errors  Last Runtime    Last Run               Last # of DB Queries
----------------------------------  -----  ---------  --------  ----------  --------------  -------------------  ----------------------
/opt/airflow/dags/hello_airflow.py                           1           0  0.21s           2025-02-22T06:32:44                      12
================================================================================
[2025-02-22T06:33:14.638+0000] {manager.py:997} INFO - 
================================================================================
DAG File Processing Stats

File Path                           PID    Runtime      # DAGs    # Errors  Last Runtime    Last Run               Last # of DB Queries
----------------------------------  -----  ---------  --------  ----------  --------------  -------------------  ----------------------
/opt/airflow/dags/hello_airflow.py                           1           0  0.31s           2025-02-22T06:33:14                      12
================================================================================
[2025-02-22T06:33:45.133+0000] {manager.py:997} INFO - 
================================================================================
DAG File Processing Stats

File Path                           PID    Runtime      # DAGs    # Errors  Last Runtime    Last Run               Last # of DB Queries
----------------------------------  -----  ---------  --------  ----------  --------------  -------------------  ----------------------
/opt/airflow/dags/hello_airflow.py                           1           0  0.31s           2025-02-22T06:33:45                      12
================================================================================
[2025-02-22T06:34:15.563+0000] {manager.py:997} INFO - 
================================================================================
DAG File Processing Stats

File Path                           PID    Runtime      # DAGs    # Errors  Last Runtime    Last Run               Last # of DB Queries
----------------------------------  -----  ---------  --------  ----------  --------------  -------------------  ----------------------
/opt/airflow/dags/hello_airflow.py                           1           0  0.21s           2025-02-22T06:34:15                      12
================================================================================
[2025-02-22T06:34:46.585+0000] {manager.py:997} INFO - 
================================================================================
DAG File Processing Stats

File Path                           PID    Runtime      # DAGs    # Errors  Last Runtime    Last Run               Last # of DB Queries
----------------------------------  -----  ---------  --------  ----------  --------------  -------------------  ----------------------
/opt/airflow/dags/hello_airflow.py                           1           0  0.42s           2025-02-22T06:34:46                      12
================================================================================
